1Base conditions for One-Point Mode  2002aug04                                    RUN-CASE   1- 0    05 Feb 22 10:38:18   PAGE=  1
0PARAMETER CHANGES
 TYPE LOC VALUE
  10   1  0.1000     one.inp
 ---- Start of one-point mode ----
 Title Line, Text transfered to output. This line must be present                
 11    Ls   Lat  Hour Elev  Alb Inerti Opac Slop_Azim  TkSur  TbPla
 11 123.1   4.1  9.40 22.2 0.17  100.0 0.10  0.0   0. 258.526 257.560
 11 320.1 -33.1 15.50 -3.1 0.15  500.1 0.55  0.0 123. 269.766 246.629
 11 100.0   7.0  4.00  0.0 0.18  500.0 0.25  0.0   0. 198.928 196.448
 11 100.0   7.0  4.00  0.0 0.18  600.0 0.25  0.0   0. 202.059 198.936
 11 100.0   7.0  4.00  0.0 0.18  700.0 0.25  0.0   0. 204.541 200.922
 11 100.0   7.0  4.00  0.0 0.18  800.0 0.25  0.0   0. 206.555 202.542
 11 200.0   7.0  4.00  0.0 0.18  500.0 0.25  0.0   0. 208.065 206.097
 11 200.0   7.0  4.00  0.0 0.18  600.0 0.25  0.0   0. 211.924 209.210
 11 200.0   7.0  4.00  0.0 0.18  700.0 0.25  0.0   0. 214.790 211.491
 11 200.0   7.0  4.00  0.0 0.18  800.0 0.25  0.0   0. 217.144 213.375
 11 300.0   7.0  4.00  0.0 0.18  500.0 0.25  0.0   0. 204.527 201.962
 11 300.0   7.0  4.00  0.0 0.18  600.0 0.25  0.0   0. 207.815 204.491
 11 300.0   7.0  4.00  0.0 0.18  700.0 0.25  0.0   0. 210.862 206.981
 11 300.0   7.0  4.00  0.0 0.18  800.0 0.25  0.0   0. 213.031 208.676


     END OF DATA ON INPUT UNIT
      END KRC
