1Base conditions for One-Point Mode  2002aug04                                    RUN-CASE   1- 0    04 Sep 28 09:37:06   PAGE=  1
0PARAMETER CHANGES
 TYPE LOC VALUE
  10   1  0.1000     one.inp
 ---- Start of one-point mode ----
 Title Line, Text transfered to output. This line must be present                
 11    Ls   Lat  Hour Elev  Alb Inerti Opac Slop_Azim  TkSur  TbPla
 11 123.1   4.1  9.40 22.2 0.17  100.0 0.10  0.0   0.  258.41534  257.58005
 11 320.1 -33.1 15.50 -3.1 0.15  500.1 0.55  0.0 123.  264.44403  248.45947
 11 135.0 -47.8  3.30  0.6 0.12  269.0 0.18  0.0   0.  153.09297  152.11807
 11 135.0 -47.8  3.30  0.6 0.12  270.5 0.18  0.0   0.  153.17050  152.18457
 11 135.0 -47.8  3.30  0.6 0.12  272.1 0.18  0.0   0.  153.25256  152.25502
 11 135.0 -47.8  3.30  0.6 0.12  273.6 0.18  0.0   0.  153.32884  152.32045
 11 135.0 -47.8  3.30  0.6 0.12  275.2 0.18  0.0   0.  153.40955  152.38972
 11 135.0 -47.8  3.30  0.6 0.12  276.7 0.18  0.0   0.  153.48465  152.45421
 11 135.0 -47.8  3.30  0.6 0.12  278.3 0.18  0.0   0.  153.56404  152.52235
 11 135.0 -47.8  3.30  0.6 0.12  279.9 0.18  0.0   0.  153.64281  152.59006
 11 135.0 -47.8  3.30  0.6 0.12  281.5 0.18  0.0   0.  153.72092  152.65714
 11 135.0 -47.8  3.30  0.6 0.12  283.0 0.18  0.0   0.  153.79355  152.71954
 11 135.0 -47.8  3.30  0.6 0.12  284.6 0.18  0.0   0.  153.87039  152.78557
 11 135.0 -47.8  3.30  0.6 0.12  285.5 0.18  0.0   0.  153.91335  152.82248
 11 135.0 -47.8  3.30  0.6 0.12  287.0 0.18  0.0   0.  153.98451  152.88365
 11 135.0 -47.8  3.30  0.6 0.12  288.6 0.18  0.0   0.  154.05986  152.94847
 11 135.0 -47.8  3.30  0.6 0.12  290.3 0.18  0.0   0.  154.13918  153.01668
 11 135.0 -47.8  3.30  0.6 0.12  292.0 0.18  0.0   0.  154.21782  153.08427
 11 135.0 -47.8  3.30  0.6 0.12  293.5 0.18  0.0   0.  154.28665  153.14352
 11 135.0 -47.8  3.30  0.6 0.12  295.2 0.18  0.0   0.  154.36409  153.21016
 11 135.0 -47.8  3.30  0.6 0.12  296.9 0.18  0.0   0.  154.44078  153.27612
 11 135.0 -47.8  3.30  0.6 0.12  298.6 0.18  0.0   0.  154.51691  153.34166
 11 135.0 -47.8  3.30  0.6 0.12  300.3 0.18  0.0   0.  154.59242  153.40669
 11 135.0 -47.8  3.30  0.6 0.12  301.9 0.18  0.0   0.  154.66278  153.46725
 11 135.0 -47.8  3.30  0.6 0.12  303.7 0.18  0.0   0.  154.74141  153.53497
 11 135.0 -47.8  3.30  0.6 0.12  305.4 0.18  0.0   0.  154.81496  153.59831
 11 135.0 -47.8  3.30  0.6 0.12  307.2 0.18  0.0   0.  154.89218  153.66483
 11 135.0 -47.8  3.30  0.6 0.12  308.8 0.18  0.0   0.  154.96028  153.72351
 11 135.0 -47.8  3.30  0.6 0.12  310.6 0.18  0.0   0.  155.03629  153.78899
 11 135.0 -47.8  3.30  0.6 0.12  312.4 0.18  0.0   0.  155.11154  153.85387
 11 135.0 -47.8  3.30  0.6 0.12  314.1 0.18  0.0   0.  155.18210  153.91470
 11 135.0 -47.8  3.30  0.6 0.12  316.0 0.18  0.0   0.  155.26028  153.98212
 11 135.0 -47.8  3.30  0.6 0.12  316.8 0.18  0.0   0.  155.29295  154.01028
 11 135.0 -47.8  3.30  0.6 0.12  318.6 0.18  0.0   0.  155.36603  154.07333
 11 135.0 -47.8  3.30  0.6 0.12  320.3 0.18  0.0   0.  155.43451  154.13237
 11 135.0 -47.8  3.30  0.6 0.12  322.1 0.18  0.0   0.  155.50641  154.19443
 11 135.0 -47.8  3.30  0.6 0.12  324.0 0.18  0.0   0.  155.58163  154.25932
 11 135.0 -47.8  3.30  0.6 0.12  325.9 0.18  0.0   0.  155.65619  154.32364
 11 135.0 -47.8  3.30  0.6 0.12  327.7 0.18  0.0   0.  155.72621  154.38411
 11 135.0 -47.8  3.30  0.6 0.12  329.5 0.18  0.0   0.  155.79564  154.44402
 11 135.0 -47.8  3.30  0.6 0.12  331.4 0.18  0.0   0.  155.86832  154.50679
 11 135.0 -47.8  3.30  0.6 0.12  333.3 0.18  0.0   0.  155.94031  154.56894
 11 135.0 -47.8  3.30  0.6 0.12  335.2 0.18  0.0   0.  156.01173  154.63065
 11 135.0 -47.8  3.30  0.6 0.12  337.0 0.18  0.0   0.  156.07883  154.68864
 11 135.0 -47.8  3.30  0.6 0.12  338.9 0.18  0.0   0.  156.14905  154.74931
 11 135.0 -47.8  3.30  0.6 0.12  340.9 0.18  0.0   0.  156.22220  154.81247
 11 135.0 -47.8  3.30  0.6 0.12  342.8 0.18  0.0   0.  156.29121  154.87216
 11 135.0 -47.8  3.30  0.6 0.12  344.6 0.18  0.0   0.  156.35599  154.92815
 11 135.0 -47.8  3.30  0.6 0.12  346.6 0.18  0.0   0.  156.42737  154.98988
 11 135.0 -47.8  3.30  0.6 0.12  348.6 0.18  0.0   0.  156.49811  155.05103
 11 135.0 -47.8  3.30  0.6 0.12  350.6 0.18  0.0   0.  156.56824  155.11171
 11 135.0 -47.8  3.30  0.6 0.12  351.5 0.18  0.0   0.  156.59953  155.13875
 11 135.0 -47.8  3.30  0.6 0.12  353.6 0.18  0.0   0.  156.67220  155.20160
 11 135.0 -47.8  3.30  0.6 0.12  355.6 0.18  0.0   0.  156.74077  155.26093
 11 135.0 -47.8  3.30  0.6 0.12  357.6 0.18  0.0   0.  156.80875  155.31978
 11 135.0 -47.8  3.30  0.6 0.12  359.5 0.18  0.0   0.  156.87274  155.37515
 11 135.0 -47.8  3.30  0.6 0.12  363.7 0.18  0.0   0.  157.01239  155.49603
 11 135.0 -47.8  3.30  0.6 0.12  365.8 0.18  0.0   0.  157.08127  155.55569
 11 135.0 -47.8  3.30  0.6 0.12  370.0 0.18  0.0   0.  157.21713  155.67336
 11 135.0 -47.8  3.40  0.6 0.12  249.5 0.14  0.0   0.  152.44524  151.65649
 11 135.0 -47.8  3.40  0.6 0.12  249.6 0.14  0.0   0.  152.45116  151.66161
 11 135.0 -47.8  3.40  0.6 0.12  251.3 0.14  0.0   0.  152.55095  151.74748
 11 135.0 -47.8  3.40  0.6 0.12  252.1 0.14  0.0   0.  152.59756  151.78758
 11 135.0 -47.8  3.40  0.6 0.12  253.0 0.14  0.0   0.  152.64983  151.83261
 11 135.0 -47.8  3.40  0.6 0.12  254.8 0.14  0.0   0.  152.75346  151.92180
 11 135.0 -47.8  3.40  0.6 0.12  255.6 0.14  0.0   0.  152.79919  151.96120
 11 135.0 -47.8  3.40  0.6 0.12  257.3 0.14  0.0   0.  152.89580  152.04442
 11 135.0 -47.8  3.40  0.6 0.12  258.2 0.14  0.0   0.  152.94655  152.08810
 11 135.0 -47.8  3.40  0.6 0.12  260.0 0.14  0.0   0.  153.04730  152.17491
 11 135.0 -47.8  3.40  0.6 0.12  260.8 0.14  0.0   0.  153.09172  152.21320
 11 135.0 -47.8  3.40  0.6 0.12  262.6 0.14  0.0   0.  153.19113  152.29892
 11 135.0 -47.8  3.40  0.6 0.12  263.6 0.14  0.0   0.  153.24590  152.34610
 11 135.0 -47.8  3.40  0.6 0.12  264.5 0.14  0.0   0.  153.29495  152.38838
 11 135.0 -47.8  3.40  0.6 0.12  266.4 0.14  0.0   0.  153.39775  152.47705
 11 135.0 -47.8  3.40  0.6 0.12  267.2 0.14  0.0   0.  153.44073  152.51414
 11 135.0 -47.8  3.40  0.6 0.12  269.0 0.14  0.0   0.  153.53677  152.59698
 11 135.0 -47.8  3.40  0.6 0.12  270.0 0.14  0.0   0.  153.58968  152.64258
 11 135.0 -47.8  3.40  0.6 0.12  271.9 0.14  0.0   0.  153.68951  152.72878
 11 135.0 -47.8  3.40  0.6 0.12  272.7 0.14  0.0   0.  153.73128  152.76483
 11 135.0 -47.8  3.40  0.6 0.12  274.6 0.14  0.0   0.  153.82964  152.84970
 11 135.0 -47.8  3.40  0.6 0.12  275.6 0.14  0.0   0.  153.88106  152.89409
 11 135.0 -47.8  3.40  0.6 0.12  276.5 0.14  0.0   0.  153.92708  152.93381
 11 135.0 -47.8  3.40  0.6 0.12  278.4 0.14  0.0   0.  154.02364  153.01726
 11 135.0 -47.8  3.40  0.6 0.12  279.4 0.14  0.0   0.  154.07405  153.06081
 11 135.0 -47.8  3.40  0.6 0.12  281.3 0.14  0.0   0.  154.16908  153.14290
 11 135.0 -47.8  3.40  0.6 0.12  282.3 0.14  0.0   0.  154.21872  153.18576
 11 135.0 -47.8  3.40  0.6 0.12  284.3 0.14  0.0   0.  154.31735  153.27106
 11 135.0 -47.8  3.40  0.6 0.12  285.2 0.14  0.0   0.  154.36127  153.30899
 11 135.0 -47.8  3.40  0.6 0.12  286.2 0.14  0.0   0.  154.40999  153.35109
 11 135.0 -47.8  3.40  0.6 0.12  288.2 0.14  0.0   0.  154.50658  153.43459
 11 135.0 -47.8  3.40  0.6 0.12  289.1 0.14  0.0   0.  154.54976  153.47195
 11 135.0 -47.8  3.40  0.6 0.12  291.1 0.14  0.0   0.  154.64496  153.55429
 11 135.0 -47.8  3.40  0.6 0.12  292.1 0.14  0.0   0.  154.69218  153.59514
 11 135.0 -47.8  3.40  0.6 0.12  294.1 0.14  0.0   0.  154.78596  153.67625
 11 135.0 -47.8  3.40  0.6 0.12  295.1 0.14  0.0   0.  154.83250  153.71654
 11 135.0 -47.8  3.40  0.6 0.12  297.1 0.14  0.0   0.  154.92487  153.79645
 11 135.0 -47.8  3.40  0.6 0.12  298.2 0.14  0.0   0.  154.97530  153.84009
 11 135.0 -47.8  3.40  0.6 0.12  299.1 0.14  0.0   0.  155.01634  153.87563
 11 135.0 -47.8  3.40  0.6 0.12  301.3 0.14  0.0   0.  155.11594  153.96190
 11 135.0 -47.8  3.40  0.6 0.12  302.3 0.14  0.0   0.  155.16080  154.00070
 11 135.0 -47.8  3.40  0.6 0.12  304.4 0.14  0.0   0.  155.25439  154.08176
 11 135.0 -47.8  3.40  0.6 0.12  305.5 0.14  0.0   0.  155.30305  154.12395
 11 135.0 -47.8  3.40  0.6 0.12  307.5 0.14  0.0   0.  155.39082  154.19998
 11 135.0 -47.8  3.40  0.6 0.12  308.5 0.14  0.0   0.  155.43440  154.23776
 11 135.0 -47.8  3.40  0.6 0.12  310.6 0.14  0.0   0.  155.52519  154.31639
 11 135.0 -47.8  3.40  0.6 0.12  311.8 0.14  0.0   0.  155.57669  154.36104
 11 135.0 -47.8  3.40  0.6 0.12  312.8 0.14  0.0   0.  155.61935  154.39803
 11 135.0 -47.8  3.40  0.6 0.12  314.9 0.14  0.0   0.  155.70831  154.47517
 11 135.0 -47.8  3.40  0.6 0.12  316.1 0.14  0.0   0.  155.75873  154.51888
 11 135.0 -47.8  3.40  0.6 0.12  318.2 0.14  0.0   0.  155.84625  154.59476
 11 135.0 -47.8  3.40  0.6 0.12  319.2 0.14  0.0   0.  155.88766  154.63071
 11 135.0 -47.8  3.40  0.6 0.12  321.4 0.14  0.0   0.  155.97803  154.70911
 11 135.0 -47.8  3.40  0.6 0.12  322.6 0.14  0.0   0.  156.02693  154.75153
 11 135.0 -47.8  3.40  0.6 0.12  324.8 0.14  0.0   0.  156.11589  154.82870


     END OF DATA ON INPUT UNIT
      END KRC
