1Input file to model subsurface temp for 300 micron and 1 mm sized particles      RUN-CASE   1- 0    05 Aug  7 12:55:22   PAGE=  1
0PARAMETER CHANGES
 TYPE LOC VALUE
   1   3   230.0     Inertia
 Changed Float: SKRC  
   8   0   0.000     /work/paarlberg/model_thermal/mtes/tmp/subsurface_230.tds
 New Disk file name= /work/paarlberg/model_thermal/mtes/tmp/subsurface_230.tds
1Input file to model subsurface temp for 300 micron and 1 mm sized particles      RUN-CASE   1- 1    05 Aug  7 12:55:22   PAGE=  2
0Input file: subsurface.inp                                                                  
 Print file: krc.prt                                                                         
 Save file: /work/paarlberg/model_thermal/mtes/tmp/subsurface_230.tds                       
0    ALBEDO     EMISS   INERTIA     COND2     DENS2    PERIOD SPEC_HEAT   DENSITY
     0.2000    1.0000  230.0000    3.4000  980.0000    1.0275  630.0000 1600.0000
0      CABR    ABRAMP    ABRPHA    PTOTAL     FANON      TATM     TDEEP   SpHeat2
     0.1800    0.0000    0.0000  689.7000    0.0550  200.0000  210.6100 1300.0000
0      TAUD     DUSTA    TAURAT     TWILI      ARC2      ARC3     SLOPE    SLOAZI
     0.5000    0.9000    0.5000      1.00      0.50      0.00       0.0     156.0
0    TFROST    CFROST    AFROST     FEMIS       AF1       AF2    FROEXT      ARC6
   148.0000  589944.0    0.6500    0.9500   0.65000    0.0010   50.0000    0.0000
0      RLAY      FLAY     CONVF     DEPTH     DRSET       DDT       GGT     FDOWN
     1.2000    0.1800    2.0000    0.0000    0.0000    0.0020    0.1000    0.0000
0      DJUL    DELJUL SOLAR DEC       DAU       L_S    SOLCON      GRAV    Atm_Cp
  13055.750   17.1750    0.0000   1.46500    0.0000 1368.0000    3.7270  860.0000
0        N1        N2        N3        N4        N5       N24        IB        IC
         19       384        10         1         1        24         0       999
0     NRSET      NMHA      NRUN     JDISK     IDOWN       I14       I15     KPREF
          3        24         1        81         0        71        68         1
0     K4OUT     JBARE     spare     spare
         51         0       100         0
0    LP1    LP2    LP3    LP4    LP5    LP6 LPGLOB   LVFA   LVFT   LD10
       F      T      T      T      T      T      T      F      F      F
0  LPORB   LKEY    LSC LNOTIF  LOCAL   LD16 LPTAVE Prt.78 Prt.79  L_ONE
       T      F      F      T      F      F      F      F      F      F

 Latitudes: 
  -14.00

 Elevations:
   -1.60
1Input file to model subsurface temp for 300 micron and 1 mm sized particles      RUN-CASE   1- 1    05 Aug  7 12:55:22   PAGE=  3
 Conductiv.= 5.248E-02  Dens*Cp= 1.008E+06  Diffu.= 5.206E-08  Scale= 3.836E-02

Center depth scale = number of diurnal skin depths
kg/m^2 = amount of material above the layers

0        ___THICKNESS____   _______CENTER_DEPTH_____ CONVERGENCE
 LAYER     scale    meter     scale    meter   kg/m^2   factor
    1    0.1800    0.0069   -0.0900   -0.0035     0.000   0.000
    2    0.2160    0.0083    0.1080    0.0041    13.256   2.851
    3    0.2592    0.0099    0.3456    0.0133    29.163   2.053
    4    0.3110    0.0119    0.6307    0.0242    48.252   2.956
    5    0.3732    0.0143    0.9729    0.0373    71.158   2.129
    6    0.4479    0.0172    1.3834    0.0531    98.646   3.065
    7    0.5375    0.0206    1.8761    0.0720   131.631   2.207
    8    0.6450    0.0247    2.4673    0.0946   171.214   3.178
    9    0.7740    0.0297    3.1768    0.1219   218.713   2.288
   10    0.9288    0.0356    4.0282    0.1545   275.711   3.295
   11    1.1145    0.0427    5.0498    0.1937   344.109   2.372
   12    1.3374    0.0513    6.2758    0.2407   426.187   3.416
   13    1.6049    0.0616    7.7469    0.2971   524.681   2.460
   14    1.9259    0.0739    9.5123    0.3649   642.873   3.542
   15    2.3111    0.0886   11.6308    0.4461   784.704   2.550
   16    2.7733    0.1064   14.1730    0.5436   954.901   3.672
   17    3.3279    0.1276   17.2235    0.6606  1159.137   5.288
   18    3.9935    0.1532   20.8843    0.8010  1404.220   7.615
   19    4.7922    0.1838   25.2771    0.9695  1698.320  10.965
0Bottom layers for time doubling:      2    4    6    8   10   12   14   19
1Input file to model subsurface temp for 300 micron and 1 mm sized particles      RUN-CASE   1- 1    05 Aug  7 12:55:22   PAGE=  4
 GLOBAL AVERAGE FROST; kg/m^2 =    0.0000
1Input file to model subsurface temp for 300 micron and 1 mm sized particles      RUN-CASE   1- 1    05 Aug  7 12:55:22   PAGE=  5
     ALBEDO     EMISS   INERTIA SOLAR DEC       DAU       L_S JULIAN DAY    J5   two from KRCCOM
     0.2000    1.0000  230.0000     -3.10   1.54008    352.70  13055.75      1  0.1306E+05 0.000    
0  LAT= -14.0  SOLAR DEC= -3.10   HALF DAY= 90.77 DEGREES   EQUILIBRIUM TEMP= 235.27


These are the values that I want to use - last day ran. Column headers are the same as the start of day table


    HOUR  FROST  X = 0.   0.004   0.024   0.053   0.095   0.155   0.241   0.365   0.544   0.801   0.970
      1   0.000   195.9   199.0   211.6   222.5   226.5   224.6   223.9   224.0   224.0   224.0   224.0   193.8
      2   0.000   194.5   197.5   209.6   220.8   225.9   224.7   223.9   224.0   224.0   224.0   224.0   192.9
      3   0.000   193.2   196.1   207.9   219.2   225.3   224.7   223.9   224.0   224.0   224.0   224.0   192.1
      4   0.000   192.0   194.8   206.3   217.7   224.5   224.8   224.0   224.0   224.0   224.0   224.0   191.3
      5   0.000   190.9   193.6   204.9   216.4   223.8   224.7   224.0   224.0   224.0   224.0   224.0   190.5
      6   0.000   190.2   192.5   203.6   215.1   223.1   224.7   224.0   224.0   224.0   224.0   224.0   189.7
      7   0.000   199.1   197.8   203.0   213.9   222.4   224.6   224.0   224.0   224.0   224.0   224.0   189.0
      8   0.000   218.0   212.4   205.8   213.0   221.6   224.5   224.1   224.0   224.0   224.0   224.0   188.6
      9   0.000   239.1   230.7   212.6   213.2   220.9   224.3   224.1   224.0   224.0   224.0   224.0   188.7
     10   0.000   257.0   247.5   221.6   214.7   220.4   224.1   224.1   224.0   224.0   224.0   224.0   189.5
     11   0.000   269.7   260.5   231.0   217.5   220.0   223.9   224.1   224.0   224.0   224.0   224.0   190.9
     12   0.000   276.9   268.9   239.3   221.1   220.1   223.7   224.1   224.0   224.0   224.0   224.0   192.7
     13   0.000   278.8   272.6   245.9   225.0   220.5   223.5   224.1   224.0   224.0   224.0   224.0   194.7
     14   0.000   275.7   271.7   250.1   228.8   221.2   223.4   224.1   224.0   224.0   224.0   224.0   196.6
     15   0.000   267.5   266.3   251.7   232.1   222.2   223.2   224.1   224.0   224.0   224.0   224.0   198.1
     16   0.000   254.5   256.3   250.7   234.6   223.4   223.2   224.1   224.0   224.0   224.0   224.0   199.0
     17   0.000   237.6   242.4   246.7   236.0   224.6   223.2   224.1   224.0   224.0   224.0   224.0   199.3
     18   0.000   221.1   227.4   240.3   236.1   225.7   223.2   224.0   224.0   224.0   224.0   224.0   199.1
     19   0.000   212.3   217.5   233.1   235.0   226.7   223.4   224.0   224.0   224.0   224.0   224.0   198.5
     20   0.000   207.6   212.1   227.3   233.0   227.3   223.5   224.0   224.0   224.0   224.0   224.0   197.8
     21   0.000   204.2   208.3   222.8   230.7   227.7   223.8   224.0   224.0   224.0   224.0   224.0   197.0
     22   0.000   201.6   205.3   219.2   228.5   227.7   224.0   224.0   224.0   224.0   224.0   224.0   196.2
     23   0.000   199.4   202.9   216.3   226.3   227.4   224.2   224.0   224.0   224.0   224.0   224.0   195.4
     24   0.000   197.5   200.8   213.7   224.3   227.0   224.4   223.9   224.0   224.0   224.0   224.0   194.5


0SURF AVE = 223.9  BOTM AVE = 224.0  DELTA T = 0.0129  NUM DAYS = 10  FROST =   0.0000
 


Below provides convergence information

AT START OF DAY
 DAY  DTMJ SUR_AVE BOT_AVE     1       2       4       6       8      10      12      14      16      18      19
   1 -1.00     0.0     0.0   235.3   235.3   235.3   235.3   235.3   235.3   235.3   235.3   235.3   235.3   235.3
   2 13.60   207.7   235.3   200.2   203.4   216.1   227.8   234.1   235.2   235.3   235.3   235.3   235.3   235.3
   3  0.96   226.5   235.3   200.5   203.8   217.5   229.2   233.6   233.1   234.5   235.2   235.3   235.3   235.3
   4  0.54   226.1   235.3   199.8   203.2   216.9   228.6   233.0   232.3   233.8   235.0   235.3   235.3   235.3
   5  0.45   225.7   235.3   199.4   202.8   216.4   228.1   232.4   231.7   233.2   234.7   235.2   235.3   235.3
   6  6.64   224.7   225.7   198.2   201.5   214.5   225.3   228.2   225.7   225.3   225.5   225.7   225.7   225.7
   7  0.69   224.3   224.7   197.9   201.2   214.1   224.8   227.6   225.0   224.6   224.7   224.7   224.7   224.7
   8  0.35   224.1   224.3   197.7   201.0   213.9   224.5   227.3   224.6   224.2   224.3   224.3   224.3   224.3
   9  0.15   224.0   224.1   197.6   200.9   213.8   224.4   227.1   224.5   224.0   224.1   224.1   224.1   224.1
  10  0.09   224.0   224.0   197.6   200.8   213.7   224.3   227.1   224.4   223.9   224.0   224.0   224.0   224.0
  11  0.01   223.9   224.0   197.5   200.8   213.7   224.3   227.0   224.4   223.9   224.0   224.0   224.0   224.0
1Input file to model subsurface temp for 300 micron and 1 mm sized particles      RUN-CASE   1- 1    05 Aug  7 12:55:22   PAGE=  6
     ALBEDO     EMISS   INERTIA SOLAR DEC       DAU       L_S JULIAN DAY    J5   two from KRCCOM
     0.2000    1.0000  230.0000     -3.10   1.54008    352.70  13055.75      1  0.1306E+05 0.000    



Only helpful if you are running and comparing different latitudes


0SURFACE TEMP VS LATITUDE AND LOCAL HOUR ANGLE
 LATITUDE = -14.0

        1HR 195.9
        2HR 194.5
        3HR 193.2
        4HR 192.0
        5HR 190.9
        6HR 190.2

        7HR 199.1
        8HR 218.0
        9HR 239.1
       10HR 257.0
       11HR 269.7
       12HR 276.9

       13HR 278.8
       14HR 275.7
       15HR 267.5
       16HR 254.5
       17HR 237.6
       18HR 221.1

       19HR 212.3
       20HR 207.6
       21HR 204.2
       22HR 201.6
       23HR 199.4
       24HR 197.5
0SURF AVE = 223.9
 BOTM AVE = 224.0
 GM FROST =   0.0
 ALB/dayF = 0.650
 T. EQUIL = 235.3
 DELTA T. =  0.01
 NUM DAYS =    10
 TS EPRED =  0.00
 TB EPRED =  0.00



These go into the Bin 51 file

1Input file to model subsurface temp for 300 micron and 1 mm sized particles      RUN-CASE   1- 1    05 Aug  7 12:55:22   PAGE=  7
     ALBEDO     EMISS   INERTIA SOLAR DEC       DAU       L_S JULIAN DAY    J5   two from KRCCOM
     0.2000    1.0000  230.0000     -3.10   1.54008    352.70  13055.75      1  0.1306E+05 0.000    
0MAXIMUM TEMPERATURE
 LAYER LAT -14.0
     1     278.8
     2     272.6
     3     261.7
     4     251.7
     5     243.1
     6     236.1
     7     231.1
     8     227.7
     9     225.8
    10     224.8
    11     224.3
    12     224.1
    13     224.0
    14     224.0
    15     224.0
    16     224.0
    17     224.0
    18     224.0
    19     224.0
0MINIMUM TEMPERATURE
 LAYER LAT -14.0
     1     190.2
     2     192.5
     3     197.8
     4     203.0
     5     208.3
     6     213.0
     7     217.0
     8     220.0
     9     222.0
    10     223.2
    11     223.7
    12     223.9
    13     224.0
    14     224.0
    15     224.0
    16     224.0
    17     224.0
    18     224.0
    19     224.0
     0 seconds at end of season    1 of    1


     END OF DATA ON INPUT UNIT
      END KRC
