lrwxrwxrwx    1 hkieffer flagstaf       32 Jan 22  2003 albvar.f -> /home/hkieffer/krc/mars/albvar.f
lrwxrwxrwx    1 hkieffer flagstaf       31 Jan 22  2003 alsubs.f -> /home/hkieffer/krc/tes/alsubs.f
lrwxrwxrwx    1 hkieffer flagstaf       32 Mar  7  2002 aveday.f -> /home/hkieffer/krc/mars/aveday.f
lrwxrwxrwx    1 hkieffer flagstaf       33 Aug 29 13:19 b2b.f -> /home/hkieffer/src/for/util/b2b.f
lrwxrwxrwx    1 hkieffer flagstaf       35 Mar  8  2002 b_alloc.c -> /home/hkieffer/src/c/isis/b_alloc.c
lrwxrwxrwx    1 hkieffer flagstaf       36 Mar  8  2002 b_c2fstr.c -> /home/hkieffer/src/c/isis/b_c2fstr.c
lrwxrwxrwx    1 hkieffer flagstaf       36 Mar  8  2002 b_f2cstr.c -> /home/hkieffer/src/c/isis/b_f2cstr.c
lrwxrwxrwx    1 hkieffer flagstaf       34 Mar  8  2002 b_free.c -> /home/hkieffer/src/c/isis/b_free.c
lrwxrwxrwx    1 hkieffer flagstaf       38 Mar  8  2002 binf5_bind.c -> /home/hkieffer/src/c/isis/binf5_bind.c
lrwxrwxrwx    1 hkieffer flagstaf       30 Mar  7  2002 co2pt.f -> /home/hkieffer/krc/tes/co2pt.f
lrwxrwxrwx    1 hkieffer flagstaf       32 Aug 29 13:19 deding2.f -> /home/hkieffer/rad/mie/deding2.f
lrwxrwxrwx    1 hkieffer flagstaf       33 Mar  7  2002 eccanom.f -> /home/hkieffer/krc/porb/eccanom.f
lrwxrwxrwx    1 hkieffer flagstaf       30 Mar  7  2002 epred.f -> /home/hkieffer/krc/tes/epred.f
lrwxrwxrwx    1 hkieffer flagstaf       28 Mar  7  2002 krc.f -> /home/hkieffer/krc/tes/krc.f
lrwxrwxrwx    1 hkieffer flagstaf       31 Mar  7  2002 orbit.f -> /home/hkieffer/krc/porb/orbit.f
lrwxrwxrwx    1 hkieffer flagstaf       38 Mar  8  2002 pio_bind_c.c -> /home/hkieffer/src/c/isis/pio_bind_c.c
lrwxrwxrwx    1 hkieffer flagstaf       30 Mar  7  2002 porb.f -> /home/hkieffer/krc/porb/porb.f
lrwxrwxrwx    1 hkieffer flagstaf       30 Aug 29 13:19 porb0.f -> /home/hkieffer/krc/tes/porb0.f
lrwxrwxrwx    1 hkieffer flagstaf       34 Mar  8  2002 primio.c -> /home/hkieffer/src/c/isis/primio.c
lrwxrwxrwx    1 hkieffer flagstaf       30 Mar  7  2002 tcard.f -> /home/hkieffer/krc/tes/tcard.f
lrwxrwxrwx    1 hkieffer flagstaf       29 Mar  7  2002 tday.f -> /home/hkieffer/krc/tes/tday.f
lrwxrwxrwx    1 hkieffer flagstaf       30 Mar  7  2002 tdisk.f -> /home/hkieffer/krc/tes/tdisk.f
lrwxrwxrwx    1 hkieffer flagstaf       30 Mar  7  2002 tint.f -> /home/hkieffer/krc/mars/tint.f
lrwxrwxrwx    1 hkieffer flagstaf       30 Mar  7  2002 tlats.f -> /home/hkieffer/krc/tes/tlats.f
lrwxrwxrwx    1 hkieffer flagstaf       31 Mar  7  2002 tprint.f -> /home/hkieffer/krc/tes/tprint.f
lrwxrwxrwx    1 hkieffer flagstaf       30 Mar  7  2002 tseas.f -> /home/hkieffer/krc/tes/tseas.f
lrwxrwxrwx    1 hkieffer flagstaf       36 Mar  8  2002 u_actinf.c -> /home/hkieffer/src/c/isis/u_actinf.c
lrwxrwxrwx    1 hkieffer flagstaf       36 Mar  8  2002 u_bind_c.c -> /home/hkieffer/src/c/isis/u_bind_c.c
lrwxrwxrwx    1 hkieffer flagstaf       35 Mar  8  2002 u_move1.c -> /home/hkieffer/src/c/isis/u_move1.c
lrwxrwxrwx    1 hkieffer flagstaf       35 Mar  8  2002 u_move4.c -> /home/hkieffer/src/c/isis/u_move4.c
lrwxrwxrwx    1 hkieffer flagstaf       35 Mar  8  2002 u_swapn.c -> /home/hkieffer/src/c/isis/u_swapn.c
lrwxrwxrwx    1 hkieffer flagstaf       31 Mar  7  2002 vlpres.f -> /home/hkieffer/krc/tes/vlpres.f
lrwxrwxrwx    1 hkieffer flagstaf       36 Mar  7  2002 white1.f -> /home/hkieffer/src/for/char/white1.f
