1North pole, Tim's mean values                                                    RUN-CASE   2- 0    00 Nov 29 18:45:58   PAGE=  1
0PARAMETER CHANGES
 TYPE LOC VALUE
   1  27  0.3000     AFROST
   1  25   150.9     TFROST = Tbol
   1   1  0.1100     dirt albedo
   1   3   50.00     Inertia
   8   0   0.000     /hob1/hkieffer/TES/KRC/na11i050
 New Disk file= /hob1/hkieffer/TES/KRC/na11i050
1North pole, Tim's mean values                                                    RUN-CASE   2- 1    00 Nov 29 18:45:58   PAGE=  2
0Input file: tim.inp                                                     
 Print file: tim1.prt                                                    
 Save file: /hob1/hkieffer/TES/KRC/na11i050                             
0    ALBEDO     EMISS   INERTIA     COND2     DENS2    PERIOD SPEC_HEAT   DENSITY
     0.1100    1.0000   50.0000    2.0000 1600.0000    1.0275  630.0000 1000.0000
0      CABR    ABRAMP    ABRPHA    PTOTAL     FANON      TATM     TDEEP   SpHeat2
     0.4000    0.3000  260.0000  689.7000    0.0550  200.0000  204.0000 1000.0000
0      TAUD     DUSTA    TAURAT     TWILI      ARC2      ARC3     SLOPE    SLOAZI
     0.2000    0.9000    0.5000      5.00      0.50      0.10       0.0      90.0
0    TFROST    CFROST    AFROST     FEMIS       AF1       AF2    FROEXT      ARC6
   150.9000  589944.0    0.3000    1.0000   0.54000    0.0009   50.0000    0.0000
0      RLAY      FLAY     CONVF     DEPTH     DRSET       DDT       GGT     FDOWN
     1.2000    0.1800    1.5000    0.0000    0.0000    0.0020    0.1000    0.1000
0      DJUL    DELJUL SOLAR DEC       DAU       L_S    SOLCON      GRAV     spare
  11330.000   17.1745    0.0000   1.46500    0.0000 1368.0000    3.7270   12.3400
0        N1        N2        N3        N4        N5       N24        IB        IC
         25       384        15        18       160        24         0       999
0     NRSET      NMHA      NRUN     JDISK     IDOWN       I14       I15     KPREF
          3        24         2       121         0        45        65         0
0     K4OUT     JBARE     spare     spare
          0         0         0         0
0    LP1    LP2    LP3    LP4    LP5    LP6 LPGLOB   LVFA   LVFT   LD10
       F      T      F      F      F      F      F      F      F      F
0  LPORB   LKEY    LSC LNOTIF  LOCAL   LD16 LPTAVE Prt.78 Prt.79  spare
       T      F      F      F      F      F      F      F      F      F

 Latitudes: 
  -85.00 -80.00 -75.00 -70.00 -65.00 -60.00 -55.00 -50.00 -45.00  45.00
   50.00  55.00  60.00  65.00  70.00  75.00  80.00  85.00

 Elevations:
    3.25   1.66   1.52   1.45   1.36   1.23   0.85   0.45   0.70  -4.53
   -4.69  -4.85  -4.96  -5.04  -5.06  -5.04  -4.30  -3.61
1North pole, Tim's mean values                                                    RUN-CASE   2- 1    00 Nov 29 18:45:58   PAGE=  3
 Conductiv.= 3.968E-03  Dens*Cp= 6.300E+05  Diffu.= 6.299E-09  Scale= 1.334E-02
0        ___THICKNESS____   _______CENTER_DEPTH_____ CONVERGENCE
 LAYER     scale    meter     scale    meter   kg/m^2   factor
    1    0.1800    0.0024   -0.0900   -0.0012     0.000   0.000
    2    0.2160    0.0029    0.1080    0.0014     2.882   2.851
    3    0.2592    0.0035    0.3456    0.0046     6.340   2.053
    4    0.3110    0.0041    0.6307    0.0084    10.490   2.956
    5    0.3732    0.0050    0.9729    0.0130    15.469   2.129
    6    0.4479    0.0060    1.3834    0.0185    21.445   1.533
    7    0.5375    0.0072    1.8761    0.0250    28.616   2.207
    8    0.6450    0.0086    2.4673    0.0329    37.220   1.589
    9    0.7740    0.0103    3.1768    0.0424    47.546   2.288
   10    0.9288    0.0124    4.0282    0.0537    59.937   1.647
   11    1.1145    0.0149    5.0498    0.0674    74.806   2.372
   12    1.3374    0.0178    6.2758    0.0837    92.649   1.708
   13    1.6049    0.0214    7.7469    0.1034   114.061   2.460
   14    1.9259    0.0257    9.5123    0.1269   139.755   1.771
   15    2.3111    0.0308   11.6308    0.1552   170.588   2.550
   16    2.7733    0.0370   14.1730    0.1891   207.587   3.672
   17    3.3279    0.0444   17.2236    0.2298   251.986   5.288
   18    3.9935    0.0533   20.8843    0.2786   305.265   7.615
   19    4.7922    0.0639   25.2771    0.3372   369.200  10.965
   20    5.7506    0.0767   30.5485    0.4076   445.922  15.790
   21    6.9008    0.0921   36.8742    0.4920   537.988  22.737
   22    8.2809    0.1105   44.4651    0.5932   648.468  32.742
   23    9.9371    0.1326   53.5741    0.7148   781.043  47.148
   24   11.9245    0.1591   64.5049    0.8606   940.133  67.893
   25   14.3094    0.1909   77.6219    1.0356  1131.042  97.766
0Bottom layers for time doubling:      2    4    5    7    9   11   13   25
    12 seconds at end of season  160 of  160
1North pole, Tim's mean values                                                    RUN-CASE   2- 1    00 Nov 29 18:45:58   PAGE=  4
0PARAMETER CHANGES
 TYPE LOC VALUE
   1   1  0.2200     dirt albedo
   1   3   300.0     Inertia
   8   0   0.000     /hob1/hkieffer/TES/KRC/na22i300
 New Disk file= /hob1/hkieffer/TES/KRC/na22i300
1North pole, Tim's mean values                                                    RUN-CASE   2- 2    00 Nov 29 18:45:58   PAGE=  5
0Input file: tim.inp                                                     
 Print file: tim1.prt                                                    
 Save file: /hob1/hkieffer/TES/KRC/na22i300                             
0    ALBEDO     EMISS   INERTIA     COND2     DENS2    PERIOD SPEC_HEAT   DENSITY
     0.2200    1.0000  300.0000    2.0000 1600.0000    1.0275  630.0000 1000.0000
0      CABR    ABRAMP    ABRPHA    PTOTAL     FANON      TATM     TDEEP   SpHeat2
     0.4000    0.3000  260.0000  689.7000    0.0550  200.0000  204.0000 1000.0000
0      TAUD     DUSTA    TAURAT     TWILI      ARC2      ARC3     SLOPE    SLOAZI
     0.2000    0.9000    0.5000      5.00      0.50      0.10       0.0      90.0
0    TFROST    CFROST    AFROST     FEMIS       AF1       AF2    FROEXT      ARC6
   150.9000  589944.0    0.3000    1.0000   0.54000    0.0009   50.0000    0.0000
0      RLAY      FLAY     CONVF     DEPTH     DRSET       DDT       GGT     FDOWN
     1.2000    0.1800    1.5000    0.0000    0.0000    0.0020    0.1000    0.1000
0      DJUL    DELJUL SOLAR DEC       DAU       L_S    SOLCON      GRAV     spare
  11330.000   17.1745   16.3580   1.56569  138.5722 1368.0000    3.7270   12.3400
0        N1        N2        N3        N4        N5       N24        IB        IC
         25       384        15        18       160        24         0       999
0     NRSET      NMHA      NRUN     JDISK     IDOWN       I14       I15     KPREF
          3        24         2       121         0        45        65         0
0     K4OUT     JBARE     spare     spare
          0         0         0         0
0    LP1    LP2    LP3    LP4    LP5    LP6 LPGLOB   LVFA   LVFT   LD10
       F      T      F      F      F      F      F      F      F      F
0  LPORB   LKEY    LSC LNOTIF  LOCAL   LD16 LPTAVE Prt.78 Prt.79  spare
       T      F      F      F      F      F      F      F      F      F

 Latitudes: 
  -85.00 -80.00 -75.00 -70.00 -65.00 -60.00 -55.00 -50.00 -45.00  45.00
   50.00  55.00  60.00  65.00  70.00  75.00  80.00  85.00

 Elevations:
    3.25   1.66   1.52   1.45   1.36   1.23   0.85   0.45   0.70  -4.53
   -4.69  -4.85  -4.96  -5.04  -5.06  -5.04  -4.30  -3.61
1North pole, Tim's mean values                                                    RUN-CASE   2- 2    00 Nov 29 18:45:58   PAGE=  6
 Conductiv.= 1.429E-01  Dens*Cp= 6.300E+05  Diffu.= 2.268E-07  Scale= 8.005E-02
0        ___THICKNESS____   _______CENTER_DEPTH_____ CONVERGENCE
 LAYER     scale    meter     scale    meter   kg/m^2   factor
    1    0.1800    0.0144   -0.0900   -0.0072     0.000   0.000
    2    0.2160    0.0173    0.1080    0.0086    17.290   2.851
    3    0.2592    0.0207    0.3456    0.0277    38.039   2.053
    4    0.3110    0.0249    0.6307    0.0505    62.937   2.956
    5    0.3732    0.0299    0.9729    0.0779    92.815   2.129
    6    0.4479    0.0359    1.3834    0.1107   128.669   1.533
    7    0.5375    0.0430    1.8761    0.1502   171.693   2.207
    8    0.6450    0.0516    2.4673    0.1975   223.322   1.589
    9    0.7740    0.0620    3.1768    0.2543   285.277   2.288
   10    0.9288    0.0743    4.0282    0.3225   359.623   1.647
   11    1.1145    0.0892    5.0498    0.4042   448.839   2.372
   12    1.3374    0.1071    6.2758    0.5024   555.897   1.708
   13    1.6049    0.1285    7.7469    0.6201   684.367   2.460
   14    1.9259    0.1542    9.5123    0.7614   838.530   1.771
   15    2.3111    0.1850   11.6308    0.9310  1023.527   2.550
   16    2.7733    0.2220   14.1730    1.1345  1245.523   3.672
   17    3.3279    0.2664   17.2236    1.3787  1511.918   5.288
   18    3.9935    0.3197   20.8843    1.6718  1831.592   7.615
   19    4.7922    0.3836   25.2771    2.0234  2215.201  10.965
   20    5.7506    0.4603   30.5485    2.4454  2675.532  15.790
   21    6.9008    0.5524   36.8742    2.9517  3227.929  22.737
   22    8.2809    0.6629   44.4651    3.5594  3890.806  32.742
   23    9.9371    0.7955   53.5741    4.2885  4686.257  47.148
   24   11.9245    0.9545   64.5050    5.1635  5640.799  67.893
   25   14.3094    1.1455   77.6219    6.2135  6786.250  97.766
0Bottom layers for time doubling:      2    4    5    7    9   11   13   25
    11 seconds at end of season  160 of  160
1North pole, Tim's mean values                                                    RUN-CASE   2- 2    00 Nov 29 18:45:58   PAGE=  7
0PARAMETER CHANGES
 TYPE LOC VALUE
   1   1  0.5000     perm cap albedo
   1   3   2000.     Inertia
   8   0   0.000     /hob1/hkieffer/TES/KRC/na50i2000
 New Disk file= /hob1/hkieffer/TES/KRC/na50i2000
1North pole, Tim's mean values                                                    RUN-CASE   2- 3    00 Nov 29 18:45:58   PAGE=  8
0Input file: tim.inp                                                     
 Print file: tim1.prt                                                    
 Save file: /hob1/hkieffer/TES/KRC/na50i2000                            
0    ALBEDO     EMISS   INERTIA     COND2     DENS2    PERIOD SPEC_HEAT   DENSITY
     0.5000    1.0000 2000.0000    2.0000 1600.0000    1.0275  630.0000 1000.0000
0      CABR    ABRAMP    ABRPHA    PTOTAL     FANON      TATM     TDEEP   SpHeat2
     0.4000    0.3000  260.0000  689.7000    0.0550  200.0000  204.0000 1000.0000
0      TAUD     DUSTA    TAURAT     TWILI      ARC2      ARC3     SLOPE    SLOAZI
     0.2000    0.9000    0.5000      5.00      0.50      0.10       0.0      90.0
0    TFROST    CFROST    AFROST     FEMIS       AF1       AF2    FROEXT      ARC6
   150.9000  589944.0    0.3000    1.0000   0.54000    0.0009   50.0000    0.0000
0      RLAY      FLAY     CONVF     DEPTH     DRSET       DDT       GGT     FDOWN
     1.2000    0.1800    1.5000    0.0000    0.0000    0.0020    0.1000    0.1000
0      DJUL    DELJUL SOLAR DEC       DAU       L_S    SOLCON      GRAV     spare
  11330.000   17.1745   16.3580   1.56569  138.5722 1368.0000    3.7270   12.3400
0        N1        N2        N3        N4        N5       N24        IB        IC
         25       384        15        18       160        24         0       999
0     NRSET      NMHA      NRUN     JDISK     IDOWN       I14       I15     KPREF
          3        24         2       121         0        45        65         0
0     K4OUT     JBARE     spare     spare
          0         0         0         0
0    LP1    LP2    LP3    LP4    LP5    LP6 LPGLOB   LVFA   LVFT   LD10
       F      T      F      F      F      F      F      F      F      F
0  LPORB   LKEY    LSC LNOTIF  LOCAL   LD16 LPTAVE Prt.78 Prt.79  spare
       T      F      F      F      F      F      F      F      F      F

 Latitudes: 
  -85.00 -80.00 -75.00 -70.00 -65.00 -60.00 -55.00 -50.00 -45.00  45.00
   50.00  55.00  60.00  65.00  70.00  75.00  80.00  85.00

 Elevations:
    3.25   1.66   1.52   1.45   1.36   1.23   0.85   0.45   0.70  -4.53
   -4.69  -4.85  -4.96  -5.04  -5.06  -5.04  -4.30  -3.61
1North pole, Tim's mean values                                                    RUN-CASE   2- 3    00 Nov 29 18:45:58   PAGE=  9
 Conductiv.= 6.349E+00  Dens*Cp= 6.300E+05  Diffu.= 1.008E-05  Scale= 5.337E-01
0        ___THICKNESS____   _______CENTER_DEPTH_____ CONVERGENCE
 LAYER     scale    meter     scale    meter   kg/m^2   factor
    1    0.1800    0.0961   -0.0900   -0.0480     0.000   0.000
    2    0.2160    0.1153    0.1080    0.0576   115.270   2.851
    3    0.2592    0.1383    0.3456    0.1844   253.594   2.053
    4    0.3110    0.1660    0.6307    0.3366   419.583   2.956
    5    0.3732    0.1992    0.9729    0.5192   618.769   2.129
    6    0.4479    0.2390    1.3834    0.7383   857.793   1.533
    7    0.5375    0.2868    1.8761    1.0012  1144.621   2.207
    8    0.6450    0.3442    2.4673    1.3167  1488.816   1.589
    9    0.7740    0.4130    3.1768    1.6953  1901.849   2.288
   10    0.9288    0.4956    4.0282    2.1497  2397.489   1.647
   11    1.1145    0.5948    5.0498    2.6949  2992.256   2.372
   12    1.3374    0.7137    6.2758    3.3491  3705.978   1.708
   13    1.6049    0.8565    7.7469    4.1342  4562.443   2.460
   14    1.9259    1.0278    9.5123    5.0763  5590.202   1.771
   15    2.3111    1.2333   11.6308    6.2069  6823.513   2.550
   16    2.7733    1.4800   14.1730    7.5635  8303.485   3.672
   17    3.3279    1.7760   17.2235    9.1915 10079.453   5.288
   18    3.9935    2.1312   20.8843   11.1450 12210.614   7.615
   19    4.7922    2.5574   25.2771   13.4893 14768.008  10.965
   20    5.7506    3.0689   30.5485   16.3024 17836.881  15.790
   21    6.9008    3.6826   36.8742   19.6782 21519.527  22.737
   22    8.2809    4.4192   44.4651   23.7291 25938.703  32.742
   23    9.9371    5.3030   53.5741   28.5902 31241.715  47.148
   24   11.9245    6.3636   64.5049   34.4235 37605.328  67.893
   25   14.3094    7.6363   77.6219   41.4235 45241.664  97.766
0Bottom layers for time doubling:      2    4    5    7    9   11   13   25
     9 seconds at end of season  160 of  160


     END OF DATA ON INPUT UNIT
      END KRC
