1North pole, Tim's mean values                                                    RUN-CASE   2- 0    00 Nov 29 22:56:24   PAGE=  1
0PARAMETER CHANGES
 TYPE LOC VALUE
   1  27  0.3000     AFROST
   1  25   150.9     TFROST = Tbol
   1   1  0.1100     dirt albedo
   1   3   50.00     Inertia
   8   0   0.000     /hob1/hkieffer/TES/KRC/na11i050
 New Disk file= /hob1/hkieffer/TES/KRC/na11i050
1North pole, Tim's mean values                                                    RUN-CASE   2- 1    00 Nov 29 22:56:24   PAGE=  2
0Input file: tim.inp                                                     
 Print file: tim6.prt                                                    
 Save file: /hob1/hkieffer/TES/KRC/na11i050                             
0    ALBEDO     EMISS   INERTIA     COND2     DENS2    PERIOD SPEC_HEAT   DENSITY
     0.1100    1.0000   50.0000    2.0000 1600.0000    1.0275  630.0000 1000.0000
0      CABR    ABRAMP    ABRPHA    PTOTAL     FANON      TATM     TDEEP   SpHeat2
     0.4000    0.3000  260.0000  689.7000    0.0550  200.0000  204.0000 1000.0000
0      TAUD     DUSTA    TAURAT     TWILI      ARC2      ARC3     SLOPE    SLOAZI
     0.2000    0.9000    0.5000      5.00      0.50      0.10       0.0      90.0
0    TFROST    CFROST    AFROST     FEMIS       AF1       AF2    FROEXT      ARC6
   150.9000  589944.0    0.3000    1.0000   0.54000    0.0009   50.0000    0.0000
0      RLAY      FLAY     CONVF     DEPTH     DRSET       DDT       GGT     FDOWN
     1.2000    0.1800    1.5000    0.0000    0.0000    0.0020    0.1000    0.1000
0      DJUL    DELJUL SOLAR DEC       DAU       L_S    SOLCON      GRAV     spare
  11330.000   17.1745    0.0000   1.46500    0.0000 1368.0000    3.7270   12.3400
0        N1        N2        N3        N4        N5       N24        IB        IC
         25       384        15        18       160        24         0       999
0     NRSET      NMHA      NRUN     JDISK     IDOWN       I14       I15     KPREF
          3        24         2       121         0        45        65         0
0     K4OUT     JBARE     spare     spare
          0         0         0         0
0    LP1    LP2    LP3    LP4    LP5    LP6 LPGLOB   LVFA   LVFT   LD10
       F      T      F      F      F      F      F      F      F      F
0  LPORB   LKEY    LSC LNOTIF  LOCAL   LD16 LPTAVE Prt.78 Prt.79  spare
       T      F      F      F      F      F      F      F      F      F

 Latitudes: 
  -85.00 -80.00 -75.00 -70.00 -65.00 -60.00 -55.00 -50.00 -45.00  45.00
   50.00  55.00  60.00  65.00  70.00  75.00  80.00  85.00

 Elevations:
    3.25   1.66   1.52   1.45   1.36   1.23   0.85   0.45   0.70  -4.53
   -4.69  -4.85  -4.96  -5.04  -5.06  -5.04  -4.30  -3.61
1North pole, Tim's mean values                                                    RUN-CASE   2- 1    00 Nov 29 22:56:24   PAGE=  3
 Conductiv.= 3.968E-03  Dens*Cp= 6.300E+05  Diffu.= 6.299E-09  Scale= 1.334E-02
0        ___THICKNESS____   _______CENTER_DEPTH_____ CONVERGENCE
 LAYER     scale    meter     scale    meter   kg/m^2   factor
    1    0.1800    0.0024   -0.0900   -0.0012     0.000   0.000
    2    0.2160    0.0029    0.1080    0.0014     2.882   2.851
    3    0.2592    0.0035    0.3456    0.0046     6.340   2.053
    4    0.3110    0.0041    0.6307    0.0084    10.490   2.956
    5    0.3732    0.0050    0.9729    0.0130    15.469   2.129
    6    0.4479    0.0060    1.3834    0.0185    21.445   1.533
    7    0.5375    0.0072    1.8761    0.0250    28.616   2.207
    8    0.6450    0.0086    2.4673    0.0329    37.220   1.589
    9    0.7740    0.0103    3.1768    0.0424    47.546   2.288
   10    0.9288    0.0124    4.0282    0.0537    59.937   1.647
   11    1.1145    0.0149    5.0498    0.0674    74.806   2.372
   12    1.3374    0.0178    6.2758    0.0837    92.649   1.708
   13    1.6049    0.0214    7.7469    0.1034   114.061   2.460
   14    1.9259    0.0257    9.5123    0.1269   139.755   1.771
   15    2.3111    0.0308   11.6308    0.1552   170.588   2.550
   16    2.7733    0.0370   14.1730    0.1891   207.587   3.672
   17    3.3279  