 ======================== New case ========================
 --------- TYPE LOC  VALUE -------- Parameter changes
 Changed>>   8   5   0.000     ./out/V342
           1 =Run. New T52 file name= ./out/V342Test.t52
 Changed>>   1  42   1.028         DELJUL    DELJUL  
 Changed>>   2   3   1.000             N3      N3    
 Changed>>   1  39   99.00            GGT    GGT     
 Changed>>   2   9   999.0          NRSET      NRSET 
 Changed>>   1  34  0.2160           FLAY    FLAY    
 Changed>>   1  35   3.000          CONVF    CONVF   
Version standard test cases. This for version 3.3.+ Short run for major options     
KRCv3.4.3    RUN-CASE  1- 1   2017 Feb 27 10:53:33  PAGE=  1
 Input file: 342Test.inp                                                                     
 Print file: Ken.prt                                                                         
 Save file: ./out/V342Test.t52                                                              
     ALBEDO     EMISS   INERTIA     COND2     DENS2    PERIOD  SpecHeat   DENSITY
     0.2500    1.0000  200.0000    2.7700  928.0000    1.0275  647.0000 1600.0000
       CABR       AMW    SatPrA    PTOTAL     FANON      TATM     TDEEP   SpHeat2
     0.1100   43.5000   27.9546  546.0000    0.0550  200.0000  180.0000 1711.0000
       TAUD     DUSTA    TAURAT     TWILI  ARC2/PHT     [ARC3     SLOPE    SLOAZI
     0.3000    0.9000    0.5000      0.00      0.50      0.80       0.0      90.0
     TFROST    CFROST    AFROST     FEMIS       AF1       AF2    FROEXT    SatPrB
   146.0000  589944.0    0.6500    0.9500   0.54000    0.0009   50.0000 3182.4800
       RLAY      FLAY     CONVF     DEPTH     DRSET       DDT       GGT     DTMAX
     1.2000    0.2160    3.0000    0.0000    0.0000    0.0020   99.0000    0.1000
       DJUL    DELJUL SOLAR DEC       DAU       L_S    SOLCON      GRAV    Atm_Cp
    838.260    1.0275    0.0000   1.46500    0.0000 1368.0000    3.7270  735.9000
     ConUp0    ConUp1    ConUp2    ConUp3    ConLo0    ConLo1    ConLo2    ConLo3
     0.0386   -0.0021    0.0023   -0.0008    2.7667   -1.2990    0.6292   -0.5273
     SphUp0    SphUp1    SphUp2    SphUp3    SphLo0    SphLo1    SphLo2    SphLo3
   646.6275  246.6678  -49.8216    7.9520 1710.6480  721.8740   57.4487   24.3753
         N1        N2        N3        N4        N5       N24       IIB       IC2
         15       384         1         5       670        48         0         7
      NRSET      NMHA      NRUN     JDISK     IDOWN    FlxP14    FlxP15     KPREF
        999        24         1         1         0        45        65         0
      K4OUT     JBARE     Notif    IDISK2
         -2      9999        50         0
     LP1    LP2    LP3    LP4    LP5    LP6 LPGLOB   LVFA   LVFT  LKofT
       F      T      F      F      F      F      F      F      F      F
   LPORB   LKEY    LSC  LZONE  LOCAL   LD16 LPTAVE  Prt78  Prt79  L_ONE
       T      F      F      F      T      F      F      T      F      F

 Latitudes: 
  -60.00 -30.00   0.00  30.00  60.00

 Elevations:
    1.22   1.17   0.17  -1.99  -4.08
LZONE,LALCON,JJH, IK1:4=  F  T     7     1     0     0     0
 Time-doubling fraction:  0.31919643    
 1.035E+06=Dens*Cp   3.733E-08=Diffu.      0.0325=Scale      200.00=Inertia
 Beginning at layer   7  At      0.0522 m.
 1.588E+06=Dens*Cp   1.745E-06=Diffu.      0.2220=Scale     2097.20=Inertia
         ___THICKNESS____    __CENTER_DEPTH__  Conductiv. Density Sp.Heat     Total Converg.
 LAYER  D_scale     meter   D_scale     meter      W/m-K   kg/m^3   J/kg     kg/m^2  factor
    1    0.1800    0.0058   -0.0900   -0.0029 0.3864E-01  1600.00  647.00     0.000   0.000
    2    0.2160    0.0070    0.1080    0.0035 0.3864E-01  1600.00  647.00    11.224   2.851
    3    0.2592    0.0084    0.3456    0.0112 0.3864E-01  1600.00  647.00    24.693   4.106
    4    0.3110    0.0101    0.6307    0.0205 0.3864E-01  1600.00  647.00    40.856   5.913
    5    0.3732    0.0121    0.9729    0.0316 0.3864E-01  1600.00  647.00    60.251   4.257
    6    0.4479    0.0145    1.3834    0.0449 0.3864E-01  1600.00  647.00    83.525   3.065
    7    0.5375    0.1193    1.8761    0.1119  2.770       928.00 1711.00   194.270   4.414
    8    0.6450    0.1432    2.4673    0.2431  2.770       928.00 1711.00   327.163   3.178
    9    0.7740    0.1718    3.1768    0.4007  2.770       928.00 1711.00   486.635   4.576
   10    0.9288    0.2062    4.0282    0.5897  2.770       928.00 1711.00   678.001   3.295
   11    1.1145    0.2475    5.0498    0.8165  2.770       928.00 1711.00   907.641   4.745
   12    1.3374    0.2969    6.2758    1.0887  2.770       928.00 1711.00  1183.208   3.416
   13    1.6049    0.3563    7.7469    1.4154  2.770       928.00 1711.00  1513.889   4.919
   14    1.9259    0.4276    9.5123    1.8073  2.770       928.00 1711.00  1910.706   3.542
   15    2.3111    0.5131   11.6308    2.2777  2.770       928.00 1711.00  2386.887   5.100
 Bottom                     12.7863    2.5343
 Lower layer of time doubling:   4  5  7  9 11 13 15
 IDX= 4  JJJ=    5   48    7    5  673    0    0    5   25    0
 MMM=          48         336        1680     1125600           0           0
 KOMMON,KASE=    10000000     1130640
 RASE,MASE,MTOT=   8.8445482               8     9045120
     0.854 seconds at end of season  670 of  670
 ======================== New case ========================
 --------- TYPE LOC  VALUE -------- Parameter changes
 Changed>>   3  10   1.000          LkofT      LKofT 
 Case  1  DTIME: total, user, system=    0.8539    0.8509    0.0030
Version standard test cases. This for version 3.3.+ Short run for major options     
KRCv3.4.3    RUN-CASE  1- 2   2017 Feb 27 10:53:33  PAGE=  2
 Input file: 342Test.inp                                                                     
 Print file: Ken.prt                                                                         
 Save file: ./out/V342Test.t52                                                              
     ALBEDO     EMISS   INERTIA     COND2     DENS2    PERIOD  SpecHeat   DENSITY
     0.2500    1.0000  200.0000    2.7700  928.0000    1.0275  647.0000 1600.0000
       CABR       AMW    SatPrA    PTOTAL     FANON      TATM     TDEEP   SpHeat2
     0.1100   43.5000   27.9546  546.0000    0.0550  200.0000  180.0000 1711.0000
       TAUD     DUSTA    TAURAT     TWILI  ARC2/PHT     [ARC3     SLOPE    SLOAZI
     0.3000    0.9000    0.5000      0.00      0.50      0.80       0.0      90.0
     TFROST    CFROST    AFROST     FEMIS       AF1       AF2    FROEXT    SatPrB
   146.0000  589944.0    0.6500    0.9500   0.54000    0.0009   50.0000 3182.4800
       RLAY      FLAY     CONVF     DEPTH     DRSET       DDT       GGT     DTMAX
     1.2000    0.2160    3.0000    0.0000    0.0000    0.0020   99.0000    0.1000
       DJUL    DELJUL SOLAR DEC       DAU       L_S    SOLCON      GRAV    Atm_Cp
    838.260    1.0275    0.1102   1.55827    0.2589 1368.0000    3.7270  735.9000
     ConUp0    ConUp1    ConUp2    ConUp3    ConLo0    ConLo1    ConLo2    ConLo3
     0.0386   -0.0021    0.0023   -0.0008    2.7667   -1.2990    0.6292   -0.5273
     SphUp0    SphUp1    SphUp2    SphUp3    SphLo0    SphLo1    SphLo2    SphLo3
   646.6275  246.6678  -49.8216    7.9520 1710.6480  721.8740   57.4487   24.3753
         N1        N2        N3        N4        N5       N24       IIB       IC2
         15       384         1         5       670        48         0         7
      NRSET      NMHA      NRUN     JDISK     IDOWN    FlxP14    FlxP15     KPREF
        999        24         1         1         0        45        65         0
      K4OUT     JBARE     Notif    IDISK2
         -2      9999        50         0
     LP1    LP2    LP3    LP4    LP5    LP6 LPGLOB   LVFA   LVFT  LKofT
       F      T      F      F      F      F      F      F      F      T
   LPORB   LKEY    LSC  LZONE  LOCAL   LD16 LPTAVE  Prt78  Prt79  L_ONE
       T      F      F      F      T      F      F      T      F      F

 Latitudes: 
  -60.00 -30.00   0.00  30.00  60.00

 Elevations:
    1.22   1.17   0.17  -1.99  -4.08
LZONE,LALCON,JJH, IK1:4=  F  F     7     1     6     7    10
 CCKU/L=  0.38640E-01 -0.21450E-02  0.23470E-02 -0.75000E-03
           2.7667      -1.2990      0.62922     -0.52729    
 CCPU/L=   646.63       246.67      -49.822       7.9520    
           1710.6       721.87       57.449       24.375    
T-global= 187.67
    T     cond_SpHeat_UPPER_iner_Diffusivity    cond_SpHeat_LOWER_iner_Diffusivity
  130.0  0.04302  378.47  161.40 0.71039E-07   4.82986 1089.73 2210.04 0.47761E-05
  140.0  0.04224  413.34  167.14 0.63874E-07   4.47857 1157.44 2193.27 0.41696E-05
  150.0  0.04155  446.82  172.35 0.58117E-07   4.16518 1225.13 2176.11 0.36636E-05
  160.0  0.04093  478.97  177.12 0.53414E-07   3.88652 1292.94 2159.45 0.32392E-05
  170.0  0.04039  509.84  181.52 0.49516E-07   3.63942 1361.03 2143.99 0.28815E-05
  180.0  0.03992  539.48  185.63 0.46250E-07   3.42073 1429.53 2130.25 0.25786E-05
  190.0  0.03951  567.93  189.49 0.43486E-07   3.22728 1498.60 2118.53 0.23206E-05
  200.0  0.03917  595.24  193.14 0.41127E-07   3.05590 1568.38 2108.96 0.20996E-05
  210.0  0.03888  621.45  196.62 0.39101E-07   2.90344 1639.01 2101.46 0.19089E-05
  220.0  0.03864  646.63  199.94 0.37348E-07   2.76672 1710.65 2095.74 0.17428E-05
  230.0  0.03845  670.80  203.14 0.35823E-07   2.64259 1783.43 2091.31 0.15967E-05
  240.0  0.03830  694.03  206.23 0.34489E-07   2.52788 1857.52 2087.46 0.14665E-05
  250.0  0.03819  716.36  209.21 0.33317E-07   2.41943 1933.04 2083.29 0.13487E-05
  260.0  0.03811  737.83  212.11 0.32282E-07   2.31406 2010.15 2077.67 0.12405E-05
  270.0  0.03806  758.50  214.92 0.31362E-07   2.20863 2088.99 2069.21 0.11393E-05
  280.0  0.03804  778.41  217.65 0.30540E-07   2.09997 2169.72 2056.28 0.10429E-05
  290.0  0.03803  797.61  220.31 0.29801E-07   1.98490 2252.47 2036.92 0.94958E-06
  300.0  0.03804  816.15  222.88 0.29132E-07   1.86028 2337.39 2008.76 0.85763E-06
  310.0  0.03806  834.07  225.38 0.28523E-07   1.72293 2424.64 1968.93 0.76572E-06
  320.0  0.03809  851.43  227.80 0.27962E-07   1.56969 2514.35 1913.79 0.67273E-06
           ConUp     ConLo     SphUp     SphLo
  Input   0.03864   2.77000    647.00   1711.00
  @Toff   0.03864   2.76672    646.63   1710.65
  @Tglb   0.03960   3.27034    561.39   1482.42
 Time-doubling fraction:  0.31919643    
 8.982E+05=Dens*Cp   4.409E-08=Diffu.      0.0353=Scale      188.61=Inertia
 Beginning at layer   7  At      0.0567 m.
 1.376E+06=Dens*Cp   2.377E-06=Diffu.      0.2592=Scale     2121.07=Inertia
         ___THICKNESS____    __CENTER_DEPTH__  Conductiv. Density Sp.Heat     Total Converg.
 LAYER  D_scale     meter   D_scale     meter      W/m-K   kg/m^3   J/kg     kg/m^2  factor
    1    0.1800    0.0064   -0.0900   -0.0032 0.3960E-01  1600.00  561.39     0.000   0.000
    2    0.2160    0.0076    0.1080    0.0038 0.3960E-01  1600.00  561.39    12.199   2.851
    3    0.2592    0.0091    0.3456    0.0122 0.3960E-01  1600.00  561.39    26.838   4.106
    4    0.3110    0.0110    0.6307    0.0223 0.3960E-01  1600.00  561.39    44.404   5.913
    5    0.3732    0.0132    0.9729    0.0343 0.3960E-01  1600.00  561.39    65.484   4.257
    6    0.4479    0.0158    1.3834    0.0488 0.3960E-01  1600.00  561.39    90.780   3.065
    7    0.5375    0.1393    1.8761    0.1264  3.270       928.00 1482.42   220.056   4.414
    8    0.6450    0.1672    2.4673    0.2796  3.270       928.00 1482.42   375.188   3.178
    9    0.7740    0.2006    3.1768    0.4635  3.270       928.00 1482.42   561.345   4.576
   10    0.9288    0.2407    4.0282    0.6842  3.270       928.00 1482.42   784.734   3.295
   11    1.1145    0.2889    5.0498    0.9490  3.270       928.00 1482.42  1052.801   4.745
   12    1.3374    0.3466    6.2758    1.2667  3.270       928.00 1482.42  1374.482   3.416
   13    1.6049    0.4160    7.7469    1.6480  3.270       928.00 1482.42  1760.498   4.919
   14    1.9259    0.4992    9.5123    2.1056  3.270       928.00 1482.42  2223.718   3.542
   15    2.3111    0.5990   11.6308    2.6547  3.270       928.00 1482.42  2779.582   5.100
 Bottom                     12.7863    2.9542
 Lower layer of time doubling:   4  5  7  9 11 13 15
     1.530 seconds at end of season  670 of  670
 ======================== New case ========================
 --------- TYPE LOC  VALUE -------- Parameter changes
 Changed>>   3  10   0.000          LkofT      LKofT 
 Changed>>   3   8   1.000           LVFA      LVFA  
 Changed>>   3   9   1.000           LVFT      LVFT  
 Case  2  DTIME: total, user, system=    1.5308    1.5288    0.0020
Version standard test cases. This for version 3.3.+ Short run for major options     
KRCv3.4.3    RUN-CASE  1- 3   2017 Feb 27 10:53:33  PAGE=  3
 Input file: 342Test.inp                                                                     
 Print file: Ken.prt                                                                         
 Save file: ./out/V342Test.t52                                                              
     ALBEDO     EMISS   INERTIA     COND2     DENS2    PERIOD  SpecHeat   DENSITY
     0.2500    1.0000  200.0000    2.7700  928.0000    1.0275  647.0000 1600.0000
       CABR       AMW    SatPrA    PTOTAL     FANON      TATM     TDEEP   SpHeat2
     0.1100   43.5000   27.9546  546.0000    0.0550  200.0000  180.0000 1711.0000
       TAUD     DUSTA    TAURAT     TWILI  ARC2/PHT     [ARC3     SLOPE    SLOAZI
     0.3000    0.9000    0.5000      0.00      0.50      0.80       0.0      90.0
     TFROST    CFROST    AFROST     FEMIS       AF1       AF2    FROEXT    SatPrB
   146.0000  589944.0    0.6500    0.9500   0.54000    0.0009   50.0000 3182.4800
       RLAY      FLAY     CONVF     DEPTH     DRSET       DDT       GGT     DTMAX
     1.2000    0.2160    3.0000    0.0000    0.0000    0.0020   99.0000    0.1000
       DJUL    DELJUL SOLAR DEC       DAU       L_S    SOLCON      GRAV    Atm_Cp
    838.260    1.0275    0.1102   1.55827    0.2589 1368.0000    3.7270  735.9000
     ConUp0    ConUp1    ConUp2    ConUp3    ConLo0    ConLo1    ConLo2    ConLo3
     0.0386   -0.0021    0.0023   -0.0008    2.7667   -1.2990    0.6292   -0.5273
     SphUp0    SphUp1    SphUp2    SphUp3    SphLo0    SphLo1    SphLo2    SphLo3
   646.6275  246.6678  -49.8216    7.9520 1710.6480  721.8740   57.4487   24.3753
         N1        N2        N3        N4        N5       N24       IIB       IC2
         15       384         1         5       670        48         0         7
      NRSET      NMHA      NRUN     JDISK     IDOWN    FlxP14    FlxP15     KPREF
        999        24         1         1         0        45        65         0
      K4OUT     JBARE     Notif    IDISK2
         -2      9999        50         0
     LP1    LP2    LP3    LP4    LP5    LP6 LPGLOB   LVFA   LVFT  LKofT
       F      T      F      F      F      F      F      T      T      F
   LPORB   LKEY    LSC  LZONE  LOCAL   LD16 LPTAVE  Prt78  Prt79  L_ONE
       T      F      F      F      T      F      F      T      F      F

 Latitudes: 
  -60.00 -30.00   0.00  30.00  60.00

 Elevations:
    1.22   1.17   0.17  -1.99  -4.08
LZONE,LALCON,JJH, IK1:4=  F  T     7     1     0     7     0
 Time-doubling fraction:  0.31919643    
 1.035E+06=Dens*Cp   3.733E-08=Diffu.      0.0325=Scale      200.00=Inertia
 Beginning at layer   7  At      0.0522 m.
 1.588E+06=Dens*Cp   1.745E-06=Diffu.      0.2220=Scale     2097.20=Inertia
         ___THICKNESS____    __CENTER_DEPTH__  Conductiv. Density Sp.Heat     Total Converg.
 LAYER  D_scale     meter   D_scale     meter      W/m-K   kg/m^3   J/kg     kg/m^2  factor
    1    0.1800    0.0058   -0.0900   -0.0029 0.3864E-01  1600.00  647.00     0.000   0.000
    2    0.2160    0.0070    0.1080    0.0035 0.3864E-01  1600.00  647.00    11.224   2.851
    3    0.2592    0.0084    0.3456    0.0112 0.3864E-01  1600.00  647.00    24.693   4.106
    4    0.3110    0.0101    0.6307    0.0205 0.3864E-01  1600.00  647.00    40.856   5.913
    5    0.3732    0.0121    0.9729    0.0316 0.3864E-01  1600.00  647.00    60.251   4.257
    6    0.4479    0.0145    1.3834    0.0449 0.3864E-01  1600.00  647.00    83.525   3.065
    7    0.5375    0.1193    1.8761    0.1119  2.770       928.00 1711.00   194.270   4.414
    8    0.6450    0.1432    2.4673    0.2431  2.770       928.00 1711.00   327.163   3.178
    9    0.7740    0.1718    3.1768    0.4007  2.770       928.00 1711.00   486.635   4.576
   10    0.9288    0.2062    4.0282    0.5897  2.770       928.00 1711.00   678.001   3.295
   11    1.1145    0.2475    5.0498    0.8165  2.770       928.00 1711.00   907.641   4.745
   12    1.3374    0.2969    6.2758    1.0887  2.770       928.00 1711.00  1183.208   3.416
   13    1.6049    0.3563    7.7469    1.4154  2.770       928.00 1711.00  1513.889   4.919
   14    1.9259    0.4276    9.5123    1.8073  2.770       928.00 1711.00  1910.706   3.542
   15    2.3111    0.5131   11.6308    2.2777  2.770       928.00 1711.00  2386.887   5.100
 Bottom                     12.7863    2.5343
 Lower layer of time doubling:   4  5  7  9 11 13 15
     0.864 seconds at end of season  670 of  670
 ======================== New case ========================
 --------- TYPE LOC  VALUE -------- Parameter changes
 Changed>>   1  12  0.5000         PTOTAL    PTOTAL  
 Changed>>   3  10   0.000          LkofT      LKofT 
 Changed>>   1  21   0.000           ARC2    ARC2/PHT
 Case  3  DTIME: total, user, system=    0.8649    0.8499    0.0150
Version standard test cases. This for version 3.3.+ Short run for major options     
KRCv3.4.3    RUN-CASE  1- 4   2017 Feb 27 10:53:33  PAGE=  4
 Input file: 342Test.inp                                                                     
 Print file: Ken.prt                                                                         
 Save file: ./out/V342Test.t52                                                              
     ALBEDO     EMISS   INERTIA     COND2     DENS2    PERIOD  SpecHeat   DENSITY
     0.2500    1.0000  200.0000    2.7700  928.0000    1.0275  647.0000 1600.0000
       CABR       AMW    SatPrA    PTOTAL     FANON      TATM     TDEEP   SpHeat2
     0.1100   43.5000   27.9546    0.5000    0.0550  200.0000  180.0000 1711.0000
       TAUD     DUSTA    TAURAT     TWILI  ARC2/PHT     [ARC3     SLOPE    SLOAZI
     0.3000    0.9000    0.5000      0.00      0.00      0.80       0.0      90.0
     TFROST    CFROST    AFROST     FEMIS       AF1       AF2    FROEXT    SatPrB
   146.0000  589944.0    0.6500    0.9500   0.54000    0.0009   50.0000 3182.4800
       RLAY      FLAY     CONVF     DEPTH     DRSET       DDT       GGT     DTMAX
     1.2000    0.2160    3.0000    0.0000    0.0000    0.0020   99.0000    0.1000
       DJUL    DELJUL SOLAR DEC       DAU       L_S    SOLCON      GRAV    Atm_Cp
    838.260    1.0275    0.1102   1.55827    0.2589 1368.0000    3.7270  735.9000
     ConUp0    ConUp1    ConUp2    ConUp3    ConLo0    ConLo1    ConLo2    ConLo3
     0.0386   -0.0021    0.0023   -0.0008    2.7667   -1.2990    0.6292   -0.5273
     SphUp0    SphUp1    SphUp2    SphUp3    SphLo0    SphLo1    SphLo2    SphLo3
   646.6275  246.6678  -49.8216    7.9520 1710.6480  721.8740   57.4487   24.3753
         N1        N2        N3        N4        N5       N24       IIB       IC2
         15       384         1         5       670        48         0         7
      NRSET      NMHA      NRUN     JDISK     IDOWN    FlxP14    FlxP15     KPREF
        999        24         1         1         0        45        65         0
      K4OUT     JBARE     Notif    IDISK2
         -2      9999        50         0
     LP1    LP2    LP3    LP4    LP5    LP6 LPGLOB   LVFA   LVFT  LKofT
       F      T      F      F      F      F      F      T      T      F
   LPORB   LKEY    LSC  LZONE  LOCAL   LD16 LPTAVE  Prt78  Prt79  L_ONE
       T      F      F      F      T      F      F      T      F      F

 Latitudes: 
  -60.00 -30.00   0.00  30.00  60.00

 Elevations:
    1.22   1.17   0.17  -1.99  -4.08
LZONE,LALCON,JJH, IK1:4=  F  T     7     1     0     7     0
 Time-doubling fraction:  0.31919643    
 1.035E+06=Dens*Cp   3.733E-08=Diffu.      0.0325=Scale      200.00=Inertia
 Beginning at layer   7  At      0.0522 m.
 1.588E+06=Dens*Cp   1.745E-06=Diffu.      0.2220=Scale     2097.20=Inertia
         ___THICKNESS____    __CENTER_DEPTH__  Conductiv. Density Sp.Heat     Total Converg.
 LAYER  D_scale     meter   D_scale     meter      W/m-K   kg/m^3   J/kg     kg/m^2  factor
    1    0.1800    0.0058   -0.0900   -0.0029 0.3864E-01  1600.00  647.00     0.000   0.000
    2    0.2160    0.0070    0.1080    0.0035 0.3864E-01  1600.00  647.00    11.224   2.851
    3    0.2592    0.0084    0.3456    0.0112 0.3864E-01  1600.00  647.00    24.693   4.106
    4    0.3110    0.0101    0.6307    0.0205 0.3864E-01  1600.00  647.00    40.856   5.913
    5    0.3732    0.0121    0.9729    0.0316 0.3864E-01  1600.00  647.00    60.251   4.257
    6    0.4479    0.0145    1.3834    0.0449 0.3864E-01  1600.00  647.00    83.525   3.065
    7    0.5375    0.1193    1.8761    0.1119  2.770       928.00 1711.00   194.270   4.414
    8    0.6450    0.1432    2.4673    0.2431  2.770       928.00 1711.00   327.163   3.178
    9    0.7740    0.1718    3.1768    0.4007  2.770       928.00 1711.00   486.635   4.576
   10    0.9288    0.2062    4.0282    0.5897  2.770       928.00 1711.00   678.001   3.295
   11    1.1145    0.2475    5.0498    0.8165  2.770       928.00 1711.00   907.641   4.745
   12    1.3374    0.2969    6.2758    1.0887  2.770       928.00 1711.00  1183.208   3.416
   13    1.6049    0.3563    7.7469    1.4154  2.770       928.00 1711.00  1513.889   4.919
   14    1.9259    0.4276    9.5123    1.8073  2.770       928.00 1711.00  1910.706   3.542
   15    2.3111    0.5131   11.6308    2.2777  2.770       928.00 1711.00  2386.887   5.100
 Bottom                     12.7863    2.5343
 Lower layer of time doubling:   4  5  7  9 11 13 15
     0.595 seconds at end of season  670 of  670
 ======================== New case ========================
 --------- TYPE LOC  VALUE -------- Parameter changes
 Changed>>   3  10   1.000          LkofT      LKofT 
 Case  4  DTIME: total, user, system=    0.5959    0.5699    0.0260
Version standard test cases. This for version 3.3.+ Short run for major options     
KRCv3.4.3    RUN-CASE  1- 5   2017 Feb 27 10:53:33  PAGE=  5
 Input file: 342Test.inp                                                                     
 Print file: Ken.prt                                                                         
 Save file: ./out/V342Test.t52                                                              
     ALBEDO     EMISS   INERTIA     COND2     DENS2    PERIOD  SpecHeat   DENSITY
     0.2500    1.0000  200.0000    2.7700  928.0000    1.0275  647.0000 1600.0000
       CABR       AMW    SatPrA    PTOTAL     FANON      TATM     TDEEP   SpHeat2
     0.1100   43.5000   27.9546    0.5000    0.0550  200.0000  180.0000 1711.0000
       TAUD     DUSTA    TAURAT     TWILI  ARC2/PHT     [ARC3     SLOPE    SLOAZI
     0.3000    0.9000    0.5000      0.00      0.00      0.80       0.0      90.0
     TFROST    CFROST    AFROST     FEMIS       AF1       AF2    FROEXT    SatPrB
   146.0000  589944.0    0.6500    0.9500   0.54000    0.0009   50.0000 3182.4800
       RLAY      FLAY     CONVF     DEPTH     DRSET       DDT       GGT     DTMAX
     1.2000    0.2160    3.0000    0.0000    0.0000    0.0020   99.0000    0.1000
       DJUL    DELJUL SOLAR DEC       DAU       L_S    SOLCON      GRAV    Atm_Cp
    838.260    1.0275    0.1102   1.55827    0.2589 1368.0000    3.7270  735.9000
     ConUp0    ConUp1    ConUp2    ConUp3    ConLo0    ConLo1    ConLo2    ConLo3
     0.0386   -0.0021    0.0023   -0.0008    2.7667   -1.2990    0.6292   -0.5273
     SphUp0    SphUp1    SphUp2    SphUp3    SphLo0    SphLo1    SphLo2    SphLo3
   646.6275  246.6678  -49.8216    7.9520 1710.6480  721.8740   57.4487   24.3753
         N1        N2        N3        N4        N5       N24       IIB       IC2
         15       384         1         5       670        48         0         7
      NRSET      NMHA      NRUN     JDISK     IDOWN    FlxP14    FlxP15     KPREF
        999        24         1         1         0        45        65         0
      K4OUT     JBARE     Notif    IDISK2
         -2      9999        50         0
     LP1    LP2    LP3    LP4    LP5    LP6 LPGLOB   LVFA   LVFT  LKofT
       F      T      F      F      F      F      F      T      T      T
   LPORB   LKEY    LSC  LZONE  LOCAL   LD16 LPTAVE  Prt78  Prt79  L_ONE
       T      F      F      F      T      F      F      T      F      F

 Latitudes: 
  -60.00 -30.00   0.00  30.00  60.00

 Elevations:
    1.22   1.17   0.17  -1.99  -4.08
LZONE,LALCON,JJH, IK1:4=  F  F     7     1     6     7    10
 CCKU/L=  0.38640E-01 -0.21450E-02  0.23470E-02 -0.75000E-03
           2.7667      -1.2990      0.62922     -0.52729    
 CCPU/L=   646.63       246.67      -49.822       7.9520    
           1710.6       721.87       57.449       24.375    
T-global= 187.67
    T     cond_SpHeat_UPPER_iner_Diffusivity    cond_SpHeat_LOWER_iner_Diffusivity
  130.0  0.04302  378.47  161.40 0.71039E-07   4.82986 1089.73 2210.04 0.47761E-05
  140.0  0.04224  413.34  167.14 0.63874E-07   4.47857 1157.44 2193.27 0.41696E-05
  150.0  0.04155  446.82  172.35 0.58117E-07   4.16518 1225.13 2176.11 0.36636E-05
  160.0  0.04093  478.97  177.12 0.53414E-07   3.88652 1292.94 2159.45 0.32392E-05
  170.0  0.04039  509.84  181.52 0.49516E-07   3.63942 1361.03 2143.99 0.28815E-05
  180.0  0.03992  539.48  185.63 0.46250E-07   3.42073 1429.53 2130.25 0.25786E-05
  190.0  0.03951  567.93  189.49 0.43486E-07   3.22728 1498.60 2118.53 0.23206E-05
  200.0  0.03917  595.24  193.14 0.41127E-07   3.05590 1568.38 2108.96 0.20996E-05
  210.0  0.03888  621.45  196.62 0.39101E-07   2.90344 1639.01 2101.46 0.19089E-05
  220.0  0.03864  646.63  199.94 0.37348E-07   2.76672 1710.65 2095.74 0.17428E-05
  230.0  0.03845  670.80  203.14 0.35823E-07   2.64259 1783.43 2091.31 0.15967E-05
  240.0  0.03830  694.03  206.23 0.34489E-07   2.52788 1857.52 2087.46 0.14665E-05
  250.0  0.03819  716.36  209.21 0.33317E-07   2.41943 1933.04 2083.29 0.13487E-05
  260.0  0.03811  737.83  212.11 0.32282E-07   2.31406 2010.15 2077.67 0.12405E-05
  270.0  0.03806  758.50  214.92 0.31362E-07   2.20863 2088.99 2069.21 0.11393E-05
  280.0  0.03804  778.41  217.65 0.30540E-07   2.09997 2169.72 2056.28 0.10429E-05
  290.0  0.03803  797.61  220.31 0.29801E-07   1.98490 2252.47 2036.92 0.94958E-06
  300.0  0.03804  816.15  222.88 0.29132E-07   1.86028 2337.39 2008.76 0.85763E-06
  310.0  0.03806  834.07  225.38 0.28523E-07   1.72293 2424.64 1968.93 0.76572E-06
  320.0  0.03809  851.43  227.80 0.27962E-07   1.56969 2514.35 1913.79 0.67273E-06
           ConUp     ConLo     SphUp     SphLo
  Input   0.03864   2.77000    647.00   1711.00
  @Toff   0.03864   2.76672    646.63   1710.65
  @Tglb   0.03960   3.27034    561.39   1482.42
 Time-doubling fraction:  0.31919643    
 8.982E+05=Dens*Cp   4.409E-08=Diffu.      0.0353=Scale      188.61=Inertia
 Beginning at layer   7  At      0.0567 m.
 1.376E+06=Dens*Cp   2.377E-06=Diffu.      0.2592=Scale     2121.07=Inertia
         ___THICKNESS____    __CENTER_DEPTH__  Conductiv. Density Sp.Heat     Total Converg.
 LAYER  D_scale     meter   D_scale     meter      W/m-K   kg/m^3   J/kg     kg/m^2  factor
    1    0.1800    0.0064   -0.0900   -0.0032 0.3960E-01  1600.00  561.39     0.000   0.000
    2    0.2160    0.0076    0.1080    0.0038 0.3960E-01  1600.00  561.39    12.199   2.851
    3    0.2592    0.0091    0.3456    0.0122 0.3960E-01  1600.00  561.39    26.838   4.106
    4    0.3110    0.0110    0.6307    0.0223 0.3960E-01  1600.00  561.39    44.404   5.913
    5    0.3732    0.0132    0.9729    0.0343 0.3960E-01  1600.00  561.39    65.484   4.257
    6    0.4479    0.0158    1.3834    0.0488 0.3960E-01  1600.00  561.39    90.780   3.065
    7    0.5375    0.1393    1.8761    0.1264  3.270       928.00 1482.42   220.056   4.414
    8    0.6450    0.1672    2.4673    0.2796  3.270       928.00 1482.42   375.188   3.178
    9    0.7740    0.2006    3.1768    0.4635  3.270       928.00 1482.42   561.345   4.576
   10    0.9288    0.2407    4.0282    0.6842  3.270       928.00 1482.42   784.734   3.295
   11    1.1145    0.2889    5.0498    0.9490  3.270       928.00 1482.42  1052.801   4.745
   12    1.3374    0.3466    6.2758    1.2667  3.270       928.00 1482.42  1374.482   3.416
   13    1.6049    0.4160    7.7469    1.6480  3.270       928.00 1482.42  1760.498   4.919
   14    1.9259    0.4992    9.5123    2.1056  3.270       928.00 1482.42  2223.718   3.542
   15    2.3111    0.5990   11.6308    2.6547  3.270       928.00 1482.42  2779.582   5.100
 Bottom                     12.7863    2.9542
 Lower layer of time doubling:   4  5  7  9 11 13 15
     1.305 seconds at end of season  670 of  670
  CCK Now  0.38640E-01   0.0000       0.0000       0.0000    
            2.7700       0.0000       0.0000       0.0000    
  CCP Now   647.00       0.0000       0.0000       0.0000    
            1711.0       0.0000       0.0000       0.0000    
 Case  5  DTIME: total, user, system=    1.3058    1.2428    0.0630
Version standard test cases. This for version 3.3.+ Short run for major options     
KRCv3.4.3    RUN-CASE  1- 6   2017 Feb 27 10:53:33  PAGE=  6
 Input file: 342Test.inp                                                                     
 Print file: Ken.prt                                                                         
 Save file: ./out/V342Test.t52                                                              
     ALBEDO     EMISS   INERTIA     COND2     DENS2    PERIOD  SpecHeat   DENSITY
     0.2500    1.0000  200.0000    2.7700  928.0000    1.0275  647.0000 1600.0000
       CABR       AMW    SatPrA    PTOTAL     FANON      TATM     TDEEP   SpHeat2
     0.1100   43.5000   27.9546    0.5000    0.0550  200.0000  180.0000 1711.0000
       TAUD     DUSTA    TAURAT     TWILI  ARC2/PHT     [ARC3     SLOPE    SLOAZI
     0.3000    0.9000    0.5000      0.00      0.00      0.80       0.0      90.0
     TFROST    CFROST    AFROST     FEMIS       AF1       AF2    FROEXT    SatPrB
   146.0000  589944.0    0.6500    0.9500   0.54000    0.0009   50.0000 3182.4800
       RLAY      FLAY     CONVF     DEPTH     DRSET       DDT       GGT     DTMAX
     1.2000    0.2160    3.0000    0.0000    0.0000    0.0020   99.0000    0.1000
       DJUL    DELJUL SOLAR DEC       DAU       L_S    SOLCON      GRAV    Atm_Cp
    838.260    1.0275    0.1102   1.55827    0.2589 1368.0000    3.7270  735.9000
     ConUp0    ConUp1    ConUp2    ConUp3    ConLo0    ConLo1    ConLo2    ConLo3
     0.0386    0.0000    0.0000    0.0000    2.7700    0.0000    0.0000    0.0000
     SphUp0    SphUp1    SphUp2    SphUp3    SphLo0    SphLo1    SphLo2    SphLo3
   647.0000    0.0000    0.0000    0.0000 1711.0000    0.0000    0.0000    0.0000
         N1        N2        N3        N4        N5       N24       IIB       IC2
         15       384         1         5       670        48         0         7
      NRSET      NMHA      NRUN     JDISK     IDOWN    FlxP14    FlxP15     KPREF
        999        24         1         1         0        45        65         0
      K4OUT     JBARE     Notif    IDISK2
         -2      9999        50         0
     LP1    LP2    LP3    LP4    LP5    LP6 LPGLOB   LVFA   LVFT  LKofT
       F      T      F      F      F      F      F      T      T      T
   LPORB   LKEY    LSC  LZONE  LOCAL   LD16 LPTAVE  Prt78  Prt79  L_ONE
       T      F      F      F      T      F      F      T      F      F

 Latitudes: 
  -60.00 -30.00   0.00  30.00  60.00

 Elevations:
    1.22   1.17   0.17  -1.99  -4.08
LZONE,LALCON,JJH, IK1:4=  F  F     7     1     6     7    10
 CCKU/L=  0.38640E-01   0.0000       0.0000       0.0000    
           2.7700       0.0000       0.0000       0.0000    
 CCPU/L=   647.00       0.0000       0.0000       0.0000    
           1711.0       0.0000       0.0000       0.0000    
T-global= 187.67
    T     cond_SpHeat_UPPER_iner_Diffusivity    cond_SpHeat_LOWER_iner_Diffusivity
  130.0  0.03864  647.00  200.00 0.37326E-07   2.77000 1711.00 2097.20 0.17445E-05
  140.0  0.03864  647.00  200.00 0.37326E-07   2.77000 1711.00 2097.20 0.17445E-05
  150.0  0.03864  647.00  200.00 0.37326E-07   2.77000 1711.00 2097.20 0.17445E-05
  160.0  0.03864  647.00  200.00 0.37326E-07   2.77000 1711.00 2097.20 0.17445E-05
  170.0  0.03864  647.00  200.00 0.37326E-07   2.77000 1711.00 2097.20 0.17445E-05
  180.0  0.03864  647.00  200.00 0.37326E-07   2.77000 1711.00 2097.20 0.17445E-05
  190.0  0.03864  647.00  200.00 0.37326E-07   2.77000 1711.00 2097.20 0.17445E-05
  200.0  0.03864  647.00  200.00 0.37326E-07   2.77000 1711.00 2097.20 0.17445E-05
  210.0  0.03864  647.00  200.00 0.37326E-07   2.77000 1711.00 2097.20 0.17445E-05
  220.0  0.03864  647.00  200.00 0.37326E-07   2.77000 1711.00 2097.20 0.17445E-05
  230.0  0.03864  647.00  200.00 0.37326E-07   2.77000 1711.00 2097.20 0.17445E-05
  240.0  0.03864  647.00  200.00 0.37326E-07   2.77000 1711.00 2097.20 0.17445E-05
  250.0  0.03864  647.00  200.00 0.37326E-07   2.77000 1711.00 2097.20 0.17445E-05
  260.0  0.03864  647.00  200.00 0.37326E-07   2.77000 1711.00 2097.20 0.17445E-05
  270.0  0.03864  647.00  200.00 0.37326E-07   2.77000 1711.00 2097.20 0.17445E-05
  280.0  0.03864  647.00  200.00 0.37326E-07   2.77000 1711.00 2097.20 0.17445E-05
  290.0  0.03864  647.00  200.00 0.37326E-07   2.77000 1711.00 2097.20 0.17445E-05
  300.0  0.03864  647.00  200.00 0.37326E-07   2.77000 1711.00 2097.20 0.17445E-05
  310.0  0.03864  647.00  200.00 0.37326E-07   2.77000 1711.00 2097.20 0.17445E-05
  320.0  0.03864  647.00  200.00 0.37326E-07   2.77000 1711.00 2097.20 0.17445E-05
           ConUp     ConLo     SphUp     SphLo
  Input   0.03864   2.77000    647.00   1711.00
  @Toff   0.03864   2.77000    647.00   1711.00
  @Tglb   0.03864   2.77000    647.00   1711.00
 Time-doubling fraction:  0.31919643    
 1.035E+06=Dens*Cp   3.733E-08=Diffu.      0.0325=Scale      200.00=Inertia
 Beginning at layer   7  At      0.0522 m.
 1.588E+06=Dens*Cp   1.745E-06=Diffu.      0.2220=Scale     2097.20=Inertia
         ___THICKNESS____    __CENTER_DEPTH__  Conductiv. Density Sp.Heat     Total Converg.
 LAYER  D_scale     meter   D_scale     meter      W/m-K   kg/m^3   J/kg     kg/m^2  factor
    1    0.1800    0.0058   -0.0900   -0.0029 0.3864E-01  1600.00  647.00     0.000   0.000
    2    0.2160    0.0070    0.1080    0.0035 0.3864E-01  1600.00  647.00    11.224   2.851
    3    0.2592    0.0084    0.3456    0.0112 0.3864E-01  1600.00  647.00    24.693   4.106
    4    0.3110    0.0101    0.6307    0.0205 0.3864E-01  1600.00  647.00    40.856   5.913
    5    0.3732    0.0121    0.9729    0.0316 0.3864E-01  1600.00  647.00    60.251   4.257
    6    0.4479    0.0145    1.3834    0.0449 0.3864E-01  1600.00  647.00    83.526   3.065
    7    0.5375    0.1193    1.8761    0.1119  2.770       928.00 1711.00   194.270   4.414
    8    0.6450    0.1432    2.4673    0.2431  2.770       928.00 1711.00   327.163   3.178
    9    0.7740    0.1718    3.1768    0.4007  2.770       928.00 1711.00   486.635   4.576
   10    0.9288    0.2062    4.0282    0.5897  2.770       928.00 1711.00   678.001   3.295
   11    1.1145    0.2475    5.0498    0.8165  2.770       928.00 1711.00   907.641   4.745
   12    1.3374    0.2969    6.2758    1.0887  2.770       928.00 1711.00  1183.208   3.416
   13    1.6049    0.3563    7.7469    1.4154  2.770       928.00 1711.00  1513.889   4.919
   14    1.9259    0.4276    9.5123    1.8073  2.770       928.00 1711.00  1910.706   3.542
   15    2.3111    0.5131   11.6308    2.2777  2.770       928.00 1711.00  2386.887   5.100
 Bottom                     12.7863    2.5343
 Lower layer of time doubling:   4  5  7  9 11 13 15
     1.347 seconds at end of season  670 of  670
 ======================== New case ========================
 --------- TYPE LOC  VALUE -------- Parameter changes
 Changed>>   9   9   9.000         NewSet
 IDX= 4  JJJ=    5   48    7    5  673    6    0    5   25    0
 Wrote bin5 file type 52: iret=            0
   File name=./out/V342Test.t52
 Changed>>   2  11   2.000           NRUN      NRUN  
 Changed>>   3   8   1.000           LVFA      LVFA  
 Changed>>   3   9   1.000           LVFT      LVFT  
 Changed>>   1  34  0.2160           FLAY    FLAY    
 Changed>>   1  35   3.000          CONVF    CONVF   
 Changed>>   8   5   0.000     ./out/V342
           3 =Run. New T52 file name= ./out/V342Test2.t52
 Changed>>   2  17  -2.000          K4OUT      K4OUT 
 Changed>>   8  21   0.000     ./out/V342
 Case  0  DTIME: total, user, system=    1.4198    1.2598    0.1600
Version standard test cases. This for version 2.2.2  Global models.                 
KRCv3.4.3    RUN-CASE  3- 1   2017 Feb 27 10:53:33  PAGE=  7
 Input file: 342Test.inp                                                                     
 Print file: Ken.prt                                                                         
 Save file: ./out/V342Test2.t52                                                             
     ALBEDO     EMISS   INERTIA     COND2     DENS2    PERIOD  SpecHeat   DENSITY
     0.2500    1.0000  200.0000    2.7700  928.0000    1.0275  647.0000 1600.0000
       CABR       AMW    SatPrA    PTOTAL     FANON      TATM     TDEEP   SpHeat2
     0.1100   43.5000   27.9546  546.0000    0.0550  200.0000  180.0000 1711.0000
       TAUD     DUSTA    TAURAT     TWILI  ARC2/PHT     [ARC3     SLOPE    SLOAZI
     0.3000    0.9000    0.5000      0.00      0.50      0.80       0.0      90.0
     TFROST    CFROST    AFROST     FEMIS       AF1       AF2    FROEXT    SatPrB
   146.0000  589944.0    0.6500    0.9500   0.54000    0.0009   50.0000 3182.4800
       RLAY      FLAY     CONVF     DEPTH     DRSET       DDT       GGT     DTMAX
     1.2000    0.2160    3.0000    0.0000    0.0000    0.0020    0.1000    0.1000
       DJUL    DELJUL SOLAR DEC       DAU       L_S    SOLCON      GRAV    Atm_Cp
   -535.700   17.1745    0.0000   1.46500    0.0000 1368.0000    3.7270  735.9000
     ConUp0    ConUp1    ConUp2    ConUp3    ConLo0    ConLo1    ConLo2    ConLo3
     0.0386   -0.0021    0.0023   -0.0008    2.7667   -1.2990    0.6292   -0.5273
     SphUp0    SphUp1    SphUp2    SphUp3    SphLo0    SphLo1    SphLo2    SphLo3
   646.6275  246.6678  -49.8216    7.9520 1710.6480  721.8740   57.4487   24.3753
         N1        N2        N3        N4        N5       N24       IIB       IC2
         20       384        15        19       120        24         0         7
      NRSET      NMHA      NRUN     JDISK     IDOWN    FlxP14    FlxP15     KPREF
          3        24         3        81         0        45        65         1
      K4OUT     JBARE     Notif    IDISK2
         -2      9999        20         0
     LP1    LP2    LP3    LP4    LP5    LP6 LPGLOB   LVFA   LVFT  LKofT
       F      T      F      F      F      F      F      T      T      F
   LPORB   LKEY    LSC  LZONE  LOCAL   LD16 LPTAVE  Prt78  Prt79  L_ONE
       T      F      F      F      T      F      F      T      F      F

 Latitudes: 
  -87.50 -80.00 -70.00 -60.00 -50.00 -40.00 -30.00 -20.00 -10.00   0.00
   10.00  20.00  30.00  40.00  50.00  60.00  70.00  80.00  87.50

 Elevations:
    3.51   2.01   1.39   1.22   0.38   0.48   1.17   1.67   1.26   0.17
   -0.94  -1.28  -1.99  -2.51  -3.52  -4.08  -4.51  -4.38  -2.57
LZONE,LALCON,JJH, IK1:4=  F  T     7     1     0     7     0
 Time-doubling fraction:  0.23725329    
 1.035E+06=Dens*Cp   3.733E-08=Diffu.      0.0325=Scale      200.00=Inertia
 Beginning at layer   7  At      0.0522 m.
 1.588E+06=Dens*Cp   1.745E-06=Diffu.      0.2220=Scale     2097.20=Inertia
         ___THICKNESS____    __CENTER_DEPTH__  Conductiv. Density Sp.Heat     Total Converg.
 LAYER  D_scale     meter   D_scale     meter      W/m-K   kg/m^3   J/kg     kg/m^2  factor
    1    0.1800    0.0058   -0.0900   -0.0029 0.3864E-01  1600.00  647.00     0.000   0.000
    2    0.2160    0.0070    0.1080    0.0035 0.3864E-01  1600.00  647.00    11.224   2.851
    3    0.2592    0.0084    0.3456    0.0112 0.3864E-01  1600.00  647.00    24.693   4.106
    4    0.3110    0.0101    0.6307    0.0205 0.3864E-01  1600.00  647.00    40.856   5.913
    5    0.3732    0.0121    0.9729    0.0316 0.3864E-01  1600.00  647.00    60.251   4.257
    6    0.4479    0.0145    1.3834    0.0449 0.3864E-01  1600.00  647.00    83.525   3.065
    7    0.5375    0.1193    1.8761    0.1119  2.770       928.00 1711.00   194.270   4.414
    8    0.6450    0.1432    2.4673    0.2431  2.770       928.00 1711.00   327.163   3.178
    9    0.7740    0.1718    3.1768    0.4007  2.770       928.00 1711.00   486.635   4.576
   10    0.9288    0.2062    4.0282    0.5897  2.770       928.00 1711.00   678.001   3.295
   11    1.1145    0.2475    5.0498    0.8165  2.770       928.00 1711.00   907.641   4.745
   12    1.3374    0.2969    6.2758    1.0887  2.770       928.00 1711.00  1183.208   3.416
   13    1.6049    0.3563    7.7469    1.4154  2.770       928.00 1711.00  1513.889   4.919
   14    1.9259    0.4276    9.5123    1.8073  2.770       928.00 1711.00  1910.706   3.542
   15    2.3111    0.5131   11.6308    2.2777  2.770       928.00 1711.00  2386.887   5.100
   16    2.7733    0.6158   14.1730    2.8421  2.770       928.00 1711.00  2958.304   3.672
   17    3.3279    0.7389   17.2235    3.5195  2.770       928.00 1711.00  3644.004   5.288
   18    3.9935    0.8867   20.8842    4.3323  2.770       928.00 1711.00  4466.844   7.615
   19    4.7922    1.0640   25.2771    5.3076  2.770       928.00 1711.00  5454.252  10.965
   20    5.7506    1.2768   30.5485    6.4780  2.770       928.00 1711.00  6639.141  15.790
 Bottom                     33.4238    7.1164
 Lower layer of time doubling:   4  5  7  9 11 13 15 20
TDISK:  Opened NEW direct access file = ./out/V342Test2.tm2
 Type=  -2 Record length in Real & NRECL=  3552 28416  NOW=2017 Feb 27 10:53:33
 IDX= 4  JJJ=    5   24    7   19   41    0    0    5   25    0
 MMM=          24         168        3192      127680           0           0
 KOMMON,KASE=    10000000      130872
 RASE,MASE,MTOT=   76.410538              76     9946272
     1.248 seconds at end of season  120 of  120
 Closed direct access file. Type=          -2


     END OF DATA ON INPUT UNIT
 Case  1  DTIME: total, user, system=    1.2508    1.2508    0.0000
 IDX= 4  JJJ=    5   24    7   19   41    1    0    5   25    0
 Wrote bin5 file type 52: iret=            0
   File name=./out/V342Test2.t52
      END KRC   Total time [s]=   7.8218112    
