 IDB1:6=           0           0           0           0           0           0


 ============================= New case =============================
 --------- TYPE LOC  VALUE ------- Parameter Changes
 Changed>>   8   0   0.000     /work1/krc
 Changed>>   1   3   436.3        INERTIA    INERTIA 
 Changed>>   1   7   577.4       SpecHeat    SPECHEAT
 Changed>>   1  35   8.000          CONVF    CONVF   
 Changed>>   1   6   24.00            N24    PERIOD  
Asteroid Bennu =RQ36  19 latitudes  T-dependent properties test Plus tiny atm       
KRCv3.5.5    RUN-CASE  1- 1   2018 Mar 13 18:41:36  PAGE=  1
 Input file: Bennu.inp                                                                       
 Print file: temp.prt                                                                        
 Save file: no                                                                              
     ALBEDO     EMISS   INERTIA     COND2     DENS2    PERIOD  SpecHeat   DENSITY
     0.0300    1.0000  436.3180    3.4000  928.0000   24.0000  577.4365 2200.0000
       CABR       AMW    SatPrA    PTOTAL     FANON      TATM     TDEEP   SpHeat2
     0.0000   43.5000   -0.0000    0.5000    0.0550  200.0000  200.0000 1300.0000
       TAUD     DUSTA    TAURAT     TWILI  ARC2/PHT     [ARC3     SLOPE    SLOAZI
     0.0000    0.9000    0.5000      0.00      0.50     -0.00       0.0      90.0
     TFROST    CFROST    AFROST     FEMIS       AF1       AF2    FROEXT    SatPrB
    10.0000  589944.0    0.6500    0.9500   0.54000    0.0009   50.0000    0.0000
       RLAY      FLAY     CONVF     DEPTH     DRSET    PhotoF       GGT     DTMAX
     1.2000    0.1800    8.0000    0.0000    0.0000    0.0020    0.1000    0.1000
       DJUL    DELJUL SOLAR DEC       DAU       L_S    SOLCON      GRAV    Atm_Cp
   4455.000   10.9106    0.0000   1.46500    0.0000 1368.0000    3.7270  735.9000
     ConUp0    ConUp1    ConUp2    ConUp3    ConLo0    ConLo1    ConLo2    ConLo3
     0.1499    0.0421    0.0356    0.0004    3.4000    0.0000    0.0000    0.0000
     SphUp0    SphUp1    SphUp2    SphUp3    SphLo0    SphLo1    SphLo2    SphLo3
   577.4365  199.0392  -36.4975   18.4841 1300.0000    0.0000    0.0000    0.0000
         N1        N2        N3        N4        N5       N24       IIB       IC2
         21       384        10        19       162        48         0       999
      NRSET      NMHA      NRUN     JDISK     IDOWN    FlxP14    FlxP15     KPREF
          3        24         1       121         0        45        65         0
      K4OUT     JBARE     Notif    IDISK2
         52         0        20         0
     LP1    LP2    LP3    LP4    LP5    LP6 LPGLOB   LVFA   LVFT  LKofT
       F      T      F      F      F      F      F      F      F      F
   LPORB   LKEY    LSC  LZONE  LOCAL   LD16 LPTAVE  Prt78  Prt79  L_ONE
       T      F      F      F      T      F      F      T      F      F

 Latitudes: 
  -87.50 -80.00 -70.00 -60.00 -50.00 -40.00 -30.00 -20.00 -10.00   0.00
   10.00  20.00  30.00  40.00  50.00  60.00  70.00  80.00  87.50

 Elevations:
    0.00   0.00   0.00   0.00   0.00   0.00   0.00   0.00   0.00   0.00
    0.00   0.00   0.00   0.00   0.00   0.00   0.00   0.00   0.00
LZONE,LALCON,JJH, IK1:4=  F  T   999     1     0     0     0
 Time-doubling fraction:  0.39921874    
 1.270E+06=Dens*Cp   1.180E-07=Diffu.      0.2790=Scale      436.32=Inertia
         ___THICKNESS____    __CENTER_DEPTH__  Conductiv. Density Sp.Heat     Total Converg.
 LAYER  D_scale     meter   D_scale     meter      W/m-K   kg/m^3   J/kg     kg/m^2  factor
    1    0.1500    0.0419   -0.0750   -0.0209 0.1499      2200.00  577.44     0.000   0.000
    2    0.1800    0.0502    0.0900    0.0251 0.1499      2200.00  577.44   110.499   1.980
    3    0.2160    0.0603    0.2880    0.0804 0.1499      2200.00  577.44   243.098   2.851
    4    0.2592    0.0723    0.5256    0.1467 0.1499      2200.00  577.44   402.217   4.106
    5    0.3110    0.0868    0.8107    0.2262 0.1499      2200.00  577.44   593.159   5.913
    6    0.3732    0.1042    1.1529    0.3217 0.1499      2200.00  577.44   822.291   8.514
    7    0.4479    0.1250    1.5634    0.4363 0.1499      2200.00  577.44  1097.248  12.261
    8    0.5375    0.1500    2.0561    0.5737 0.1499      2200.00  577.44  1427.196   8.828
    9    0.6450    0.1800    2.6473    0.7387 0.1499      2200.00  577.44  1823.135  12.712
   10    0.7740    0.2160    3.3568    0.9367 0.1499      2200.00  577.44  2298.261   9.152
   11    0.9288    0.2592    4.2082    1.1742 0.1499      2200.00  577.44  2868.412  13.179
   12    1.1145    0.3110    5.2298    1.4593 0.1499      2200.00  577.44  3552.594   9.489
   13    1.3374    0.3732    6.4558    1.8014 0.1499      2200.00  577.44  4373.612  13.665
   14    1.6049    0.4478    7.9269    2.2119 0.1499      2200.00  577.44  5358.834   9.838
   15    1.9259    0.5374    9.6923    2.7045 0.1499      2200.00  577.44  6541.100  14.167
   16    2.3111    0.6449   11.8108    3.2957 0.1499      2200.00  577.44  7959.819  10.200
   17    2.7733    0.7738   14.3530    4.0050 0.1499      2200.00  577.44  9662.281  14.689
   18    3.3279    0.9286   17.4035    4.8563 0.1499      2200.00  577.44 11705.237  10.576
   19    3.9935    1.1143   21.0642    5.8777 0.1499      2200.00  577.44 14156.783  15.229
   20    4.7922    1.3372   25.4571    7.1035 0.1499      2200.00  577.44 17098.639  10.965
   21    5.7506    1.6046   30.7285    8.5744 0.1499      2200.00  577.44 20628.866  15.790
 Bottom                     33.6038    9.3768
 Lower layer of time doubling:   7  9 11 13 15 17 19 21
     2.731 seconds at end of season  162 of  162
 Case  1  DTIME: total, user, system=    2.7316    2.7306    0.0010


 ============================= New case =============================
 --------- TYPE LOC  VALUE ------- Parameter Changes
 Changed>>   3  10   1.000          LkofT      LKofT 
Asteroid Bennu =RQ36  19 latitudes  T-dependent properties test Plus tiny atm       
KRCv3.5.5    RUN-CASE  1- 2   2018 Mar 13 18:41:36  PAGE=  2
 Input file: Bennu.inp                                                                       
 Print file: temp.prt                                                                        
 Save file: no                                                                              
     ALBEDO     EMISS   INERTIA     COND2     DENS2    PERIOD  SpecHeat   DENSITY
     0.0300    1.0000  436.3180    3.4000  928.0000   24.0000  577.4365 2200.0000
       CABR       AMW    SatPrA    PTOTAL     FANON      TATM     TDEEP   SpHeat2
     0.0000   43.5000   -0.0000    0.5000    0.0550  200.0000  200.0000 1300.0000
       TAUD     DUSTA    TAURAT     TWILI  ARC2/PHT     [ARC3     SLOPE    SLOAZI
     0.0000    0.9000    0.5000      0.00      0.50     -0.00       0.0      90.0
     TFROST    CFROST    AFROST     FEMIS       AF1       AF2    FROEXT    SatPrB
    10.0000  589944.0    0.6500    0.9500   0.54000    0.0009   50.0000    0.0000
       RLAY      FLAY     CONVF     DEPTH     DRSET    PhotoF       GGT     DTMAX
     1.2000    0.1800    8.0000    0.0000    0.0000    0.0020    0.1000    0.1000
       DJUL    DELJUL SOLAR DEC       DAU       L_S    SOLCON      GRAV    Atm_Cp
   4455.000   10.9106   -8.8017   1.24561  196.3033 1368.0000    3.7270  735.9000
     ConUp0    ConUp1    ConUp2    ConUp3    ConLo0    ConLo1    ConLo2    ConLo3
     0.1499    0.0421    0.0356    0.0004    3.4000    0.0000    0.0000    0.0000
     SphUp0    SphUp1    SphUp2    SphUp3    SphLo0    SphLo1    SphLo2    SphLo3
   577.4365  199.0392  -36.4975   18.4841 1300.0000    0.0000    0.0000    0.0000
         N1        N2        N3        N4        N5       N24       IIB       IC2
         21       384        10        19       162        48         0       999
      NRSET      NMHA      NRUN     JDISK     IDOWN    FlxP14    FlxP15     KPREF
          3        24         1       121         0        45        65         0
      K4OUT     JBARE     Notif    IDISK2
         52         0        20         0
     LP1    LP2    LP3    LP4    LP5    LP6 LPGLOB   LVFA   LVFT  LKofT
       F      T      F      F      F      F      F      F      F      T
   LPORB   LKEY    LSC  LZONE  LOCAL   LD16 LPTAVE  Prt78  Prt79  L_ONE
       T      F      F      F      T      F      F      T      F      F

 Latitudes: 
  -87.50 -80.00 -70.00 -60.00 -50.00 -40.00 -30.00 -20.00 -10.00   0.00
   10.00  20.00  30.00  40.00  50.00  60.00  70.00  80.00  87.50

 Elevations:
    0.00   0.00   0.00   0.00   0.00   0.00   0.00   0.00   0.00   0.00
    0.00   0.00   0.00   0.00   0.00   0.00   0.00   0.00   0.00
LZONE,LALCON,JJH, IK1:4=  F  F   999     1    22    23     0
 CCKU/L=  0.14986      0.42111E-01  0.35592E-01  0.36600E-03
           3.4000       0.0000       0.0000       0.0000    
 CCPU/L=   577.44       199.04      -36.498       18.484    
           1300.0       0.0000       0.0000       0.0000    
T-global= 232.81
    T     cond_SpHeat_UPPER_iner_Diffusivity    cond_SpHeat_LOWER_iner_Diffusivity
  130.0  0.14052  355.26  331.40 0.17979E-06   3.40000 1300.00 2025.28 0.28183E-05
  140.0  0.13876  385.38  343.00 0.16366E-06   3.40000 1300.00 2025.28 0.28183E-05
  150.0  0.13769  413.89  354.09 0.15122E-06   3.40000 1300.00 2025.28 0.28183E-05
  160.0  0.13733  440.88  364.96 0.14158E-06   3.40000 1300.00 2025.28 0.28183E-05
  170.0  0.13765  466.48  375.86 0.13413E-06   3.40000 1300.00 2025.28 0.28183E-05
  180.0  0.13868  490.80  386.97 0.12844E-06   3.40000 1300.00 2025.28 0.28183E-05
  190.0  0.14042  513.94  398.46 0.12419E-06   3.40000 1300.00 2025.28 0.28183E-05
  200.0  0.14286  536.02  410.44 0.12114E-06   3.40000 1300.00 2025.28 0.28183E-05
  210.0  0.14600  557.15  423.04 0.11911E-06   3.40000 1300.00 2025.28 0.28183E-05
  220.0  0.14986  577.44  436.32 0.11796E-06   3.40000 1300.00 2025.28 0.28183E-05
  230.0  0.15443  596.99  450.36 0.11758E-06   3.40000 1300.00 2025.28 0.28183E-05
  240.0  0.15971  615.93  465.20 0.11786E-06   3.40000 1300.00 2025.28 0.28183E-05
  250.0  0.16570  634.36  480.89 0.11873E-06   3.40000 1300.00 2025.28 0.28183E-05
  260.0  0.17242  652.40  497.46 0.12013E-06   3.40000 1300.00 2025.28 0.28183E-05
  270.0  0.17986  670.14  514.94 0.12199E-06   3.40000 1300.00 2025.28 0.28183E-05
  280.0  0.18802  687.71  533.35 0.12427E-06   3.40000 1300.00 2025.28 0.28183E-05
  290.0  0.19690  705.22  552.71 0.12691E-06   3.40000 1300.00 2025.28 0.28183E-05
  300.0  0.20651  722.77  573.04 0.12987E-06   3.40000 1300.00 2025.28 0.28183E-05
  310.0  0.21685  740.48  594.36 0.13312E-06   3.40000 1300.00 2025.28 0.28183E-05
  320.0  0.22793  758.46  616.70 0.13660E-06   3.40000 1300.00 2025.28 0.28183E-05
           ConUp     ConLo     SphUp     SphLo
  Input   0.14986   3.40000    577.44   1300.00
  @Toff   0.14986   3.40000    577.44   1300.00
  @Tglb   0.15584   3.40000    602.37   1300.00
 Time-doubling fraction:  0.39921874    
 1.325E+06=Dens*Cp   1.176E-07=Diffu.      0.2786=Scale      454.44=Inertia
         ___THICKNESS____    __CENTER_DEPTH__  Conductiv. Density Sp.Heat     Total Converg.
 LAYER  D_scale     meter   D_scale     meter      W/m-K   kg/m^3   J/kg     kg/m^2  factor
    1    0.1500    0.0418   -0.0750   -0.0209 0.1558      2200.00  602.37     0.000   0.000
    2    0.1800    0.0501    0.0900    0.0251 0.1558      2200.00  602.37   110.325   1.980
    3    0.2160    0.0602    0.2880    0.0802 0.1558      2200.00  602.37   242.715   2.851
    4    0.2592    0.0722    0.5256    0.1464 0.1558      2200.00  602.37   401.583   4.106
    5    0.3110    0.0867    0.8107    0.2259 0.1558      2200.00  602.37   592.225   5.913
    6    0.3732    0.1040    1.1529    0.3212 0.1558      2200.00  602.37   820.995   8.514
    7    0.4479    0.1248    1.5634    0.4356 0.1558      2200.00  602.37  1095.519  12.261
    8    0.5375    0.1497    2.0561    0.5728 0.1558      2200.00  602.37  1424.947   8.828
    9    0.6450    0.1797    2.6473    0.7375 0.1558      2200.00  602.37  1820.262  12.712
   10    0.7740    0.2156    3.3568    0.9352 0.1558      2200.00  602.37  2294.639   9.152
   11    0.9288    0.2588    4.2082    1.1724 0.1558      2200.00  602.37  2863.892  13.179
   12    1.1145    0.3105    5.2298    1.4570 0.1558      2200.00  602.37  3546.996   9.489
   13    1.3374    0.3726    6.4558    1.7986 0.1558      2200.00  602.37  4366.720  13.665
   14    1.6049    0.4471    7.9269    2.2084 0.1558      2200.00  602.37  5350.389   9.838
   15    1.9259    0.5365    9.6923    2.7003 0.1558      2200.00  602.37  6530.792  14.167
   16    2.3111    0.6439   11.8108    3.2905 0.1558      2200.00  602.37  7947.275  10.200
   17    2.7733    0.7726   14.3530    3.9987 0.1558      2200.00  602.37  9647.055  14.689
   18    3.3279    0.9272   17.4035    4.8486 0.1558      2200.00  602.37 11686.791  10.576
   19    3.9935    1.1126   21.0642    5.8685 0.1558      2200.00  602.37 14134.474  15.229
   20    4.7922    1.3351   25.4571    7.0923 0.1558      2200.00  602.37 17071.694  10.965
   21    5.7506    1.6021   30.7285    8.5609 0.1558      2200.00  602.37 20596.358  15.790
 Bottom                     33.6038    9.3620
 Lower layer of time doubling:   7  9 11 13 15 17 19 21
    10.447 seconds at end of season  162 of  162
 Case  2  DTIME: total, user, system=   10.4474   10.4474    0.0000


 ============================= New case =============================
 --------- TYPE LOC  VALUE ------- Parameter Changes
 TCARD: 8-Cond.   0.14986       0.0000       0.0000       0.0000    
                   3.4000       0.0000       0.0000       0.0000    
 TCARD: 8-SpHt.    577.44       0.0000       0.0000       0.0000    
                   1300.0       0.0000       0.0000       0.0000    
Asteroid Bennu =RQ36  19 latitudes  T-dependent properties test Plus tiny atm       
KRCv3.5.5    RUN-CASE  1- 3   2018 Mar 13 18:41:36  PAGE=  3
 Input file: Bennu.inp                                                                       
 Print file: temp.prt                                                                        
 Save file: no                                                                              
     ALBEDO     EMISS   INERTIA     COND2     DENS2    PERIOD  SpecHeat   DENSITY
     0.0300    1.0000  436.3180    3.4000  928.0000   24.0000  577.4365 2200.0000
       CABR       AMW    SatPrA    PTOTAL     FANON      TATM     TDEEP   SpHeat2
     0.0000   43.5000   -0.0000    0.5000    0.0550  200.0000  200.0000 1300.0000
       TAUD     DUSTA    TAURAT     TWILI  ARC2/PHT     [ARC3     SLOPE    SLOAZI
     0.0000    0.9000    0.5000      0.00      0.50     -0.00       0.0      90.0
     TFROST    CFROST    AFROST     FEMIS       AF1       AF2    FROEXT    SatPrB
    10.0000  589944.0    0.6500    0.9500   0.54000    0.0009   50.0000    0.0000
       RLAY      FLAY     CONVF     DEPTH     DRSET    PhotoF       GGT     DTMAX
     1.2000    0.1800    8.0000    0.0000    0.0000    0.0020    0.1000    0.1000
       DJUL    DELJUL SOLAR DEC       DAU       L_S    SOLCON      GRAV    Atm_Cp
   4455.000   10.9106   -8.8017   1.24561  196.3033 1368.0000    3.7270  735.9000
     ConUp0    ConUp1    ConUp2    ConUp3    ConLo0    ConLo1    ConLo2    ConLo3
     0.1499    0.0000    0.0000    0.0000    3.4000    0.0000    0.0000    0.0000
     SphUp0    SphUp1    SphUp2    SphUp3    SphLo0    SphLo1    SphLo2    SphLo3
   577.4365    0.0000    0.0000    0.0000 1300.0000    0.0000    0.0000    0.0000
         N1        N2        N3        N4        N5       N24       IIB       IC2
         21       384        10        19       162        48         0       999
      NRSET      NMHA      NRUN     JDISK     IDOWN    FlxP14    FlxP15     KPREF
          3        24         1       121         0        45        65         0
      K4OUT     JBARE     Notif    IDISK2
         52         0        20         0
     LP1    LP2    LP3    LP4    LP5    LP6 LPGLOB   LVFA   LVFT  LKofT
       F      T      F      F      F      F      F      F      F      T
   LPORB   LKEY    LSC  LZONE  LOCAL   LD16 LPTAVE  Prt78  Prt79  L_ONE
       T      F      F      F      T      F      F      T      F      F

 Latitudes: 
  -87.50 -80.00 -70.00 -60.00 -50.00 -40.00 -30.00 -20.00 -10.00   0.00
   10.00  20.00  30.00  40.00  50.00  60.00  70.00  80.00  87.50

 Elevations:
    0.00   0.00   0.00   0.00   0.00   0.00   0.00   0.00   0.00   0.00
    0.00   0.00   0.00   0.00   0.00   0.00   0.00   0.00   0.00
LZONE,LALCON,JJH, IK1:4=  F  F   999     1    22    23     0
 CCKU/L=  0.14986       0.0000       0.0000       0.0000    
           3.4000       0.0000       0.0000       0.0000    
 CCPU/L=   577.44       0.0000       0.0000       0.0000    
           1300.0       0.0000       0.0000       0.0000    
T-global= 232.81
    T     cond_SpHeat_UPPER_iner_Diffusivity    cond_SpHeat_LOWER_iner_Diffusivity
  130.0  0.14986  577.44  436.32 0.11796E-06   3.40000 1300.00 2025.28 0.28183E-05
  140.0  0.14986  577.44  436.32 0.11796E-06   3.40000 1300.00 2025.28 0.28183E-05
  150.0  0.14986  577.44  436.32 0.11796E-06   3.40000 1300.00 2025.28 0.28183E-05
  160.0  0.14986  577.44  436.32 0.11796E-06   3.40000 1300.00 2025.28 0.28183E-05
  170.0  0.14986  577.44  436.32 0.11796E-06   3.40000 1300.00 2025.28 0.28183E-05
  180.0  0.14986  577.44  436.32 0.11796E-06   3.40000 1300.00 2025.28 0.28183E-05
  190.0  0.14986  577.44  436.32 0.11796E-06   3.40000 1300.00 2025.28 0.28183E-05
  200.0  0.14986  577.44  436.32 0.11796E-06   3.40000 1300.00 2025.28 0.28183E-05
  210.0  0.14986  577.44  436.32 0.11796E-06   3.40000 1300.00 2025.28 0.28183E-05
  220.0  0.14986  577.44  436.32 0.11796E-06   3.40000 1300.00 2025.28 0.28183E-05
  230.0  0.14986  577.44  436.32 0.11796E-06   3.40000 1300.00 2025.28 0.28183E-05
  240.0  0.14986  577.44  436.32 0.11796E-06   3.40000 1300.00 2025.28 0.28183E-05
  250.0  0.14986  577.44  436.32 0.11796E-06   3.40000 1300.00 2025.28 0.28183E-05
  260.0  0.14986  577.44  436.32 0.11796E-06   3.40000 1300.00 2025.28 0.28183E-05
  270.0  0.14986  577.44  436.32 0.11796E-06   3.40000 1300.00 2025.28 0.28183E-05
  280.0  0.14986  577.44  436.32 0.11796E-06   3.40000 1300.00 2025.28 0.28183E-05
  290.0  0.14986  577.44  436.32 0.11796E-06   3.40000 1300.00 2025.28 0.28183E-05
  300.0  0.14986  577.44  436.32 0.11796E-06   3.40000 1300.00 2025.28 0.28183E-05
  310.0  0.14986  577.44  436.32 0.11796E-06   3.40000 1300.00 2025.28 0.28183E-05
  320.0  0.14986  577.44  436.32 0.11796E-06   3.40000 1300.00 2025.28 0.28183E-05
           ConUp     ConLo     SphUp     SphLo
  Input   0.14986   3.40000    577.44   1300.00
  @Toff   0.14986   3.40000    577.44   1300.00
  @Tglb   0.14986   3.40000    577.44   1300.00
 Time-doubling fraction:  0.39921874    
 1.270E+06=Dens*Cp   1.180E-07=Diffu.      0.2790=Scale      436.32=Inertia
         ___THICKNESS____    __CENTER_DEPTH__  Conductiv. Density Sp.Heat     Total Converg.
 LAYER  D_scale     meter   D_scale     meter      W/m-K   kg/m^3   J/kg     kg/m^2  factor
    1    0.1500    0.0419   -0.0750   -0.0209 0.1499      2200.00  577.44     0.000   0.000
    2    0.1800    0.0502    0.0900    0.0251 0.1499      2200.00  577.44   110.499   1.980
    3    0.2160    0.0603    0.2880    0.0804 0.1499      2200.00  577.44   243.098   2.851
    4    0.2592    0.0723    0.5256    0.1467 0.1499      2200.00  577.44   402.217   4.106
    5    0.3110    0.0868    0.8107    0.2262 0.1499      2200.00  577.44   593.160   5.913
    6    0.3732    0.1042    1.1529    0.3217 0.1499      2200.00  577.44   822.291   8.514
    7    0.4479    0.1250    1.5634    0.4363 0.1499      2200.00  577.44  1097.249  12.261
    8    0.5375    0.1500    2.0561    0.5737 0.1499      2200.00  577.44  1427.197   8.828
    9    0.6450    0.1800    2.6473    0.7387 0.1499      2200.00  577.44  1823.136  12.712
   10    0.7740    0.2160    3.3568    0.9367 0.1499      2200.00  577.44  2298.263   9.152
   11    0.9288    0.2592    4.2082    1.1742 0.1499      2200.00  577.44  2868.414  13.179
   12    1.1145    0.3110    5.2298    1.4593 0.1499      2200.00  577.44  3552.596   9.489
   13    1.3374    0.3732    6.4558    1.8014 0.1499      2200.00  577.44  4373.615  13.665
   14    1.6049    0.4478    7.9269    2.2119 0.1499      2200.00  577.44  5358.837   9.838
   15    1.9259    0.5374    9.6923    2.7045 0.1499      2200.00  577.44  6541.104  14.167
   16    2.3111    0.6449   11.8108    3.2957 0.1499      2200.00  577.44  7959.824  10.200
   17    2.7733    0.7738   14.3530    4.0050 0.1499      2200.00  577.44  9662.288  14.689
   18    3.3279    0.9286   17.4035    4.8563 0.1499      2200.00  577.44 11705.245  10.576
   19    3.9935    1.1143   21.0642    5.8777 0.1499      2200.00  577.44 14156.793  15.229
   20    4.7922    1.3372   25.4571    7.1035 0.1499      2200.00  577.44 17098.651  10.965
   21    5.7506    1.6046   30.7285    8.5744 0.1499      2200.00  577.44 20628.880  15.790
 Bottom                     33.6038    9.3768
 Lower layer of time doubling:   7  9 11 13 15 17 19 21
    10.384 seconds at end of season  162 of  162
 Case  3  DTIME: total, user, system=   10.3854   10.3854    0.0000


 ============================= New case =============================
 --------- TYPE LOC  VALUE ------- Parameter Changes
 Changed>>   3  10   0.000          LkofT      LKofT 
 TCARD: 8-Cond.   0.14986      0.42111E-01  0.35592E-01  0.36600E-03
                   3.4000       0.0000       0.0000       0.0000    
 TCARD: 8-SpHt.    577.44       199.04      -36.498       18.484    
                   1300.0       0.0000       0.0000       0.0000    
 Changed>>   1   3   50.00        INERTIA    INERTIA 
Asteroid Bennu =RQ36  19 latitudes  T-dependent properties test Plus tiny atm       
KRCv3.5.5    RUN-CASE  1- 4   2018 Mar 13 18:41:36  PAGE=  4
 Input file: Bennu.inp                                                                       
 Print file: temp.prt                                                                        
 Save file: no                                                                              
     ALBEDO     EMISS   INERTIA     COND2     DENS2    PERIOD  SpecHeat   DENSITY
     0.0300    1.0000   50.0000    3.4000  928.0000   24.0000  577.4365 2200.0000
       CABR       AMW    SatPrA    PTOTAL     FANON      TATM     TDEEP   SpHeat2
     0.0000   43.5000   -0.0000    0.5000    0.0550  200.0000  200.0000 1300.0000
       TAUD     DUSTA    TAURAT     TWILI  ARC2/PHT     [ARC3     SLOPE    SLOAZI
     0.0000    0.9000    0.5000      0.00      0.50     -0.00       0.0      90.0
     TFROST    CFROST    AFROST     FEMIS       AF1       AF2    FROEXT    SatPrB
    10.0000  589944.0    0.6500    0.9500   0.54000    0.0009   50.0000    0.0000
       RLAY      FLAY     CONVF     DEPTH     DRSET    PhotoF       GGT     DTMAX
     1.2000    0.1800    8.0000    0.0000    0.0000    0.0020    0.1000    0.1000
       DJUL    DELJUL SOLAR DEC       DAU       L_S    SOLCON      GRAV    Atm_Cp
   4455.000   10.9106   -8.8017   1.24561  196.3033 1368.0000    3.7270  735.9000
     ConUp0    ConUp1    ConUp2    ConUp3    ConLo0    ConLo1    ConLo2    ConLo3
     0.1499    0.0421    0.0356    0.0004    3.4000    0.0000    0.0000    0.0000
     SphUp0    SphUp1    SphUp2    SphUp3    SphLo0    SphLo1    SphLo2    SphLo3
   577.4365  199.0392  -36.4975   18.4841 1300.0000    0.0000    0.0000    0.0000
         N1        N2        N3        N4        N5       N24       IIB       IC2
         21       384        10        19       162        48         0       999
      NRSET      NMHA      NRUN     JDISK     IDOWN    FlxP14    FlxP15     KPREF
          3        24         1       121         0        45        65         0
      K4OUT     JBARE     Notif    IDISK2
         52         0        20         0
     LP1    LP2    LP3    LP4    LP5    LP6 LPGLOB   LVFA   LVFT  LKofT
       F      T      F      F      F      F      F      F      F      F
   LPORB   LKEY    LSC  LZONE  LOCAL   LD16 LPTAVE  Prt78  Prt79  L_ONE
       T      F      F      F      T      F      F      T      F      F

 Latitudes: 
  -87.50 -80.00 -70.00 -60.00 -50.00 -40.00 -30.00 -20.00 -10.00   0.00
   10.00  20.00  30.00  40.00  50.00  60.00  70.00  80.00  87.50

 Elevations:
    0.00   0.00   0.00   0.00   0.00   0.00   0.00   0.00   0.00   0.00
    0.00   0.00   0.00   0.00   0.00   0.00   0.00   0.00   0.00
LZONE,LALCON,JJH, IK1:4=  F  T   999     1     0    23     0
 Time-doubling fraction:  0.39921874    
 1.270E+06=Dens*Cp   1.549E-09=Diffu.      0.0320=Scale       50.00=Inertia
         ___THICKNESS____    __CENTER_DEPTH__  Conductiv. Density Sp.Heat     Total Converg.
 LAYER  D_scale     meter   D_scale     meter      W/m-K   kg/m^3   J/kg     kg/m^2  factor
    1    0.1500    0.0048   -0.0750   -0.0024 0.1968E-02  2200.00  577.44     0.000   0.000
    2    0.1800    0.0058    0.0900    0.0029 0.1968E-02  2200.00  577.44    12.663   1.980
    3    0.2160    0.0069    0.2880    0.0092 0.1968E-02  2200.00  577.44    27.858   2.851
    4    0.2592    0.0083    0.5256    0.0168 0.1968E-02  2200.00  577.44    46.092   4.106
    5    0.3110    0.0099    0.8107    0.0259 0.1968E-02  2200.00  577.44    67.973   5.913
    6    0.3732    0.0119    1.1529    0.0369 0.1968E-02  2200.00  577.44    94.231   8.514
    7    0.4479    0.0143    1.5634    0.0500 0.1968E-02  2200.00  577.44   125.739  12.261
    8    0.5375    0.0172    2.0561    0.0657 0.1968E-02  2200.00  577.44   163.550   8.828
    9    0.6450    0.0206    2.6473    0.0847 0.1968E-02  2200.00  577.44   208.923  12.712
   10    0.7740    0.0247    3.3568    0.1073 0.1968E-02  2200.00  577.44   263.370   9.152
   11    0.9288    0.0297    4.2082    0.1346 0.1968E-02  2200.00  577.44   328.707  13.179
   12    1.1145    0.0356    5.2298    0.1672 0.1968E-02  2200.00  577.44   407.111   9.489
   13    1.3374    0.0428    6.4558    0.2064 0.1968E-02  2200.00  577.44   501.195  13.665
   14    1.6049    0.0513    7.9269    0.2535 0.1968E-02  2200.00  577.44   614.097   9.838
   15    1.9259    0.0616    9.6923    0.3099 0.1968E-02  2200.00  577.44   749.579  14.167
   16    2.3111    0.0739   11.8108    0.3777 0.1968E-02  2200.00  577.44   912.158  10.200
   17    2.7733    0.0887   14.3530    0.4590 0.1968E-02  2200.00  577.44  1107.252  14.689
   18    3.3279    0.1064   17.4035    0.5565 0.1968E-02  2200.00  577.44  1341.365  10.576
   19    3.9935    0.1277   21.0642    0.6736 0.1968E-02  2200.00  577.44  1622.301  15.229
   20    4.7922    0.1532   25.4571    0.8140 0.1968E-02  2200.00  577.44  1959.424  10.965
   21    5.7506    0.1839   30.7285    0.9826 0.1968E-02  2200.00  577.44  2363.971  15.790
 Bottom                     33.6038    1.0745
 Lower layer of time doubling:   7  9 11 13 15 17 19 21
     2.737 seconds at end of season  162 of  162
 Case  4  DTIME: total, user, system=    2.7366    2.7366    0.0000


 ============================= New case =============================
 --------- TYPE LOC  VALUE ------- Parameter Changes
 Changed>>   1   3   1600.        INERTIA    INERTIA 
Asteroid Bennu =RQ36  19 latitudes  T-dependent properties test Plus tiny atm       
KRCv3.5.5    RUN-CASE  1- 5   2018 Mar 13 18:41:36  PAGE=  5
 Input file: Bennu.inp                                                                       
 Print file: temp.prt                                                                        
 Save file: no                                                                              
     ALBEDO     EMISS   INERTIA     COND2     DENS2    PERIOD  SpecHeat   DENSITY
     0.0300    1.0000 1600.0000    3.4000  928.0000   24.0000  577.4365 2200.0000
       CABR       AMW    SatPrA    PTOTAL     FANON      TATM     TDEEP   SpHeat2
     0.0000   43.5000   -0.0000    0.5000    0.0550  200.0000  200.0000 1300.0000
       TAUD     DUSTA    TAURAT     TWILI  ARC2/PHT     [ARC3     SLOPE    SLOAZI
     0.0000    0.9000    0.5000      0.00      0.50     -0.00       0.0      90.0
     TFROST    CFROST    AFROST     FEMIS       AF1       AF2    FROEXT    SatPrB
    10.0000  589944.0    0.6500    0.9500   0.54000    0.0009   50.0000    0.0000
       RLAY      FLAY     CONVF     DEPTH     DRSET    PhotoF       GGT     DTMAX
     1.2000    0.1800    8.0000    0.0000    0.0000    0.0020    0.1000    0.1000
       DJUL    DELJUL SOLAR DEC       DAU       L_S    SOLCON      GRAV    Atm_Cp
   4455.000   10.9106   -8.8017   1.24561  196.3033 1368.0000    3.7270  735.9000
     ConUp0    ConUp1    ConUp2    ConUp3    ConLo0    ConLo1    ConLo2    ConLo3
     0.1499    0.0421    0.0356    0.0004    3.4000    0.0000    0.0000    0.0000
     SphUp0    SphUp1    SphUp2    SphUp3    SphLo0    SphLo1    SphLo2    SphLo3
   577.4365  199.0392  -36.4975   18.4841 1300.0000    0.0000    0.0000    0.0000
         N1        N2        N3        N4        N5       N24       IIB       IC2
         21       384        10        19       162        48         0       999
      NRSET      NMHA      NRUN     JDISK     IDOWN    FlxP14    FlxP15     KPREF
          3        24         1       121         0        45        65         0
      K4OUT     JBARE     Notif    IDISK2
         52         0        20         0
     LP1    LP2    LP3    LP4    LP5    LP6 LPGLOB   LVFA   LVFT  LKofT
       F      T      F      F      F      F      F      F      F      F
   LPORB   LKEY    LSC  LZONE  LOCAL   LD16 LPTAVE  Prt78  Prt79  L_ONE
       T      F      F      F      T      F      F      T      F      F

 Latitudes: 
  -87.50 -80.00 -70.00 -60.00 -50.00 -40.00 -30.00 -20.00 -10.00   0.00
   10.00  20.00  30.00  40.00  50.00  60.00  70.00  80.00  87.50

 Elevations:
    0.00   0.00   0.00   0.00   0.00   0.00   0.00   0.00   0.00   0.00
    0.00   0.00   0.00   0.00   0.00   0.00   0.00   0.00   0.00
LZONE,LALCON,JJH, IK1:4=  F  T   999     1     0    23     0
 Time-doubling fraction:  0.39921874    
 1.270E+06=Dens*Cp   1.586E-06=Diffu.      1.0232=Scale     1600.00=Inertia
         ___THICKNESS____    __CENTER_DEPTH__  Conductiv. Density Sp.Heat     Total Converg.
 LAYER  D_scale     meter   D_scale     meter      W/m-K   kg/m^3   J/kg     kg/m^2  factor
    1    0.1500    0.1535   -0.0750   -0.0767  2.015      2200.00  577.44     0.000   0.000
    2    0.1800    0.1842    0.0900    0.0921  2.015      2200.00  577.44   405.206   1.980
    3    0.2160    0.2210    0.2880    0.2947  2.015      2200.00  577.44   891.453   2.851
    4    0.2592    0.2652    0.5256    0.5378  2.015      2200.00  577.44  1474.950   4.106
    5    0.3110    0.3183    0.8107    0.8296  2.015      2200.00  577.44  2175.146   5.913
    6    0.3732    0.3819    1.1529    1.1797  2.015      2200.00  577.44  3015.381   8.514
    7    0.4479    0.4583    1.5634    1.5998  2.015      2200.00  577.44  4023.663  12.261
    8    0.5375    0.5500    2.0561    2.1039  2.015      2200.00  577.44  5233.601   8.828
    9    0.6450    0.6600    2.6473    2.7089  2.015      2200.00  577.44  6685.527  12.712
   10    0.7740    0.7920    3.3568    3.4349  2.015      2200.00  577.44  8427.839   9.152
   11    0.9288    0.9504    4.2082    4.3060  2.015      2200.00  577.44 10518.612  13.179
   12    1.1145    1.1404    5.2298    5.3514  2.015      2200.00  577.44 13027.541   9.489
   13    1.3374    1.3685    6.4558    6.6059  2.015      2200.00  577.44 16038.255  13.665
   14    1.6049    1.6422    7.9269    8.1112  2.015      2200.00  577.44 19651.112   9.838
   15    1.9259    1.9706    9.6923    9.9176  2.015      2200.00  577.44 23986.540  14.167
   16    2.3111    2.3648   11.8108   12.0854  2.015      2200.00  577.44 29189.054  10.200
   17    2.7733    2.8377   14.3530   14.6866  2.015      2200.00  577.44 35432.071  14.689
   18    3.3279    3.4053   17.4035   17.8081  2.015      2200.00  577.44 42923.691  10.576
   19    3.9935    4.0863   21.0642   21.5539  2.015      2200.00  577.44 51913.635  15.229
   20    4.7922    4.9036   25.4571   26.0489  2.015      2200.00  577.44 62701.568  10.965
   21    5.7506    5.8843   30.7285   31.4429  2.015      2200.00  577.44 75647.088  15.790
 Bottom                     33.6038   34.3850
 Lower layer of time doubling:   7  9 11 13 15 17 19 21
     2.731 seconds at end of season  162 of  162
 Case  5  DTIME: total, user, system=    2.7316    2.7316    0.0000


 ============================= New case =============================
 --------- TYPE LOC  VALUE ------- Parameter Changes
 Changed>>   1   3   436.3        INERTIA    INERTIA 
 Changed>>   1  12   5.000         PTOTAL    PTOTAL  
Asteroid Bennu =RQ36  19 latitudes  T-dependent properties test Plus tiny atm       
KRCv3.5.5    RUN-CASE  1- 6   2018 Mar 13 18:41:36  PAGE=  6
 Input file: Bennu.inp                                                                       
 Print file: temp.prt                                                                        
 Save file: no                                                                              
     ALBEDO     EMISS   INERTIA     COND2     DENS2    PERIOD  SpecHeat   DENSITY
     0.0300    1.0000  436.3180    3.4000  928.0000   24.0000  577.4365 2200.0000
       CABR       AMW    SatPrA    PTOTAL     FANON      TATM     TDEEP   SpHeat2
     0.0000   43.5000   -0.0000    5.0000    0.0550  200.0000  200.0000 1300.0000
       TAUD     DUSTA    TAURAT     TWILI  ARC2/PHT     [ARC3     SLOPE    SLOAZI
     0.0000    0.9000    0.5000      0.00      0.50     -0.00       0.0      90.0
     TFROST    CFROST    AFROST     FEMIS       AF1       AF2    FROEXT    SatPrB
    10.0000  589944.0    0.6500    0.9500   0.54000    0.0009   50.0000    0.0000
       RLAY      FLAY     CONVF     DEPTH     DRSET    PhotoF       GGT     DTMAX
     1.2000    0.1800    8.0000    0.0000    0.0000    0.0020    0.1000    0.1000
       DJUL    DELJUL SOLAR DEC       DAU       L_S    SOLCON      GRAV    Atm_Cp
   4455.000   10.9106   -8.8017   1.24561  196.3033 1368.0000    3.7270  735.9000
     ConUp0    ConUp1    ConUp2    ConUp3    ConLo0    ConLo1    ConLo2    ConLo3
     0.1499    0.0421    0.0356    0.0004    3.4000    0.0000    0.0000    0.0000
     SphUp0    SphUp1    SphUp2    SphUp3    SphLo0    SphLo1    SphLo2    SphLo3
   577.4365  199.0392  -36.4975   18.4841 1300.0000    0.0000    0.0000    0.0000
         N1        N2        N3        N4        N5       N24       IIB       IC2
         21       384        10        19       162        48         0       999
      NRSET      NMHA      NRUN     JDISK     IDOWN    FlxP14    FlxP15     KPREF
          3        24         1       121         0        45        65         0
      K4OUT     JBARE     Notif    IDISK2
         52         0        20         0
     LP1    LP2    LP3    LP4    LP5    LP6 LPGLOB   LVFA   LVFT  LKofT
       F      T      F      F      F      F      F      F      F      F
   LPORB   LKEY    LSC  LZONE  LOCAL   LD16 LPTAVE  Prt78  Prt79  L_ONE
       T      F      F      F      T      F      F      T      F      F

 Latitudes: 
  -87.50 -80.00 -70.00 -60.00 -50.00 -40.00 -30.00 -20.00 -10.00   0.00
   10.00  20.00  30.00  40.00  50.00  60.00  70.00  80.00  87.50

 Elevations:
    0.00   0.00   0.00   0.00   0.00   0.00   0.00   0.00   0.00   0.00
    0.00   0.00   0.00   0.00   0.00   0.00   0.00   0.00   0.00
LZONE,LALCON,JJH, IK1:4=  F  T   999     1     0    23     0
 Time-doubling fraction:  0.39921874    
 1.270E+06=Dens*Cp   1.180E-07=Diffu.      0.2790=Scale      436.32=Inertia
         ___THICKNESS____    __CENTER_DEPTH__  Conductiv. Density Sp.Heat     Total Converg.
 LAYER  D_scale     meter   D_scale     meter      W/m-K   kg/m^3   J/kg     kg/m^2  factor
    1    0.1500    0.0419   -0.0750   -0.0209 0.1499      2200.00  577.44     0.000   0.000
    2    0.1800    0.0502    0.0900    0.0251 0.1499      2200.00  577.44   110.499   1.980
    3    0.2160    0.0603    0.2880    0.0804 0.1499      2200.00  577.44   243.098   2.851
    4    0.2592    0.0723    0.5256    0.1467 0.1499      2200.00  577.44   402.217   4.106
    5    0.3110    0.0868    0.8107    0.2262 0.1499      2200.00  577.44   593.159   5.913
    6    0.3732    0.1042    1.1529    0.3217 0.1499      2200.00  577.44   822.291   8.514
    7    0.4479    0.1250    1.5634    0.4363 0.1499      2200.00  577.44  1097.248  12.261
    8    0.5375    0.1500    2.0561    0.5737 0.1499      2200.00  577.44  1427.196   8.828
    9    0.6450    0.1800    2.6473    0.7387 0.1499      2200.00  577.44  1823.135  12.712
   10    0.7740    0.2160    3.3568    0.9367 0.1499      2200.00  577.44  2298.261   9.152
   11    0.9288    0.2592    4.2082    1.1742 0.1499      2200.00  577.44  2868.412  13.179
   12    1.1145    0.3110    5.2298    1.4593 0.1499      2200.00  577.44  3552.594   9.489
   13    1.3374    0.3732    6.4558    1.8014 0.1499      2200.00  577.44  4373.612  13.665
   14    1.6049    0.4478    7.9269    2.2119 0.1499      2200.00  577.44  5358.834   9.838
   15    1.9259    0.5374    9.6923    2.7045 0.1499      2200.00  577.44  6541.100  14.167
   16    2.3111    0.6449   11.8108    3.2957 0.1499      2200.00  577.44  7959.819  10.200
   17    2.7733    0.7738   14.3530    4.0050 0.1499      2200.00  577.44  9662.281  14.689
   18    3.3279    0.9286   17.4035    4.8563 0.1499      2200.00  577.44 11705.237  10.576
   19    3.9935    1.1143   21.0642    5.8777 0.1499      2200.00  577.44 14156.783  15.229
   20    4.7922    1.3372   25.4571    7.1035 0.1499      2200.00  577.44 17098.639  10.965
   21    5.7506    1.6046   30.7285    8.5744 0.1499      2200.00  577.44 20628.866  15.790
 Bottom                     33.6038    9.3768
 Lower layer of time doubling:   7  9 11 13 15 17 19 21
     3.050 seconds at end of season  162 of  162
 Case  6  DTIME: total, user, system=    3.0495    3.0495    0.0000


 ============================= New case =============================
 --------- TYPE LOC  VALUE ------- Parameter Changes
 Changed>>   1   9  0.1000E-02       CABR    CABR    
 Changed>>   1  17  0.1000E-02       TAUD    TAUD    
Asteroid Bennu =RQ36  19 latitudes  T-dependent properties test Plus tiny atm       
KRCv3.5.5    RUN-CASE  1- 7   2018 Mar 13 18:41:36  PAGE=  7
 Input file: Bennu.inp                                                                       
 Print file: temp.prt                                                                        
 Save file: no                                                                              
     ALBEDO     EMISS   INERTIA     COND2     DENS2    PERIOD  SpecHeat   DENSITY
     0.0300    1.0000  436.3180    3.4000  928.0000   24.0000  577.4365 2200.0000
       CABR       AMW    SatPrA    PTOTAL     FANON      TATM     TDEEP   SpHeat2
     0.0010   43.5000   -0.0000    5.0000    0.0550  200.0000  200.0000 1300.0000
       TAUD     DUSTA    TAURAT     TWILI  ARC2/PHT     [ARC3     SLOPE    SLOAZI
     0.0010    0.9000    0.5000      0.00      0.50     -0.00       0.0      90.0
     TFROST    CFROST    AFROST     FEMIS       AF1       AF2    FROEXT    SatPrB
    10.0000  589944.0    0.6500    0.9500   0.54000    0.0009   50.0000    0.0000
       RLAY      FLAY     CONVF     DEPTH     DRSET    PhotoF       GGT     DTMAX
     1.2000    0.1800    8.0000    0.0000    0.0000    0.0020    0.1000    0.1000
       DJUL    DELJUL SOLAR DEC       DAU       L_S    SOLCON      GRAV    Atm_Cp
   4455.000   10.9106   -8.8017   1.24561  196.3033 1368.0000    3.7270  735.9000
     ConUp0    ConUp1    ConUp2    ConUp3    ConLo0    ConLo1    ConLo2    ConLo3
     0.1499    0.0421    0.0356    0.0004    3.4000    0.0000    0.0000    0.0000
     SphUp0    SphUp1    SphUp2    SphUp3    SphLo0    SphLo1    SphLo2    SphLo3
   577.4365  199.0392  -36.4975   18.4841 1300.0000    0.0000    0.0000    0.0000
         N1        N2        N3        N4        N5       N24       IIB       IC2
         21       384        10        19       162        48         0       999
      NRSET      NMHA      NRUN     JDISK     IDOWN    FlxP14    FlxP15     KPREF
          3        24         1       121         0        45        65         0
      K4OUT     JBARE     Notif    IDISK2
         52         0        20         0
     LP1    LP2    LP3    LP4    LP5    LP6 LPGLOB   LVFA   LVFT  LKofT
       F      T      F      F      F      F      F      F      F      F
   LPORB   LKEY    LSC  LZONE  LOCAL   LD16 LPTAVE  Prt78  Prt79  L_ONE
       T      F      F      F      T      F      F      T      F      F

 Latitudes: 
  -87.50 -80.00 -70.00 -60.00 -50.00 -40.00 -30.00 -20.00 -10.00   0.00
   10.00  20.00  30.00  40.00  50.00  60.00  70.00  80.00  87.50

 Elevations:
    0.00   0.00   0.00   0.00   0.00   0.00   0.00   0.00   0.00   0.00
    0.00   0.00   0.00   0.00   0.00   0.00   0.00   0.00   0.00
LZONE,LALCON,JJH, IK1:4=  F  T   999     1     0    23     0
 Time-doubling fraction:  0.39921874    
 1.270E+06=Dens*Cp   1.180E-07=Diffu.      0.2790=Scale      436.32=Inertia
         ___THICKNESS____    __CENTER_DEPTH__  Conductiv. Density Sp.Heat     Total Converg.
 LAYER  D_scale     meter   D_scale     meter      W/m-K   kg/m^3   J/kg     kg/m^2  factor
    1    0.1500    0.0419   -0.0750   -0.0209 0.1499      2200.00  577.44     0.000   0.000
    2    0.1800    0.0502    0.0900    0.0251 0.1499      2200.00  577.44   110.499   1.980
    3    0.2160    0.0603    0.2880    0.0804 0.1499      2200.00  577.44   243.098   2.851
    4    0.2592    0.0723    0.5256    0.1467 0.1499      2200.00  577.44   402.217   4.106
    5    0.3110    0.0868    0.8107    0.2262 0.1499      2200.00  577.44   593.159   5.913
    6    0.3732    0.1042    1.1529    0.3217 0.1499      2200.00  577.44   822.291   8.514
    7    0.4479    0.1250    1.5634    0.4363 0.1499      2200.00  577.44  1097.248  12.261
    8    0.5375    0.1500    2.0561    0.5737 0.1499      2200.00  577.44  1427.196   8.828
    9    0.6450    0.1800    2.6473    0.7387 0.1499      2200.00  577.44  1823.135  12.712
   10    0.7740    0.2160    3.3568    0.9367 0.1499      2200.00  577.44  2298.261   9.152
   11    0.9288    0.2592    4.2082    1.1742 0.1499      2200.00  577.44  2868.412  13.179
   12    1.1145    0.3110    5.2298    1.4593 0.1499      2200.00  577.44  3552.594   9.489
   13    1.3374    0.3732    6.4558    1.8014 0.1499      2200.00  577.44  4373.612  13.665
   14    1.6049    0.4478    7.9269    2.2119 0.1499      2200.00  577.44  5358.834   9.838
   15    1.9259    0.5374    9.6923    2.7045 0.1499      2200.00  577.44  6541.100  14.167
   16    2.3111    0.6449   11.8108    3.2957 0.1499      2200.00  577.44  7959.819  10.200
   17    2.7733    0.7738   14.3530    4.0050 0.1499      2200.00  577.44  9662.281  14.689
   18    3.3279    0.9286   17.4035    4.8563 0.1499      2200.00  577.44 11705.237  10.576
   19    3.9935    1.1143   21.0642    5.8777 0.1499      2200.00  577.44 14156.783  15.229
   20    4.7922    1.3372   25.4571    7.1035 0.1499      2200.00  577.44 17098.639  10.965
   21    5.7506    1.6046   30.7285    8.5744 0.1499      2200.00  577.44 20628.866  15.790
 Bottom                     33.6038    9.3768
 Lower layer of time doubling:   7  9 11 13 15 17 19 21
     3.061 seconds at end of season  162 of  162
 Case  7  DTIME: total, user, system=    3.0605    3.0605    0.0000


 ============================= New case =============================
 --------- TYPE LOC  VALUE ------- Parameter Changes
 Changed>>   1   9  0.1000           CABR    CABR    
 Changed>>   1  17  0.3000           TAUD    TAUD    
Asteroid Bennu =RQ36  19 latitudes  T-dependent properties test Plus tiny atm       
KRCv3.5.5    RUN-CASE  1- 8   2018 Mar 13 18:41:36  PAGE=  8
 Input file: Bennu.inp                                                                       
 Print file: temp.prt                                                                        
 Save file: no                                                                              
     ALBEDO     EMISS   INERTIA     COND2     DENS2    PERIOD  SpecHeat   DENSITY
     0.0300    1.0000  436.3180    3.4000  928.0000   24.0000  577.4365 2200.0000
       CABR       AMW    SatPrA    PTOTAL     FANON      TATM     TDEEP   SpHeat2
     0.1000   43.5000   -0.0000    5.0000    0.0550  200.0000  200.0000 1300.0000
       TAUD     DUSTA    TAURAT     TWILI  ARC2/PHT     [ARC3     SLOPE    SLOAZI
     0.3000    0.9000    0.5000      0.00      0.50     -0.00       0.0      90.0
     TFROST    CFROST    AFROST     FEMIS       AF1       AF2    FROEXT    SatPrB
    10.0000  589944.0    0.6500    0.9500   0.54000    0.0009   50.0000    0.0000
       RLAY      FLAY     CONVF     DEPTH     DRSET    PhotoF       GGT     DTMAX
     1.2000    0.1800    8.0000    0.0000    0.0000    0.0020    0.1000    0.1000
       DJUL    DELJUL SOLAR DEC       DAU       L_S    SOLCON      GRAV    Atm_Cp
   4455.000   10.9106   -8.8017   1.24561  196.3033 1368.0000    3.7270  735.9000
     ConUp0    ConUp1    ConUp2    ConUp3    ConLo0    ConLo1    ConLo2    ConLo3
     0.1499    0.0421    0.0356    0.0004    3.4000    0.0000    0.0000    0.0000
     SphUp0    SphUp1    SphUp2    SphUp3    SphLo0    SphLo1    SphLo2    SphLo3
   577.4365  199.0392  -36.4975   18.4841 1300.0000    0.0000    0.0000    0.0000
         N1        N2        N3        N4        N5       N24       IIB       IC2
         21       384        10        19       162        48         0       999
      NRSET      NMHA      NRUN     JDISK     IDOWN    FlxP14    FlxP15     KPREF
          3        24         1       121         0        45        65         0
      K4OUT     JBARE     Notif    IDISK2
         52         0        20         0
     LP1    LP2    LP3    LP4    LP5    LP6 LPGLOB   LVFA   LVFT  LKofT
       F      T      F      F      F      F      F      F      F      F
   LPORB   LKEY    LSC  LZONE  LOCAL   LD16 LPTAVE  Prt78  Prt79  L_ONE
       T      F      F      F      T      F      F      T      F      F

 Latitudes: 
  -87.50 -80.00 -70.00 -60.00 -50.00 -40.00 -30.00 -20.00 -10.00   0.00
   10.00  20.00  30.00  40.00  50.00  60.00  70.00  80.00  87.50

 Elevations:
    0.00   0.00   0.00   0.00   0.00   0.00   0.00   0.00   0.00   0.00
    0.00   0.00   0.00   0.00   0.00   0.00   0.00   0.00   0.00
LZONE,LALCON,JJH, IK1:4=  F  T   999     1     0    23     0
 Time-doubling fraction:  0.39921874    
 1.270E+06=Dens*Cp   1.180E-07=Diffu.      0.2790=Scale      436.32=Inertia
         ___THICKNESS____    __CENTER_DEPTH__  Conductiv. Density Sp.Heat     Total Converg.
 LAYER  D_scale     meter   D_scale     meter      W/m-K   kg/m^3   J/kg     kg/m^2  factor
    1    0.1500    0.0419   -0.0750   -0.0209 0.1499      2200.00  577.44     0.000   0.000
    2    0.1800    0.0502    0.0900    0.0251 0.1499      2200.00  577.44   110.499   1.980
    3    0.2160    0.0603    0.2880    0.0804 0.1499      2200.00  577.44   243.098   2.851
    4    0.2592    0.0723    0.5256    0.1467 0.1499      2200.00  577.44   402.217   4.106
    5    0.3110    0.0868    0.8107    0.2262 0.1499      2200.00  577.44   593.159   5.913
    6    0.3732    0.1042    1.1529    0.3217 0.1499      2200.00  577.44   822.291   8.514
    7    0.4479    0.1250    1.5634    0.4363 0.1499      2200.00  577.44  1097.248  12.261
    8    0.5375    0.1500    2.0561    0.5737 0.1499      2200.00  577.44  1427.196   8.828
    9    0.6450    0.1800    2.6473    0.7387 0.1499      2200.00  577.44  1823.135  12.712
   10    0.7740    0.2160    3.3568    0.9367 0.1499      2200.00  577.44  2298.261   9.152
   11    0.9288    0.2592    4.2082    1.1742 0.1499      2200.00  577.44  2868.412  13.179
   12    1.1145    0.3110    5.2298    1.4593 0.1499      2200.00  577.44  3552.594   9.489
   13    1.3374    0.3732    6.4558    1.8014 0.1499      2200.00  577.44  4373.612  13.665
   14    1.6049    0.4478    7.9269    2.2119 0.1499      2200.00  577.44  5358.834   9.838
   15    1.9259    0.5374    9.6923    2.7045 0.1499      2200.00  577.44  6541.100  14.167
   16    2.3111    0.6449   11.8108    3.2957 0.1499      2200.00  577.44  7959.819  10.200
   17    2.7733    0.7738   14.3530    4.0050 0.1499      2200.00  577.44  9662.281  14.689
   18    3.3279    0.9286   17.4035    4.8563 0.1499      2200.00  577.44 11705.237  10.576
   19    3.9935    1.1143   21.0642    5.8777 0.1499      2200.00  577.44 14156.783  15.229
   20    4.7922    1.3372   25.4571    7.1035 0.1499      2200.00  577.44 17098.639  10.965
   21    5.7506    1.6046   30.7285    8.5744 0.1499      2200.00  577.44 20628.866  15.790
 Bottom                     33.6038    9.3768
 Lower layer of time doubling:   7  9 11 13 15 17 19 21
 TDAY blowup: jj,jjj,j4,j5=         293           1           1           1
 LRESET,LDAY,LOPN3,Tsur= F F F   90290150.693845019     
 LATM,LFROST,LALCON,ABRAD= T F T   1283736662.3085766     
 atm items=   1283736629.4135764      F   0.0000000000000000     
 FARAD,SHEATF,POW,DT=   0.0000000000000000       -429.03342217470134        1283735549.8341417        90289819.357002705     
  TEMP BLOWING UP. J2,J3,J4,J5=       293         1         1         1

   0.9029E+08  0.2594E+03  0.1852E+03  0.1850E+03  0.1850E+03  0.1850E+03  0.1850E+03  0.1850E+03  0.1850E+03  0.1850E+03
   0.1850E+03  0.1850E+03  0.1850E+03  0.1850E+03  0.1850E+03  0.1850E+03  0.1850E+03  0.1850E+03  0.1850E+03  0.1850E+03
   0.1850E+03
 DELT,TATMJ,TBLOW=   90289819.357002705       -15487.657607037932        714.69079388056457     
 SURF AVE = 215.6  BOTM AVE = 216.4  DELTA T = 0.9918  NUM DAYS =  1  FROST =   0.0000
 AT START OF DAY
 DAY  DTMJ SUR_AVE BOT_AVE     1       2       4       6       8      10      12      14      16      18      20      21
   1 -1.00   185.0   185.0   185.0   185.0   185.0   185.0   185.0   185.0   185.0   185.0   185.0   185.0   185.0   185.0
   2  3.45   104.3    71.7   103.1   104.2   109.3   116.4   125.9   138.0   151.3   161.4   158.0   129.9    86.9    72.7
     0.001 seconds at end of season    1 of  162
 Case  8  DTIME: total, user, system=    0.0010    0.0010    0.0000


 ============================= New case =============================
 --------- TYPE LOC  VALUE ------- Parameter Changes
 Changed>>   1  12   500.0         PTOTAL    PTOTAL  
Asteroid Bennu =RQ36  19 latitudes  T-dependent properties test Plus tiny atm       
KRCv3.5.5    RUN-CASE  1- 9   2018 Mar 13 18:41:36  PAGE=  9
 Input file: Bennu.inp                                                                       
 Print file: temp.prt                                                                        
 Save file: no                                                                              
     ALBEDO     EMISS   INERTIA     COND2     DENS2    PERIOD  SpecHeat   DENSITY
     0.0300    1.0000  436.3180    3.4000  928.0000   24.0000  577.4365 2200.0000
       CABR       AMW    SatPrA    PTOTAL     FANON      TATM     TDEEP   SpHeat2
     0.1000   43.5000   -0.0000  500.0000    0.0550  200.0000  200.0000 1300.0000
       TAUD     DUSTA    TAURAT     TWILI  ARC2/PHT     [ARC3     SLOPE    SLOAZI
     0.3000    0.9000    0.5000      0.00      0.50     -0.00       0.0      90.0
     TFROST    CFROST    AFROST     FEMIS       AF1       AF2    FROEXT    SatPrB
    10.0000  589944.0    0.6500    0.9500   0.54000    0.0009   50.0000    0.0000
       RLAY      FLAY     CONVF     DEPTH     DRSET    PhotoF       GGT     DTMAX
     1.2000    0.1800    8.0000    0.0000    0.0000    0.0020    0.1000    0.1000
       DJUL    DELJUL SOLAR DEC       DAU       L_S    SOLCON      GRAV    Atm_Cp
   4455.000   10.9106   -4.8539   1.21634  188.9304 1368.0000    3.7270  735.9000
     ConUp0    ConUp1    ConUp2    ConUp3    ConLo0    ConLo1    ConLo2    ConLo3
     0.1499    0.0421    0.0356    0.0004    3.4000    0.0000    0.0000    0.0000
     SphUp0    SphUp1    SphUp2    SphUp3    SphLo0    SphLo1    SphLo2    SphLo3
   577.4365  199.0392  -36.4975   18.4841 1300.0000    0.0000    0.0000    0.0000
         N1        N2        N3        N4        N5       N24       IIB       IC2
         21       384        10        19       162        48         0       999
      NRSET      NMHA      NRUN     JDISK     IDOWN    FlxP14    FlxP15     KPREF
          3        24         1       121         0        45        65         0
      K4OUT     JBARE     Notif    IDISK2
         52         0        20         0
     LP1    LP2    LP3    LP4    LP5    LP6 LPGLOB   LVFA   LVFT  LKofT
       F      T      F      F      F      F      F      F      F      F
   LPORB   LKEY    LSC  LZONE  LOCAL   LD16 LPTAVE  Prt78  Prt79  L_ONE
       T      F      F      F      T      F      F      T      F      F

 Latitudes: 
  -87.50 -80.00 -70.00 -60.00 -50.00 -40.00 -30.00 -20.00 -10.00   0.00
   10.00  20.00  30.00  40.00  50.00  60.00  70.00  80.00  87.50

 Elevations:
    0.00   0.00   0.00   0.00   0.00   0.00   0.00   0.00   0.00   0.00
    0.00   0.00   0.00   0.00   0.00   0.00   0.00   0.00   0.00
LZONE,LALCON,JJH, IK1:4=  F  T   999     1     0    23     0
 Time-doubling fraction:  0.39921874    
 1.270E+06=Dens*Cp   1.180E-07=Diffu.      0.2790=Scale      436.32=Inertia
         ___THICKNESS____    __CENTER_DEPTH__  Conductiv. Density Sp.Heat     Total Converg.
 LAYER  D_scale     meter   D_scale     meter      W/m-K   kg/m^3   J/kg     kg/m^2  factor
    1    0.1500    0.0419   -0.0750   -0.0209 0.1499      2200.00  577.44     0.000   0.000
    2    0.1800    0.0502    0.0900    0.0251 0.1499      2200.00  577.44   110.499   1.980
    3    0.2160    0.0603    0.2880    0.0804 0.1499      2200.00  577.44   243.098   2.851
    4    0.2592    0.0723    0.5256    0.1467 0.1499      2200.00  577.44   402.217   4.106
    5    0.3110    0.0868    0.8107    0.2262 0.1499      2200.00  577.44   593.159   5.913
    6    0.3732    0.1042    1.1529    0.3217 0.1499      2200.00  577.44   822.291   8.514
    7    0.4479    0.1250    1.5634    0.4363 0.1499      2200.00  577.44  1097.248  12.261
    8    0.5375    0.1500    2.0561    0.5737 0.1499      2200.00  577.44  1427.196   8.828
    9    0.6450    0.1800    2.6473    0.7387 0.1499      2200.00  577.44  1823.135  12.712
   10    0.7740    0.2160    3.3568    0.9367 0.1499      2200.00  577.44  2298.261   9.152
   11    0.9288    0.2592    4.2082    1.1742 0.1499      2200.00  577.44  2868.412  13.179
   12    1.1145    0.3110    5.2298    1.4593 0.1499      2200.00  577.44  3552.594   9.489
   13    1.3374    0.3732    6.4558    1.8014 0.1499      2200.00  577.44  4373.612  13.665
   14    1.6049    0.4478    7.9269    2.2119 0.1499      2200.00  577.44  5358.834   9.838
   15    1.9259    0.5374    9.6923    2.7045 0.1499      2200.00  577.44  6541.100  14.167
   16    2.3111    0.6449   11.8108    3.2957 0.1499      2200.00  577.44  7959.819  10.200
   17    2.7733    0.7738   14.3530    4.0050 0.1499      2200.00  577.44  9662.281  14.689
   18    3.3279    0.9286   17.4035    4.8563 0.1499      2200.00  577.44 11705.237  10.576
   19    3.9935    1.1143   21.0642    5.8777 0.1499      2200.00  577.44 14156.783  15.229
   20    4.7922    1.3372   25.4571    7.1035 0.1499      2200.00  577.44 17098.639  10.965
   21    5.7506    1.6046   30.7285    8.5744 0.1499      2200.00  577.44 20628.866  15.790
 Bottom                     33.6038    9.3768
 Lower layer of time doubling:   7  9 11 13 15 17 19 21
     3.081 seconds at end of season  162 of  162
 Case  9  DTIME: total, user, system=    3.0805    3.0805    0.0000


     END OF DATA ON INPUT UNIT
      END KRC   Total time [s]=     38.224
