 IDB1:6=           5           2           0           0           0           0
 PORB0 1
 PORB0 2
   4.000000      0.5500000      0.8650615      0.3229325E-01   5.000821    
  0.9340634E-01   1.523671       12882.95       686.9650      0.9229904    
   5.544495       24.62280       0.000000      0.4093198       0.000000    
   0.000000       0.000000       0.000000       6.159676      0.4662921    
  0.4172604E-01  0.6197483       4.381073       0.000000       1.228627    
  0.6619807       0.000000       1.391099      0.1075499     -0.3195100E-01
  0.2263214      -1.246176     -0.5861457     -0.8611114E-01  0.8908045    
  0.4461527     -0.9063585      0.1158813     -0.4063075     -0.4136413    
 -0.4393618      0.7974096      0.9138050     -0.4049719     -0.3095386E-01
  0.4054090      0.9140893      0.9184200E-02  0.2457525E-01 -0.2094154E-01
  0.9994786     -0.3252879     -0.8556869     -0.4024770      0.9456150    
 -0.2943530     -0.1384504      0.7823110E-07  0.4256245     -0.9048999    
 PORB0 3
 PORB0 4
1Default values for all parameters. 19 latitudes with mean Mars elevations        RUN-CASE  1- 0    13 Jan 29 15:36:35   PAGE=  1
--------- TYPE LOC VALUE -------- Parameter changes
 Changed>>   8   0   0.000     masterA.t52
           2 =Run. New Disk file name= masterA.t52
 Changed>>   1  35   4.000     CONVF  CONVF   
 TCARD Exit: IRET=           1          64          20
1Default values for all parameters. 19 latitudes with mean Mars elevations        RUN-CASE  2- 1    13 Jan 29 15:36:35   PAGE=  2
0Input file: master.inp                                                                      
 Print file: krc.prt                                                                         
 Save file: masterA.t52                                                                     
0    ALBEDO     EMISS   INERTIA     COND2     DENS2    PERIOD  SpecHeat   DENSITY
     0.2500    1.0000  200.0000    2.7700  928.0000    1.0275  647.0000 1600.0000
0      CABR       AMW   [ABRPHA    PTOTAL     FANON      TATM     TDEEP   SpHeat2
     0.1100   43.5000   -0.0000  546.0000    0.0550  200.0000  180.0000 1711.0000
0      TAUD     DUSTA    TAURAT     TWILI      ARC2     [ARC3     SLOPE    SLOAZI
     0.3000    0.9000    0.5000      0.00      0.50     -0.00       0.0      90.0
0    TFROST    CFROST    AFROST     FEMIS       AF1       AF2    FROEXT     [FD32
   146.0000  589944.0    0.6500    0.9500   0.54000    0.0009   50.0000    0.0000
0      RLAY      FLAY     CONVF     DEPTH     DRSET       DDT       GGT     DTMAX
     1.2000    0.1800    4.0000    0.0000    0.0000    0.0020    0.1000    0.1000
0      DJUL    DELJUL SOLAR DEC       DAU       L_S    SOLCON      GRAV    Atm_Cp
  10322.330   17.1745    0.0000   1.46500    0.0000 1368.0000    3.7270  735.9000
0    ConUp0    ConUp1    ConUp2    ConUp3    ConLo0    ConLo1    ConLo2    ConLo3
     0.0501   -0.0021    0.0023   -0.0008    2.7667   -1.2990    0.6292   -0.5273
0    SphUp0    SphUp1    SphUp2    SphUp3    SphLo0    SphLo1    SphLo2    SphLo3
   646.6275  246.6678  -49.8216    7.9520 1710.6479  721.8740   57.4487   24.3753
0        N1        N2        N3        N4        N5       N24        IB        IC
         20       384        15        19       120        24         0         7
0     NRSET      NMHA      NRUN     JDISK    [IDOWN    FlxP14    FlxP15     KPREF
          3        24         2        81         0        45        65         1
0     K4OUT     JBARE     Notif    IDISK2
         52         0        20         0
0    LP1    LP2    LP3    LP4    LP5    LP6 LPGLOB   LVFA   LVFT  LKofT
       F      T      F      F      F      F      F      F      F      F
0  LPORB   LKEY    LSC LNOTIF  LOCAL   LD16 LPTAVE  Prt78  Prt79  L_ONE
       T      F      F      F      T      F      F      F      F      F

 Latitudes: 
  -87.50 -80.00 -70.00 -60.00 -50.00 -40.00 -30.00 -20.00 -10.00   0.00
   10.00  20.00  30.00  40.00  50.00  60.00  70.00  80.00  87.50

 Elevations:
    3.51   2.01   1.39   1.22   0.38   0.48   1.17   1.67   1.26   0.17
   -0.94  -1.28  -1.99  -2.51  -3.52  -4.08  -4.51  -4.38  -2.57
1Default values for all parameters. 19 latitudes with mean Mars elevations        RUN-CASE  2- 1    13 Jan 29 15:36:35   PAGE=  3
 Conductiv.= 3.864E-02  Dens*Cp= 1.035E+06  Diffu.= 3.733E-08  Scale= 3.248E-02
 Beginning at layer   7  At   0.0522 m.   Inertia=  2097.2
 Conductiv.= 2.770E+00  Dens*Cp= 1.588E+06  Diffu.= 1.745E-06  Scale= 2.220E-01
0        ___THICKNESS____   _______CENTER_DEPTH_____ CONVERGENCE
 LAYER     scale    meter     scale    meter   kg/m^2   factor
    1    0.1800    0.0058   -0.0900   -0.0029     0.000   0.000
    2    0.2160    0.0070    0.1080    0.0035    11.224   2.851
    3    0.2592    0.0084    0.3456    0.0112    24.693   4.106
    4    0.3110    0.0101    0.6307    0.0205    40.856   5.913
    5    0.3732    0.0121    0.9729    0.0316    60.251   4.257
    6    0.4479    0.0145    1.3834    0.0449    83.525   6.130
    7    3.6745    0.1193    3.4446    0.1119   194.270   4.414
    8    4.4094    0.1432    7.4865    0.2431   327.163   6.356
    9    5.2912    0.1718   12.3369    0.4007   486.635   4.576
   10    6.3495    0.2062   18.1572    0.5897   678.001   6.590
   11    7.6194    0.2475   25.1417    0.8165   907.641   4.745
   12    9.1433    0.2969   33.5230    1.0887  1183.208   6.832
   13   10.9719    0.3563   43.5806    1.4154  1513.889   4.919
   14   13.1663    0.4276   55.6497    1.8073  1910.707   7.084
   15   15.7996    0.5131   70.1326    2.2777  2386.887  10.200
   16   18.9595    0.6158   87.5122    2.8421  2958.304  14.689
   17   22.7514    0.7389  108.3676    3.5195  3644.004  21.152
   18   27.3016    0.8867  133.3941    4.3323  4466.844  30.459
   19   32.7620    1.0640  163.4259    5.3076  5454.252  43.860
   20   39.3144    1.2768  199.4641    6.4780  6639.142  63.159
0Bottom layers for time doubling:      4    6    8   10   12   20
 IDX,JJJ=           4           5          24           7          19          41           0           0           4          30           0
 MMM=          24         168        3192      127680           0           0
 KOMMON,KASE,RASE,MASE,MTOT=    10000000      130872   76.410538              76     9946272
 MSEASa           1           0           0 F         120 F
 TLATSa          15          19           1 T F F
 TLATSa          15          19           2 T F F
 TLATSa          15          19           3 T F F
 TLATSa          15          19           4 T F F
 TLATSa          15          19           5 T F F
 TLATSa          15          19           6 T F F
 TLATSa          15          19           7 T F F
 TLATSa          15          19           8 T F F
 TLATSa          15          19           9 T F F
 TLATSa          15          19          10 T F F
 TLATSa          15          19          11 T F F
 TLATSa          15          19          12 T F F
 TLATSa          15          19          13 T F F
 TLATSa          15          19          14 T F F
 TLATSa          15          19          15 T F F
 TLATSa          15          19          16 T F F
 TLATSa          15          19          17 T F F
 TLATSa          15          19          18 T F F
 TLATSa          15          19          19 T F F
 TLATSa          15          19          20 T F F
 TLATSa          15          19          21 T F F
 TLATSa          15          19          22 T F F
 TLATSa          15          19          23 T F F
 TLATSa          15          19          24 T F F
 TLATSa          15          19          25 T F F
 TLATSa          15          19          26 T F F
 TLATSa          15          19          27 T F F
 TLATSa          15          19          28 T F F
 TLATSa          15          19          29 T F F
 TLATSa          15          19          30 T F F
 TLATSa          15          19          31 T F F
 TLATSa          15          19          32 T F F
 TLATSa          15          19          33 T F F
 TLATSa          15          19          34 T F F
 TLATSa          15          19          35 T F F
 TLATSa          15          19          36 T F F
 TLATSa          15          19          37 T F F
 TLATSa          15          19          38 T F F
 TLATSa          15          19          39 T F F
 TLATSa          15          19          40 T F F
 TLATSa          15          19          41 T F F
 TLATSa          15          19          42 T F F
 TLATSa          15          19          43 T F F
 TLATSa          15          19          44 T F F
 TLATSa          15          19          45 T F F
 TLATSa          15          19          46 T F F
 TLATSa          15          19          47 T F F
 TLATSa          15          19          48 T F F
 TLATSa          15          19          49 T F F
 TLATSa          15          19          50 T F F
 TLATSa          15          19          51 T F F
 TLATSa          15          19          52 T F F
 TLATSa          15          19          53 T F F
 TLATSa          15          19          54 T F F
 TLATSa          15          19          55 T F F
 TLATSa          15          19          56 T F F
 TLATSa          15          19          57 T F F
 TLATSa          15          19          58 T F F
 TLATSa          15          19          59 T F F
 TLATSa          15          19          60 T F F
 TLATSa          15          19          61 T F F
 TLATSa          15          19          62 T F F
 TLATSa          15          19          63 T F F
 TLATSa          15          19          64 T F F
 TLATSa          15          19          65 T F F
 TLATSa          15          19          66 T F F
 TLATSa          15          19          67 T F F
 TLATSa          15          19          68 T F F
 TLATSa          15          19          69 T F F
 TLATSa          15          19          70 T F F
 TLATSa          15          19          71 T F F
 TLATSa          15          19          72 T F F
 TLATSa          15          19          73 T F F
 TLATSa          15          19          74 T F F
 TLATSa          15          19          75 T F F
 TLATSa          15          19          76 T F F
 TLATSa          15          19          77 T F F
 TLATSa          15          19          78 T F F
 TLATSa          15          19          79 T F F
 TLATSa          15          19          80 T F F
 TLATSa          15          19          81 T F F
 TLATSa          15          19          82 T F F
 TLATSa          15          19          83 T F F
 TLATSa          15          19          84 T F F
 TLATSa          15          19          85 T F F
 TLATSa          15          19          86 T F F
 TLATSa          15          19          87 T F F
 TLATSa          15          19          88 T F F
 TLATSa          15          19          89 T F F
 TLATSa          15          19          90 T F F
 TLATSa          15          19          91 T F F
 TLATSa          15          19          92 T F F
 TLATSa          15          19          93 T F F
 TLATSa          15          19          94 T F F
 TLATSa          15          19          95 T F F
 TLATSa          15          19          96 T F F
 TLATSa          15          19          97 T F F
 TLATSa          15          19          98 T F F
 TLATSa          15          19          99 T F F
 TLATSa          15          19         100 T F F
 TLATSa          15          19         101 T F F
 TLATSa          15          19         102 T F F
 TLATSa          15          19         103 T F F
 TLATSa          15          19         104 T F F
 TLATSa          15          19         105 T F F
 TLATSa          15          19         106 T F F
 TLATSa          15          19         107 T F F
 TLATSa          15          19         108 T F F
 TLATSa          15          19         109 T F F
 TLATSa          15          19         110 T F F
 TLATSa          15          19         111 T F F
 TLATSa          15          19         112 T F F
 TLATSa          15          19         113 T F F
 TLATSa          15          19         114 T F F
 TLATSa          15          19         115 T F F
 TLATSa          15          19         116 T F F
 TLATSa          15          19         117 T F F
 TLATSa          15          19         118 T F F
 TLATSa          15          19         119 T F F
 TLATSa          15          19         120 T F F
     2 seconds at end of season  120 of  120
1Default values for all parameters. 19 latitudes with mean Mars elevations        RUN-CASE  2- 1    13 Jan 29 15:36:35   PAGE=  4
--------- TYPE LOC VALUE -------- Parameter changes
 Changed>>   3  10   1.000     LkofT  LKofT 
 TCARD Exit: IRET=           1          64          20
 Case  1  DTIME: total, user, system=    1.2758    1.2698    0.0060
 CCKU/L=  5.00870012E-02 -2.14500003E-03  2.34699994E-03 -7.50000007E-04   2.7667220      -1.2989661      0.62922400     -0.52729100    
 CCPU/L=   646.62750       246.66780      -49.821602       7.9520001       1710.6479       721.87402       57.448730       24.375320    
    T     cond_SpHeat_UPPER_iner    cond_SpHeat__LOWER_iner
  130.0  0.05447  378.47  181.61   4.82986 1089.73 2210.04
  140.0  0.05369  413.34  188.43   4.47857 1157.44 2193.27
  150.0  0.05300  446.82  194.65   4.16518 1225.13 2176.11
  160.0  0.05238  478.97  200.36   3.88652 1292.94 2159.45
  170.0  0.05184  509.84  205.64   3.63942 1361.03 2143.99
  180.0  0.05137  539.48  210.57   3.42073 1429.53 2130.25
  190.0  0.05096  567.93  215.19   3.22728 1498.60 2118.53
  200.0  0.05062  595.24  219.56   3.05590 1568.38 2108.96
  210.0  0.05033  621.45  223.70   2.90344 1639.01 2101.46
  220.0  0.05009  646.63  227.64   2.76672 1710.65 2095.74
  230.0  0.04990  670.80  231.41   2.64259 1783.43 2091.31
  240.0  0.04975  694.03  235.03   2.52788 1857.52 2087.46
  250.0  0.04963  716.36  238.52   2.41943 1933.04 2083.29
  260.0  0.04956  737.83  241.87   2.31406 2010.15 2077.67
  270.0  0.04951  758.50  245.12   2.20863 2088.99 2069.21
  280.0  0.04948  778.41  248.25   2.09997 2169.72 2056.28
  290.0  0.04948  797.61  251.28   1.98490 2252.47 2036.92
  300.0  0.04949  816.15  254.21   1.86028 2337.39 2008.76
  310.0  0.04951  834.07  257.05   1.72293 2424.64 1968.93
  320.0  0.04954  851.43  259.78   1.56969 2514.35 1913.79
           ConUp     ConLo     SphUp     SphLo
  Input   0.03864   2.77000    647.00   1711.00
  T-dep   0.05009   2.76672    646.63   1710.65
1Default values for all parameters. 19 latitudes with mean Mars elevations        RUN-CASE  2- 2    13 Jan 29 15:36:35   PAGE=  5
0Input file: master.inp                                                                      
 Print file: krc.prt                                                                         
 Save file: masterA.t52                                                                     
0    ALBEDO     EMISS   INERTIA     COND2     DENS2    PERIOD  SpecHeat   DENSITY
     0.2500    1.0000  200.0000    2.7700  928.0000    1.0275  647.0000 1600.0000
0      CABR       AMW   [ABRPHA    PTOTAL     FANON      TATM     TDEEP   SpHeat2
     0.1100   43.5000   -0.0000  546.0000    0.0550  200.0000  180.0000 1711.0000
0      TAUD     DUSTA    TAURAT     TWILI      ARC2     [ARC3     SLOPE    SLOAZI
     0.3000    0.9000    0.5000      0.00      0.50     -0.00       0.0      90.0
0    TFROST    CFROST    AFROST     FEMIS       AF1       AF2    FROEXT     [FD32
   146.0000  589944.0    0.6500    0.9500   0.54000    0.0009   50.0000    0.0000
0      RLAY      FLAY     CONVF     DEPTH     DRSET       DDT       GGT     DTMAX
     1.2000    0.1800    4.0000    0.0000    0.0000    0.0020    0.1000    0.1000
0      DJUL    DELJUL SOLAR DEC       DAU       L_S    SOLCON      GRAV    Atm_Cp
  10322.330   17.1745   -3.8850   1.53484  350.8402 1368.0000    3.7270  735.9000
0    ConUp0    ConUp1    ConUp2    ConUp3    ConLo0    ConLo1    ConLo2    ConLo3
     0.0501   -0.0021    0.0023   -0.0008    2.7667   -1.2990    0.6292   -0.5273
0    SphUp0    SphUp1    SphUp2    SphUp3    SphLo0    SphLo1    SphLo2    SphLo3
   646.6275  246.6678  -49.8216    7.9520 1710.6479  721.8740   57.4487   24.3753
0        N1        N2        N3        N4        N5       N24        IB        IC
         20       384        15        19       120        24         0         7
0     NRSET      NMHA      NRUN     JDISK    [IDOWN    FlxP14    FlxP15     KPREF
          3        24         2        81         0        45        65         1
0     K4OUT     JBARE     Notif    IDISK2
         52         0        20         0
0    LP1    LP2    LP3    LP4    LP5    LP6 LPGLOB   LVFA   LVFT  LKofT
       F      T      F      F      F      F      F      F      F      T
0  LPORB   LKEY    LSC LNOTIF  LOCAL   LD16 LPTAVE  Prt78  Prt79  L_ONE
       T      F      F      F      T      F      F      F      F      F

 Latitudes: 
  -87.50 -80.00 -70.00 -60.00 -50.00 -40.00 -30.00 -20.00 -10.00   0.00
   10.00  20.00  30.00  40.00  50.00  60.00  70.00  80.00  87.50

 Elevations:
    3.51   2.01   1.39   1.22   0.38   0.48   1.17   1.67   1.26   0.17
   -0.94  -1.28  -1.99  -2.51  -3.52  -4.08  -4.51  -4.38  -2.57
1Default values for all parameters. 19 latitudes with mean Mars elevations        RUN-CASE  2- 2    13 Jan 29 15:36:35   PAGE=  6
 Conductiv.= 3.864E-02  Dens*Cp= 1.035E+06  Diffu.= 3.733E-08  Scale= 3.248E-02
 Beginning at layer   7  At   0.0522 m.   Inertia=  2097.2
 Conductiv.= 2.770E+00  Dens*Cp= 1.588E+06  Diffu.= 1.745E-06  Scale= 2.220E-01
0        ___THICKNESS____   _______CENTER_DEPTH_____ CONVERGENCE
 LAYER     scale    meter     scale    meter   kg/m^2   factor
    1    0.1800    0.0058   -0.0900   -0.0029     0.000   0.000
    2    0.2160    0.0070    0.1080    0.0035    11.224   2.851
    3    0.2592    0.0084    0.3456    0.0112    24.693   4.106
    4    0.3110    0.0101    0.6307    0.0205    40.856   5.913
    5    0.3732    0.0121    0.9729    0.0316    60.251   4.257
    6    0.4479    0.0145    1.3834    0.0449    83.525   6.130
    7    3.6745    0.1193    3.4446    0.1119   194.270   4.414
    8    4.4094    0.1432    7.4865    0.2431   327.163   6.356
    9    5.2912    0.1718   12.3369    0.4007   486.635   4.576
   10    6.3495    0.2062   18.1572    0.5897   678.001   6.590
   11    7.6194    0.2475   25.1417    0.8165   907.641   4.745
   12    9.1433    0.2969   33.5230    1.0887  1183.208   6.832
   13   10.9719    0.3563   43.5806    1.4154  1513.889   4.919
   14   13.1663    0.4276   55.6497    1.8073  1910.707   7.084
   15   15.7996    0.5131   70.1326    2.2777  2386.887  10.200
   16   18.9595    0.6158   87.5122    2.8421  2958.304  14.689
   17   22.7514    0.7389  108.3676    3.5195  3644.004  21.152
   18   27.3016    0.8867  133.3941    4.3323  4466.844  30.459
   19   32.7620    1.0640  163.4259    5.3076  5454.252  43.860
   20   39.3144    1.2768  199.4641    6.4780  6639.142  63.159
0Bottom layers for time doubling:      4    6    8   10   12   20
 MSEASa           1           1         120 F         120 F
 TLATSa          15          19           1 T F F
 TLATSa          15          19           2 T F F
 TLATSa          15          19           3 T F F
 TLATSa          15          19           4 T F F
 TLATSa          15          19           5 T F F
 TLATSa          15          19           6 T F F
 TLATSa          15          19           7 T F F
 TLATSa          15          19           8 T F F
 TLATSa          15          19           9 T F F
 TLATSa          15          19          10 T F F
 TLATSa          15          19          11 T F F
 TLATSa          15          19          12 T F F
 TLATSa          15          19          13 T F F
 TLATSa          15          19          14 T F F
 TLATSa          15          19          15 T F F
 TLATSa          15          19          16 T F F
 TLATSa          15          19          17 T F F
 TLATSa          15          19          18 T F F
 TLATSa          15          19          19 T F F
 TLATSa          15          19          20 T F F
 TLATSa          15          19          21 T F F
 TLATSa          15          19          22 T F F
 TLATSa          15          19          23 T F F
 TLATSa          15          19          24 T F F
 TLATSa          15          19          25 T F F
 TLATSa          15          19          26 T F F
 TLATSa          15          19          27 T F F
 TLATSa          15          19          28 T F F
 TLATSa          15          19          29 T F F
 TLATSa          15          19          30 T F F
 TLATSa          15          19          31 T F F
 TLATSa          15          19          32 T F F
 TLATSa          15          19          33 T F F
 TLATSa          15          19          34 T F F
 TLATSa          15          19          35 T F F
 TLATSa          15          19          36 T F F
 TLATSa          15          19          37 T F F
 TLATSa          15          19          38 T F F
 TLATSa          15          19          39 T F F
 TLATSa          15          19          40 T F F
 TLATSa          15          19          41 T F F
 TLATSa          15          19          42 T F F
 TLATSa          15          19          43 T F F
 TLATSa          15          19          44 T F F
 TLATSa          15          19          45 T F F
 TLATSa          15          19          46 T F F
 TLATSa          15          19          47 T F F
 TLATSa          15          19          48 T F F
 TLATSa          15          19          49 T F F
 TLATSa          15          19          50 T F F
 TLATSa          15          19          51 T F F
 TLATSa          15          19          52 T F F
 TLATSa          15          19          53 T F F
 TLATSa          15          19          54 T F F
 TLATSa          15          19          55 T F F
 TLATSa          15          19          56 T F F
 TLATSa          15          19          57 T F F
 TLATSa          15          19          58 T F F
 TLATSa          15          19          59 T F F
 TLATSa          15          19          60 T F F
 TLATSa          15          19          61 T F F
 TLATSa          15          19          62 T F F
 TLATSa          15          19          63 T F F
 TLATSa          15          19          64 T F F
 TLATSa          15          19          65 T F F
 TLATSa          15          19          66 T F F
 TLATSa          15          19          67 T F F
 TLATSa          15          19          68 T F F
 TLATSa          15          19          69 T F F
 TLATSa          15          19          70 T F F
 TLATSa          15          19          71 T F F
 TLATSa          15          19          72 T F F
 TLATSa          15          19          73 T F F
 TLATSa          15          19          74 T F F
 TLATSa          15          19          75 T F F
 TLATSa          15          19          76 T F F
 TLATSa          15          19          77 T F F
 TLATSa          15          19          78 T F F
 TLATSa          15          19          79 T F F
 TLATSa          15          19          80 T F F
 TLATSa          15          19          81 T F F
 TLATSa          15          19          82 T F F
 TLATSa          15          19          83 T F F
 TLATSa          15          19          84 T F F
 TLATSa          15          19          85 T F F
 TLATSa          15          19          86 T F F
 TLATSa          15          19          87 T F F
 TLATSa          15          19          88 T F F
 TLATSa          15          19          89 T F F
 TLATSa          15          19          90 T F F
 TLATSa          15          19          91 T F F
 TLATSa          15          19          92 T F F
 TLATSa          15          19          93 T F F
 TLATSa          15          19          94 T F F
 TLATSa          15          19          95 T F F
 TLATSa          15          19          96 T F F
 TLATSa          15          19          97 T F F
 TLATSa          15          19          98 T F F
 TLATSa          15          19          99 T F F
 TLATSa          15          19         100 T F F
 TLATSa          15          19         101 T F F
 TLATSa          15          19         102 T F F
 TLATSa          15          19         103 T F F
 TLATSa          15          19         104 T F F
 TLATSa          15          19         105 T F F
 TLATSa          15          19         106 T F F
 TLATSa          15          19         107 T F F
 TLATSa          15          19         108 T F F
 TLATSa          15          19         109 T F F
 TLATSa          15          19         110 T F F
 TLATSa          15          19         111 T F F
 TLATSa          15          19         112 T F F
 TLATSa          15          19         113 T F F
 TLATSa          15          19         114 T F F
 TLATSa          15          19         115 T F F
 TLATSa          15          19         116 T F F
 TLATSa          15          19         117 T F F
 TLATSa          15          19         118 T F F
 TLATSa          15          19         119 T F F
 TLATSa          15          19         120 T F F
     5 seconds at end of season  120 of  120


     END OF DATA ON INPUT UNIT
 TCARD Exit: IRET=           5          64          20
 Case  2  DTIME: total, user, system=    5.0402    5.0322    0.0080
 CCKU/L=  5.00870012E-02 -2.14500003E-03  2.34699994E-03 -7.50000007E-04   2.7667220      -1.2989661      0.62922400     -0.52729100    
 CCPU/L=   646.62750       246.66780      -49.821602       7.9520001       1710.6479       721.87402       57.448730       24.375320    
    T     cond_SpHeat_UPPER_iner    cond_SpHeat__LOWER_iner
  130.0  0.05447  378.47  181.61   4.82986 1089.73 2210.04
  140.0  0.05369  413.34  188.43   4.47857 1157.44 2193.27
  150.0  0.05300  446.82  194.65   4.16518 1225.13 2176.11
  160.0  0.05238  478.97  200.36   3.88652 1292.94 2159.45
  170.0  0.05184  509.84  205.64   3.63942 1361.03 2143.99
  180.0  0.05137  539.48  210.57   3.42073 1429.53 2130.25
  190.0  0.05096  567.93  215.19   3.22728 1498.60 2118.53
  200.0  0.05062  595.24  219.56   3.05590 1568.38 2108.96
  210.0  0.05033  621.45  223.70   2.90344 1639.01 2101.46
  220.0  0.05009  646.63  227.64   2.76672 1710.65 2095.74
  230.0  0.04990  670.80  231.41   2.64259 1783.43 2091.31
  240.0  0.04975  694.03  235.03   2.52788 1857.52 2087.46
  250.0  0.04963  716.36  238.52   2.41943 1933.04 2083.29
  260.0  0.04956  737.83  241.87   2.31406 2010.15 2077.67
  270.0  0.04951  758.50  245.12   2.20863 2088.99 2069.21
  280.0  0.04948  778.41  248.25   2.09997 2169.72 2056.28
  290.0  0.04948  797.61  251.28   1.98490 2252.47 2036.92
  300.0  0.04949  816.15  254.21   1.86028 2337.39 2008.76
  310.0  0.04951  834.07  257.05   1.72293 2424.64 1968.93
  320.0  0.04954  851.43  259.78   1.56969 2514.35 1913.79
           ConUp     ConLo     SphUp     SphLo
  Input   0.03864   2.77000    647.00   1711.00
  T-dep   0.05009   2.76672    646.63   1710.65
1Default values for all parameters. 19 latitudes with mean Mars elevations        RUN-CASE  2- 3    13 Jan 29 15:36:37   PAGE=  7
0Input file: master.inp                                                                      
 Print file: krc.prt                                                                         
 Save file: masterA.t52                                                                     
0    ALBEDO     EMISS   INERTIA     COND2     DENS2    PERIOD  SpecHeat   DENSITY
     0.2500    1.0000  200.0000    2.7700  928.0000    1.0275  647.0000 1600.0000
0      CABR       AMW   [ABRPHA    PTOTAL     FANON      TATM     TDEEP   SpHeat2
     0.1100   43.5000   -0.0000  546.0000    0.0550  200.0000  180.0000 1711.0000
0      TAUD     DUSTA    TAURAT     TWILI      ARC2     [ARC3     SLOPE    SLOAZI
     0.3000    0.9000    0.5000      0.00      0.50     -0.00       0.0      90.0
0    TFROST    CFROST    AFROST     FEMIS       AF1       AF2    FROEXT     [FD32
   146.0000  589944.0    0.6500    0.9500   0.54000    0.0009   50.0000    0.0000
0      RLAY      FLAY     CONVF     DEPTH     DRSET       DDT       GGT     DTMAX
     1.2000    0.1800    4.0000    0.0000    0.0000    0.0020    0.1000    0.1000
0      DJUL    DELJUL SOLAR DEC       DAU       L_S    SOLCON      GRAV    Atm_Cp
  10322.330   17.1745   -3.8850   1.53484  350.8402 1368.0000    3.7270  735.9000
0    ConUp0    ConUp1    ConUp2    ConUp3    ConLo0    ConLo1    ConLo2    ConLo3
     0.0501   -0.0021    0.0023   -0.0008    2.7667   -1.2990    0.6292   -0.5273
0    SphUp0    SphUp1    SphUp2    SphUp3    SphLo0    SphLo1    SphLo2    SphLo3
   646.6275  246.6678  -49.8216    7.9520 1710.6479  721.8740   57.4487   24.3753
0        N1        N2        N3        N4        N5       N24        IB        IC
         20       384        15        19       120        24         0         7
0     NRSET      NMHA      NRUN     JDISK    [IDOWN    FlxP14    FlxP15     KPREF
          3        24         2        81         0        45        65         1
0     K4OUT     JBARE     Notif    IDISK2
         52         0        20         0
0    LP1    LP2    LP3    LP4    LP5    LP6 LPGLOB   LVFA   LVFT  LKofT
       F      T      F      F      F      F      F      F      F      T
0  LPORB   LKEY    LSC LNOTIF  LOCAL   LD16 LPTAVE  Prt78  Prt79  L_ONE
       T      F      F      F      T      F      F      F      F      F

 Latitudes: 
  -87.50 -80.00 -70.00 -60.00 -50.00 -40.00 -30.00 -20.00 -10.00   0.00
   10.00  20.00  30.00  40.00  50.00  60.00  70.00  80.00  87.50

 Elevations:
    3.51   2.01   1.39   1.22   0.38   0.48   1.17   1.67   1.26   0.17
   -0.94  -1.28  -1.99  -2.51  -3.52  -4.08  -4.51  -4.38  -2.57
1Default values for all parameters. 19 latitudes with mean Mars elevations        RUN-CASE  2- 3    13 Jan 29 15:36:37   PAGE=  8
 Conductiv.= 3.864E-02  Dens*Cp= 1.035E+06  Diffu.= 3.733E-08  Scale= 3.248E-02
 Beginning at layer   7  At   0.0522 m.   Inertia=  2097.2
 Conductiv.= 2.770E+00  Dens*Cp= 1.588E+06  Diffu.= 1.745E-06  Scale= 2.220E-01
0        ___THICKNESS____   _______CENTER_DEPTH_____ CONVERGENCE
 LAYER     scale    meter     scale    meter   kg/m^2   factor
    1    0.1800    0.0058   -0.0900   -0.0029     0.000   0.000
    2    0.2160    0.0070    0.1080    0.0035    11.224   2.851
    3    0.2592    0.0084    0.3456    0.0112    24.693   4.106
    4    0.3110    0.0101    0.6307    0.0205    40.856   5.913
    5    0.3732    0.0121    0.9729    0.0316    60.251   4.257
    6    0.4479    0.0145    1.3834    0.0449    83.525   6.130
    7    3.6745    0.1193    3.4446    0.1119   194.270   4.414
    8    4.4094    0.1432    7.4865    0.2431   327.163   6.356
    9    5.2912    0.1718   12.3369    0.4007   486.635   4.576
   10    6.3495    0.2062   18.1572    0.5897   678.001   6.590
   11    7.6194    0.2475   25.1417    0.8165   907.641   4.745
   12    9.1433    0.2969   33.5230    1.0887  1183.208   6.832
   13   10.9719    0.3563   43.5806    1.4154  1513.889   4.919
   14   13.1663    0.4276   55.6497    1.8073  1910.707   7.084
   15   15.7996    0.5131   70.1326    2.2777  2386.887  10.200
   16   18.9595    0.6158   87.5122    2.8421  2958.304  14.689
   17   22.7514    0.7389  108.3676    3.5195  3644.004  21.152
   18   27.3016    0.8867  133.3941    4.3323  4466.844  30.459
   19   32.7620    1.0640  163.4259    5.3076  5454.252  43.860
   20   39.3144    1.2768  199.4641    6.4780  6639.142  63.159
0Bottom layers for time doubling:      4    6    8   10   12   20
 MSEASa           5           1         120 F         120 F
 TLATSa          15          19         121 T F F
     5 seconds at end of season  121 of  120


     END OF DATA ON INPUT UNIT
 TCARD Exit: IRET=           5          64          20
 Case  3  DTIME: total, user, system=    0.0460    0.0460    0.0000
 CCKU/L=  5.00870012E-02 -2.14500003E-03  2.34699994E-03 -7.50000007E-04   2.7667220      -1.2989661      0.62922400     -0.52729100    
 CCPU/L=   646.62750       246.66780      -49.821602       7.9520001       1710.6479       721.87402       57.448730       24.375320    
    T     cond_SpHeat_UPPER_iner    cond_SpHeat__LOWER_iner
  130.0  0.05447  378.47  181.61   4.82986 1089.73 2210.04
  140.0  0.05369  413.34  188.43   4.47857 1157.44 2193.27
  150.0  0.05300  446.82  194.65   4.16518 1225.13 2176.11
  160.0  0.05238  478.97  200.36   3.88652 1292.94 2159.45
  170.0  0.05184  509.84  205.64   3.63942 1361.03 2143.99
  180.0  0.05137  539.48  210.57   3.42073 1429.53 2130.25
  190.0  0.05096  567.93  215.19   3.22728 1498.60 2118.53
  200.0  0.05062  595.24  219.56   3.05590 1568.38 2108.96
  210.0  0.05033  621.45  223.70   2.90344 1639.01 2101.46
  220.0  0.05009  646.63  227.64   2.76672 1710.65 2095.74
  230.0  0.04990  670.80  231.41   2.64259 1783.43 2091.31
  240.0  0.04975  694.03  235.03   2.52788 1857.52 2087.46
  250.0  0.04963  716.36  238.52   2.41943 1933.04 2083.29
  260.0  0.04956  737.83  241.87   2.31406 2010.15 2077.67
  270.0  0.04951  758.50  245.12   2.20863 2088.99 2069.21
  280.0  0.04948  778.41  248.25   2.09997 2169.72 2056.28
  290.0  0.04948  797.61  251.28   1.98490 2252.47 2036.92
  300.0  0.04949  816.15  254.21   1.86028 2337.39 2008.76
  310.0  0.04951  834.07  257.05   1.72293 2424.64 1968.93
  320.0  0.04954  851.43  259.78   1.56969 2514.35 1913.79
           ConUp     ConLo     SphUp     SphLo
  Input   0.03864   2.77000    647.00   1711.00
  T-dep   0.05009   2.76672    646.63   1710.65
1Default values for all parameters. 19 latitudes with mean Mars elevations        RUN-CASE  2- 4    13 Jan 29 15:36:42   PAGE=  9
0Input file: master.inp                                                                      
 Print file: krc.prt                                                                         
 Save file: masterA.t52                                                                     
0    ALBEDO     EMISS   INERTIA     COND2     DENS2    PERIOD  SpecHeat   DENSITY
     0.2500    1.0000  200.0000    2.7700  928.0000    1.0275  647.0000 1600.0000
0      CABR       AMW   [ABRPHA    PTOTAL     FANON      TATM     TDEEP   SpHeat2
     0.1100   43.5000   -0.0000  546.0000    0.0550  200.0000  180.0000 1711.0000
0      TAUD     DUSTA    TAURAT     TWILI      ARC2     [ARC3     SLOPE    SLOAZI
     0.3000    0.9000    0.5000      0.00      0.50     -0.00       0.0      90.0
0    TFROST    CFROST    AFROST     FEMIS       AF1       AF2    FROEXT     [FD32
   146.0000  589944.0    0.6500    0.9500   0.54000    0.0009   50.0000    0.0000
0      RLAY      FLAY     CONVF     DEPTH     DRSET       DDT       GGT     DTMAX
     1.2000    0.1800    4.0000    0.0000    0.0000    0.0020    0.1000    0.1000
0      DJUL    DELJUL SOLAR DEC       DAU       L_S    SOLCON      GRAV    Atm_Cp
  10322.330   17.1745   -0.1927   1.55658  359.5471 1368.0000    3.7270  735.9000
0    ConUp0    ConUp1    ConUp2    ConUp3    ConLo0    ConLo1    ConLo2    ConLo3
     0.0501   -0.0021    0.0023   -0.0008    2.7667   -1.2990    0.6292   -0.5273
0    SphUp0    SphUp1    SphUp2    SphUp3    SphLo0    SphLo1    SphLo2    SphLo3
   646.6275  246.6678  -49.8216    7.9520 1710.6479  721.8740   57.4487   24.3753
0        N1        N2        N3        N4        N5       N24        IB        IC
         20       384        15        19       120        24         0         7
0     NRSET      NMHA      NRUN     JDISK    [IDOWN    FlxP14    FlxP15     KPREF
          3        24         2        81         0        45        65         1
0     K4OUT     JBARE     Notif    IDISK2
         52         0        20         0
0    LP1    LP2    LP3    LP4    LP5    LP6 LPGLOB   LVFA   LVFT  LKofT
       F      T      F      F      F      F      F      F      F      T
0  LPORB   LKEY    LSC LNOTIF  LOCAL   LD16 LPTAVE  Prt78  Prt79  L_ONE
       T      F      F      F      T      F      F      F      F      F

 Latitudes: 
  -87.50 -80.00 -70.00 -60.00 -50.00 -40.00 -30.00 -20.00 -10.00   0.00
   10.00  20.00  30.00  40.00  50.00  60.00  70.00  80.00  87.50

 Elevations:
    3.51   2.01   1.39   1.22   0.38   0.48   1.17   1.67   1.26   0.17
   -0.94  -1.28  -1.99  -2.51  -3.52  -4.08  -4.51  -4.38  -2.57
1Default values for all parameters. 19 latitudes with mean Mars elevations        RUN-CASE  2- 4    13 Jan 29 15:36:42   PAGE= 10
 Conductiv.= 3.864E-02  Dens*Cp= 1.035E+06  Diffu.= 3.733E-08  Scale= 3.248E-02
 Beginning at layer   7  At   0.0522 m.   Inertia=  2097.2
 Conductiv.= 2.770E+00  Dens*Cp= 1.588E+06  Diffu.= 1.745E-06  Scale= 2.220E-01
0        ___THICKNESS____   _______CENTER_DEPTH_____ CONVERGENCE
 LAYER     scale    meter     scale    meter   kg/m^2   factor
    1    0.1800    0.0058   -0.0900   -0.0029     0.000   0.000
    2    0.2160    0.0070    0.1080    0.0035    11.224   2.851
    3    0.2592    0.0084    0.3456    0.0112    24.693   4.106
    4    0.3110    0.0101    0.6307    0.0205    40.856   5.913
    5    0.3732    0.0121    0.9729    0.0316    60.251   4.257
    6    0.4479    0.0145    1.3834    0.0449    83.525   6.130
    7    3.6745    0.1193    3.4446    0.1119   194.270   4.414
    8    4.4094    0.1432    7.4865    0.2431   327.163   6.356
    9    5.2912    0.1718   12.3369    0.4007   486.635   4.576
   10    6.3495    0.2062   18.1572    0.5897   678.001   6.590
   11    7.6194    0.2475   25.1417    0.8165   907.641   4.745
   12    9.1433    0.2969   33.5230    1.0887  1183.208   6.832
   13   10.9719    0.3563   43.5806    1.4154  1513.889   4.919
   14   13.1663    0.4276   55.6497    1.8073  1910.707   7.084
   15   15.7996    0.5131   70.1326    2.2777  2386.887  10.200
   16   18.9595    0.6158   87.5122    2.8421  2958.304  14.689
   17   22.7514    0.7389  108.3676    3.5195  3644.004  21.152
   18   27.3016    0.8867  133.3941    4.3323  4466.844  30.459
   19   32.7620    1.0640  163.4259    5.3076  5454.252  43.860
   20   39.3144    1.2768  199.4641    6.4780  6639.142  63.159
0Bottom layers for time doubling:      4    6    8   10   12   20
 MSEASa           5           1         121 F         120 F
 TLATSa          15          19         122 T F F
     5 seconds at end of season  122 of  120


     END OF DATA ON INPUT UNIT
 TCARD Exit: IRET=           5          64          20
 Case  4  DTIME: total, user, system=    0.0510    0.0510    0.0000
 CCKU/L=  5.00870012E-02 -2.14500003E-03  2.34699994E-03 -7.50000007E-04   2.7667220      -1.2989661      0.62922400     -0.52729100    
 CCPU/L=   646.62750       246.66780      -49.821602       7.9520001       1710.6479       721.87402       57.448730       24.375320    
    T     cond_SpHeat_UPPER_iner    cond_SpHeat__LOWER_iner
  130.0  0.05447  378.47  181.61   4.82986 1089.73 2210.04
  140.0  0.05369  413.34  188.43   4.47857 1157.44 2193.27
  150.0  0.05300  446.82  194.65   4.16518 1225.13 2176.11
  160.0  0.05238  478.97  200.36   3.88652 1292.94 2159.45
  170.0  0.05184  509.84  205.64   3.63942 1361.03 2143.99
  180.0  0.05137  539.48  210.57   3.42073 1429.53 2130.25
  190.0  0.05096  567.93  215.19   3.22728 1498.60 2118.53
  200.0  0.05062  595.24  219.56   3.05590 1568.38 2108.96
  210.0  0.05033  621.45  223.70   2.90344 1639.01 2101.46
  220.0  0.05009  646.63  227.64   2.76672 1710.65 2095.74
  230.0  0.04990  670.80  231.41   2.64259 1783.43 2091.31
  240.0  0.04975  694.03  235.03   2.52788 1857.52 2087.46
  250.0  0.04963  716.36  238.52   2.41943 1933.04 2083.29
  260.0  0.04956  737.83  241.87   2.31406 2010.15 2077.67
  270.0  0.04951  758.50  245.12   2.20863 2088.99 2069.21
  280.0  0.04948  778.41  248.25   2.09997 2169.72 2056.28
  290.0  0.04948  797.61  251.28   1.98490 2252.47 2036.92
  300.0  0.04949  816.15  254.21   1.86028 2337.39 2008.76
  310.0  0.04951  834.07  257.05   1.72293 2424.64 1968.93
  320.0  0.04954  851.43  259.78   1.56969 2514.35 1913.79
           ConUp     ConLo     SphUp     SphLo
  Input   0.03864   2.77000    647.00   1711.00
  T-dep   0.05009   2.76672    646.63   1710.65
1Default values for all parameters. 19 latitudes with mean Mars elevations        RUN-CASE  2- 5    13 Jan 29 15:36:42   PAGE= 11
0Input file: master.inp                                                                      
 Print file: krc.prt                                                                         
 Save file: masterA.t52                                                                     
0    ALBEDO     EMISS   INERTIA     COND2     DENS2    PERIOD  SpecHeat   DENSITY
     0.2500    1.0000  200.0000    2.7700  928.0000    1.0275  647.0000 1600.0000
0      CABR       AMW   [ABRPHA    PTOTAL     FANON      TATM     TDEEP   SpHeat2
     0.1100   43.5000   -0.0000  546.0000    0.0550  200.0000  180.0000 1711.0000
0      TAUD     DUSTA    TAURAT     TWILI      ARC2     [ARC3     SLOPE    SLOAZI
     0.3000    0.9000    0.5000      0.00      0.50     -0.00       0.0      90.0
0    TFROST    CFROST    AFROST     FEMIS       AF1       AF2    FROEXT     [FD32
