1Best-guess for equitorial values. 2005mar21 HK     9 lats + VL1                  RUN-CASE   1- 0    05 Apr 27 08:00:11   PAGE=  1
0PARAMETER CHANGES
 TYPE LOC VALUE
   2  17   52.00     K4OUT: ts,downvis,downIR
 Changed Integer: K4OUT 
   8   0   0.000     output/modern.t52
 New Disk file name= output/modern.t52
   1   3   270.0     Inertia
 Changed Float: SKRC  
1Best-guess for equitorial values. 2005mar21 HK     9 lats + VL1                  RUN-CASE   1- 1    05 Apr 27 08:00:11   PAGE=  2
0Input file: modern.inp                                                                      
 Print file: modern.prt                                                                      
 Save file: output/modern.t52                                                               
0    ALBEDO     EMISS   INERTIA     COND2     DENS2    PERIOD SPEC_HEAT   DENSITY
     0.2500    1.0000  270.0000    3.4000  928.0000    1.0275  630.0000 1600.0000
0      CABR    ABRAMP    ABRPHA    PTOTAL     FANON      TATM     TDEEP   SpHeat2
     0.1800    0.0000    0.0000  502.0000    0.0550  200.0000  200.0000 1300.0000
0      TAUD     DUSTA    TAURAT     TWILI      ARC2      ARC3     SLOPE    SLOAZI
     0.2000    0.9000    0.5000      1.00      0.50      0.00       0.0      90.0
0    TFROST    CFROST    AFROST     FEMIS       AF1       AF2    FROEXT      ARC6
   146.0000  589944.0    0.6500    0.9500   0.54000    0.0009   50.0000    0.0000
0      RLAY      FLAY     CONVF     DEPTH     DRSET       DDT       GGT     FDOWN
     1.2000    0.1800    2.0000    0.0000    0.0000    0.0020    0.1000    0.0000
0      DJUL    DELJUL SOLAR DEC       DAU       L_S    SOLCON      GRAV    Atm_Cp
  10322.340   17.1745    0.0000   1.46500    0.0000 1368.0000    3.7270  860.0000
0        N1        N2        N3        N4        N5       N24        IB        IC
         19       384        15        10       120        24         0       999
0     NRSET      NMHA      NRUN     JDISK     IDOWN       I14       I15     KPREF
        999        24         1        81         0        45        65         1
0     K4OUT     JBARE     spare     spare
         52         0         5         0
0    LP1    LP2    LP3    LP4    LP5    LP6 LPGLOB   LVFA   LVFT   LD10
       F      T      F      F      F      F      F      T      T      F
0  LPORB   LKEY    LSC LNOTIF  LOCAL   LD16 LPTAVE Prt.78 Prt.79  L_ONE
       T      F      F      T      T      F      F      F      F      F

 Latitudes: 
  -70.00 -45.00 -25.00 -10.00   0.00  10.00  25.00  45.00  70.00  22.00

 Elevations:
    0.00   0.00   0.00   0.00   0.00   0.00   0.00   0.00   0.00  -3.10
1Best-guess for equitorial values. 2005mar21 HK     9 lats + VL1                  RUN-CASE   1- 1    05 Apr 27 08:00:11   PAGE=  3
 Conductiv.= 7.232E-02  Dens*Cp= 1.008E+06  Diffu.= 7.175E-08  Scale= 4.503E-02
0        ___THICKNESS____   _______CENTER_DEPTH_____ CONVERGENCE
 LAYER     scale    meter     scale    meter   kg/m^2   factor
    1    0.1800    0.0081   -0.0900   -0.0041     0.000   0.000
    2    0.2160    0.0097    0.1080    0.0049    15.561   2.851
    3    0.2592    0.0117    0.3456    0.0156    34.235   2.053
    4    0.3110    0.0140    0.6307    0.0284    56.644   2.956
    5    0.3732    0.0168    0.9729    0.0438    83.534   2.129
    6    0.4479    0.0202    1.3834    0.0623   115.802   3.065
    7    0.5375    0.0242    1.8761    0.0845   154.524   2.207
    8    0.6450    0.0290    2.4673    0.1111   200.990   3.178
    9    0.7740    0.0348    3.1768    0.1430   256.750   2.288
   10    0.9288    0.0418    4.0282    0.1814   323.661   3.295
   11    1.1145    0.0502    5.0498    0.2274   403.955   2.372
   12    1.3374    0.0602    6.2758    0.2826   500.307   3.416
   13    1.6049    0.0723    7.7469    0.3488   615.930   2.460
   14    1.9259    0.0867    9.5123    0.4283   754.677   3.542
   15    2.3111    0.1041   11.6308    0.5237   921.174   2.550
   16    2.7733    0.1249   14.1730    0.6382  1120.971   3.672
   17    3.3279    0.1498   17.2235    0.7755  1360.726   5.288
   18    3.9935    0.1798   20.8843    0.9404  1648.433   7.615
   19    4.7922    0.2158   25.2771    1.1382  1993.681  10.965
0Bottom layers for time doubling:      2    4    6    8   10   12   14   19
Initiated custom output: K4OUT= 52
JB5=     5    24     6    10    41     0     0     4    30     0
     2 seconds at end of season  120 of  120


     END OF DATA ON INPUT UNIT
 jb5= 5 24 6 10 41 1 0 4 30 0
 Wrote bin5 file: type and iret=  52 0
   File name=
 output/modern.t52                                                               
      END KRC
